[2025-01-26T21:33:07.736+0000] {local_task_job_runner.py:123} INFO - ::group::Pre task execution logs
[2025-01-26T21:33:07.781+0000] {taskinstance.py:2613} INFO - Dependencies all met for dep_context=non-requeueable deps ti=<TaskInstance: load_gener_data.stg-load scheduled__2025-01-26T21:32:00+00:00 [queued]>
[2025-01-26T21:33:07.801+0000] {taskinstance.py:2613} INFO - Dependencies all met for dep_context=requeueable deps ti=<TaskInstance: load_gener_data.stg-load scheduled__2025-01-26T21:32:00+00:00 [queued]>
[2025-01-26T21:33:07.802+0000] {taskinstance.py:2866} INFO - Starting attempt 1 of 1
[2025-01-26T21:33:07.839+0000] {taskinstance.py:2889} INFO - Executing <Task(PythonOperator): stg-load> on 2025-01-26 21:32:00+00:00
[2025-01-26T21:33:07.855+0000] {warnings.py:112} WARNING - /home/***/.local/lib/python3.12/site-packages/***/task/task_runner/standard_task_runner.py:70: DeprecationWarning: This process (pid=1190) is multi-threaded, use of fork() may lead to deadlocks in the child.
  pid = os.fork()

[2025-01-26T21:33:07.859+0000] {standard_task_runner.py:72} INFO - Started process 1192 to run task
[2025-01-26T21:33:07.861+0000] {standard_task_runner.py:104} INFO - Running: ['***', 'tasks', 'run', 'load_gener_data', 'stg-load', 'scheduled__2025-01-26T21:32:00+00:00', '--job-id', '385', '--raw', '--subdir', 'DAGS_FOLDER/DAG_test_data.py', '--cfg-path', '/tmp/tmpnj2gcpj6']
[2025-01-26T21:33:07.867+0000] {standard_task_runner.py:105} INFO - Job 385: Subtask stg-load
[2025-01-26T21:33:08.014+0000] {task_command.py:467} INFO - Running <TaskInstance: load_gener_data.stg-load scheduled__2025-01-26T21:32:00+00:00 [running]> on host a664bcf281bf
[2025-01-26T21:33:08.668+0000] {taskinstance.py:3132} INFO - Exporting env vars: AIRFLOW_CTX_DAG_OWNER='***' AIRFLOW_CTX_DAG_ID='load_gener_data' AIRFLOW_CTX_TASK_ID='stg-load' AIRFLOW_CTX_EXECUTION_DATE='2025-01-26T21:32:00+00:00' AIRFLOW_CTX_TRY_NUMBER='1' AIRFLOW_CTX_DAG_RUN_ID='scheduled__2025-01-26T21:32:00+00:00'
[2025-01-26T21:33:08.671+0000] {taskinstance.py:731} INFO - ::endgroup::
[2025-01-26T21:33:08.766+0000] {base.py:84} INFO - Retrieving connection 'DB_connect'
[2025-01-26T21:33:08.847+0000] {python.py:240} INFO - Done. Returned value was: None
[2025-01-26T21:33:08.882+0000] {taskinstance.py:340} INFO - ::group::Post task execution logs
[2025-01-26T21:33:08.883+0000] {taskinstance.py:352} INFO - Marking task as SUCCESS. dag_id=load_gener_data, task_id=stg-load, run_id=scheduled__2025-01-26T21:32:00+00:00, execution_date=20250126T213200, start_date=20250126T213307, end_date=20250126T213308
[2025-01-26T21:33:08.983+0000] {local_task_job_runner.py:266} INFO - Task exited with return code 0
[2025-01-26T21:33:09.041+0000] {taskinstance.py:3895} INFO - 0 downstream tasks scheduled from follow-on schedule check
[2025-01-26T21:33:09.044+0000] {local_task_job_runner.py:245} INFO - ::endgroup::
