[2025-01-26T22:05:35.362+0000] {local_task_job_runner.py:123} INFO - ::group::Pre task execution logs
[2025-01-26T22:05:35.419+0000] {taskinstance.py:2613} INFO - Dependencies all met for dep_context=non-requeueable deps ti=<TaskInstance: etl_processing.nds-load scheduled__2025-01-26T22:02:00+00:00 [queued]>
[2025-01-26T22:05:35.447+0000] {taskinstance.py:2613} INFO - Dependencies all met for dep_context=requeueable deps ti=<TaskInstance: etl_processing.nds-load scheduled__2025-01-26T22:02:00+00:00 [queued]>
[2025-01-26T22:05:35.448+0000] {taskinstance.py:2866} INFO - Starting attempt 1 of 1
[2025-01-26T22:05:35.511+0000] {taskinstance.py:2889} INFO - Executing <Task(PythonOperator): nds-load> on 2025-01-26 22:02:00+00:00
[2025-01-26T22:05:35.527+0000] {warnings.py:112} WARNING - /home/***/.local/lib/python3.12/site-packages/***/task/task_runner/standard_task_runner.py:70: DeprecationWarning: This process (pid=1619) is multi-threaded, use of fork() may lead to deadlocks in the child.
  pid = os.fork()

[2025-01-26T22:05:35.531+0000] {standard_task_runner.py:72} INFO - Started process 1621 to run task
[2025-01-26T22:05:35.532+0000] {standard_task_runner.py:104} INFO - Running: ['***', 'tasks', 'run', 'etl_processing', 'nds-load', 'scheduled__2025-01-26T22:02:00+00:00', '--job-id', '408', '--raw', '--subdir', 'DAGS_FOLDER/DAG_etl.py', '--cfg-path', '/tmp/tmpmsb1t3se']
[2025-01-26T22:05:35.539+0000] {standard_task_runner.py:105} INFO - Job 408: Subtask nds-load
[2025-01-26T22:05:35.666+0000] {task_command.py:467} INFO - Running <TaskInstance: etl_processing.nds-load scheduled__2025-01-26T22:02:00+00:00 [running]> on host a664bcf281bf
[2025-01-26T22:05:36.334+0000] {taskinstance.py:3132} INFO - Exporting env vars: AIRFLOW_CTX_DAG_OWNER='***' AIRFLOW_CTX_DAG_ID='etl_processing' AIRFLOW_CTX_TASK_ID='nds-load' AIRFLOW_CTX_EXECUTION_DATE='2025-01-26T22:02:00+00:00' AIRFLOW_CTX_TRY_NUMBER='1' AIRFLOW_CTX_DAG_RUN_ID='scheduled__2025-01-26T22:02:00+00:00'
[2025-01-26T22:05:36.336+0000] {taskinstance.py:731} INFO - ::endgroup::
[2025-01-26T22:05:36.411+0000] {base.py:84} INFO - Retrieving connection 'DB_connect'
[2025-01-26T22:05:36.469+0000] {base.py:84} INFO - Retrieving connection 'DB_connect'
[2025-01-26T22:05:36.620+0000] {base.py:84} INFO - Retrieving connection 'DB_connect'
[2025-01-26T22:05:36.756+0000] {base.py:84} INFO - Retrieving connection 'DB_connect'
[2025-01-26T22:05:36.889+0000] {base.py:84} INFO - Retrieving connection 'DB_connect'
[2025-01-26T22:05:37.053+0000] {base.py:84} INFO - Retrieving connection 'DB_connect'
[2025-01-26T22:05:37.208+0000] {base.py:84} INFO - Retrieving connection 'DB_connect'
[2025-01-26T22:05:37.356+0000] {base.py:84} INFO - Retrieving connection 'DB_connect'
[2025-01-26T22:05:37.555+0000] {base.py:84} INFO - Retrieving connection 'DB_connect'
[2025-01-26T22:05:37.705+0000] {python.py:240} INFO - Done. Returned value was: None
[2025-01-26T22:05:37.740+0000] {taskinstance.py:340} INFO - ::group::Post task execution logs
[2025-01-26T22:05:37.740+0000] {taskinstance.py:352} INFO - Marking task as SUCCESS. dag_id=etl_processing, task_id=nds-load, run_id=scheduled__2025-01-26T22:02:00+00:00, execution_date=20250126T220200, start_date=20250126T220535, end_date=20250126T220537
[2025-01-26T22:05:37.827+0000] {local_task_job_runner.py:266} INFO - Task exited with return code 0
[2025-01-26T22:05:37.922+0000] {taskinstance.py:3895} INFO - 1 downstream tasks scheduled from follow-on schedule check
[2025-01-26T22:05:37.944+0000] {local_task_job_runner.py:245} INFO - ::endgroup::
