[2025-02-02T20:08:03.705+0000] {local_task_job_runner.py:123} INFO - ::group::Pre task execution logs
[2025-02-02T20:08:03.762+0000] {taskinstance.py:2613} INFO - Dependencies all met for dep_context=non-requeueable deps ti=<TaskInstance: etl_processing.schema_create scheduled__2025-02-02T20:06:00+00:00 [queued]>
[2025-02-02T20:08:03.791+0000] {taskinstance.py:2613} INFO - Dependencies all met for dep_context=requeueable deps ti=<TaskInstance: etl_processing.schema_create scheduled__2025-02-02T20:06:00+00:00 [queued]>
[2025-02-02T20:08:03.792+0000] {taskinstance.py:2866} INFO - Starting attempt 1 of 1
[2025-02-02T20:08:03.851+0000] {taskinstance.py:2889} INFO - Executing <Task(SQLExecuteQueryOperator): schema_create> on 2025-02-02 20:06:00+00:00
[2025-02-02T20:08:03.884+0000] {warnings.py:112} WARNING - /home/***/.local/lib/python3.12/site-packages/***/task/task_runner/standard_task_runner.py:70: DeprecationWarning: This process (pid=1538) is multi-threaded, use of fork() may lead to deadlocks in the child.
  pid = os.fork()

[2025-02-02T20:08:03.887+0000] {standard_task_runner.py:72} INFO - Started process 1545 to run task
[2025-02-02T20:08:03.896+0000] {standard_task_runner.py:104} INFO - Running: ['***', 'tasks', 'run', 'etl_processing', 'schema_create', 'scheduled__2025-02-02T20:06:00+00:00', '--job-id', '703', '--raw', '--subdir', 'DAGS_FOLDER/DAG_etl.py', '--cfg-path', '/tmp/tmpws70wjra']
[2025-02-02T20:08:03.902+0000] {standard_task_runner.py:105} INFO - Job 703: Subtask schema_create
[2025-02-02T20:08:04.120+0000] {task_command.py:467} INFO - Running <TaskInstance: etl_processing.schema_create scheduled__2025-02-02T20:06:00+00:00 [running]> on host a664bcf281bf
[2025-02-02T20:08:04.961+0000] {taskinstance.py:3132} INFO - Exporting env vars: AIRFLOW_CTX_DAG_OWNER='***' AIRFLOW_CTX_DAG_ID='etl_processing' AIRFLOW_CTX_TASK_ID='schema_create' AIRFLOW_CTX_EXECUTION_DATE='2025-02-02T20:06:00+00:00' AIRFLOW_CTX_TRY_NUMBER='1' AIRFLOW_CTX_DAG_RUN_ID='scheduled__2025-02-02T20:06:00+00:00'
[2025-02-02T20:08:04.970+0000] {taskinstance.py:731} INFO - ::endgroup::
[2025-02-02T20:08:05.011+0000] {sql.py:278} INFO - Executing: 
    create schema if not exists nds;
    create schema if not exists dds;
    create schema if not exists stg;
[2025-02-02T20:08:05.039+0000] {base.py:84} INFO - Retrieving connection 'DB_connect'
[2025-02-02T20:08:05.073+0000] {base.py:84} INFO - Retrieving connection 'DB_connect'
[2025-02-02T20:08:05.096+0000] {sql.py:544} INFO - Running statement: 
    create schema if not exists nds;
    create schema if not exists dds;
    create schema if not exists stg;, parameters: None
[2025-02-02T20:08:05.140+0000] {taskinstance.py:340} INFO - ::group::Post task execution logs
[2025-02-02T20:08:05.140+0000] {taskinstance.py:352} INFO - Marking task as SUCCESS. dag_id=etl_processing, task_id=schema_create, run_id=scheduled__2025-02-02T20:06:00+00:00, execution_date=20250202T200600, start_date=20250202T200803, end_date=20250202T200805
[2025-02-02T20:08:05.230+0000] {local_task_job_runner.py:266} INFO - Task exited with return code 0
[2025-02-02T20:08:05.346+0000] {taskinstance.py:3895} INFO - 0 downstream tasks scheduled from follow-on schedule check
[2025-02-02T20:08:05.353+0000] {local_task_job_runner.py:245} INFO - ::endgroup::
