[2025-02-02T20:10:07.650+0000] {local_task_job_runner.py:123} INFO - ::group::Pre task execution logs
[2025-02-02T20:10:07.702+0000] {taskinstance.py:2613} INFO - Dependencies all met for dep_context=non-requeueable deps ti=<TaskInstance: etl_processing.nds-load scheduled__2025-02-02T20:08:00+00:00 [queued]>
[2025-02-02T20:10:07.723+0000] {taskinstance.py:2613} INFO - Dependencies all met for dep_context=requeueable deps ti=<TaskInstance: etl_processing.nds-load scheduled__2025-02-02T20:08:00+00:00 [queued]>
[2025-02-02T20:10:07.723+0000] {taskinstance.py:2866} INFO - Starting attempt 1 of 1
[2025-02-02T20:10:07.762+0000] {taskinstance.py:2889} INFO - Executing <Task(PythonOperator): nds-load> on 2025-02-02 20:08:00+00:00
[2025-02-02T20:10:07.781+0000] {warnings.py:112} WARNING - /home/***/.local/lib/python3.12/site-packages/***/task/task_runner/standard_task_runner.py:70: DeprecationWarning: This process (pid=1611) is multi-threaded, use of fork() may lead to deadlocks in the child.
  pid = os.fork()

[2025-02-02T20:10:07.784+0000] {standard_task_runner.py:72} INFO - Started process 1615 to run task
[2025-02-02T20:10:07.786+0000] {standard_task_runner.py:104} INFO - Running: ['***', 'tasks', 'run', 'etl_processing', 'nds-load', 'scheduled__2025-02-02T20:08:00+00:00', '--job-id', '715', '--raw', '--subdir', 'DAGS_FOLDER/DAG_etl.py', '--cfg-path', '/tmp/tmp10cu_kwj']
[2025-02-02T20:10:07.792+0000] {standard_task_runner.py:105} INFO - Job 715: Subtask nds-load
[2025-02-02T20:10:07.908+0000] {task_command.py:467} INFO - Running <TaskInstance: etl_processing.nds-load scheduled__2025-02-02T20:08:00+00:00 [running]> on host a664bcf281bf
[2025-02-02T20:10:08.664+0000] {taskinstance.py:3132} INFO - Exporting env vars: AIRFLOW_CTX_DAG_OWNER='***' AIRFLOW_CTX_DAG_ID='etl_processing' AIRFLOW_CTX_TASK_ID='nds-load' AIRFLOW_CTX_EXECUTION_DATE='2025-02-02T20:08:00+00:00' AIRFLOW_CTX_TRY_NUMBER='1' AIRFLOW_CTX_DAG_RUN_ID='scheduled__2025-02-02T20:08:00+00:00'
[2025-02-02T20:10:08.666+0000] {taskinstance.py:731} INFO - ::endgroup::
[2025-02-02T20:10:08.727+0000] {base.py:84} INFO - Retrieving connection 'DB_connect'
[2025-02-02T20:10:08.773+0000] {base.py:84} INFO - Retrieving connection 'DB_connect'
[2025-02-02T20:10:08.913+0000] {base.py:84} INFO - Retrieving connection 'DB_connect'
[2025-02-02T20:10:09.073+0000] {base.py:84} INFO - Retrieving connection 'DB_connect'
[2025-02-02T20:10:09.191+0000] {base.py:84} INFO - Retrieving connection 'DB_connect'
[2025-02-02T20:10:09.325+0000] {base.py:84} INFO - Retrieving connection 'DB_connect'
[2025-02-02T20:10:09.463+0000] {base.py:84} INFO - Retrieving connection 'DB_connect'
[2025-02-02T20:10:09.604+0000] {base.py:84} INFO - Retrieving connection 'DB_connect'
[2025-02-02T20:10:09.788+0000] {base.py:84} INFO - Retrieving connection 'DB_connect'
[2025-02-02T20:10:09.971+0000] {python.py:240} INFO - Done. Returned value was: None
[2025-02-02T20:10:10.016+0000] {taskinstance.py:340} INFO - ::group::Post task execution logs
[2025-02-02T20:10:10.017+0000] {taskinstance.py:352} INFO - Marking task as SUCCESS. dag_id=etl_processing, task_id=nds-load, run_id=scheduled__2025-02-02T20:08:00+00:00, execution_date=20250202T200800, start_date=20250202T201007, end_date=20250202T201010
[2025-02-02T20:10:10.118+0000] {local_task_job_runner.py:266} INFO - Task exited with return code 0
[2025-02-02T20:10:10.156+0000] {local_task_job_runner.py:245} INFO - ::endgroup::
