[2025-01-31T20:58:17.220+0000] {local_task_job_runner.py:123} INFO - ::group::Pre task execution logs
[2025-01-31T20:58:17.270+0000] {taskinstance.py:2613} INFO - Dependencies all met for dep_context=non-requeueable deps ti=<TaskInstance: etl_processing.nds-load scheduled__2025-01-31T20:56:00+00:00 [queued]>
[2025-01-31T20:58:17.297+0000] {taskinstance.py:2613} INFO - Dependencies all met for dep_context=requeueable deps ti=<TaskInstance: etl_processing.nds-load scheduled__2025-01-31T20:56:00+00:00 [queued]>
[2025-01-31T20:58:17.298+0000] {taskinstance.py:2866} INFO - Starting attempt 1 of 1
[2025-01-31T20:58:17.347+0000] {taskinstance.py:2889} INFO - Executing <Task(PythonOperator): nds-load> on 2025-01-31 20:56:00+00:00
[2025-01-31T20:58:17.362+0000] {warnings.py:112} WARNING - /home/***/.local/lib/python3.12/site-packages/***/task/task_runner/standard_task_runner.py:70: DeprecationWarning: This process (pid=2220) is multi-threaded, use of fork() may lead to deadlocks in the child.
  pid = os.fork()

[2025-01-31T20:58:17.373+0000] {standard_task_runner.py:72} INFO - Started process 2225 to run task
[2025-01-31T20:58:17.370+0000] {standard_task_runner.py:104} INFO - Running: ['***', 'tasks', 'run', 'etl_processing', 'nds-load', 'scheduled__2025-01-31T20:56:00+00:00', '--job-id', '563', '--raw', '--subdir', 'DAGS_FOLDER/DAG_etl.py', '--cfg-path', '/tmp/tmp59d_tj2k']
[2025-01-31T20:58:17.378+0000] {standard_task_runner.py:105} INFO - Job 563: Subtask nds-load
[2025-01-31T20:58:17.542+0000] {task_command.py:467} INFO - Running <TaskInstance: etl_processing.nds-load scheduled__2025-01-31T20:56:00+00:00 [running]> on host a664bcf281bf
[2025-01-31T20:58:18.293+0000] {taskinstance.py:3132} INFO - Exporting env vars: AIRFLOW_CTX_DAG_OWNER='***' AIRFLOW_CTX_DAG_ID='etl_processing' AIRFLOW_CTX_TASK_ID='nds-load' AIRFLOW_CTX_EXECUTION_DATE='2025-01-31T20:56:00+00:00' AIRFLOW_CTX_TRY_NUMBER='1' AIRFLOW_CTX_DAG_RUN_ID='scheduled__2025-01-31T20:56:00+00:00'
[2025-01-31T20:58:18.295+0000] {taskinstance.py:731} INFO - ::endgroup::
[2025-01-31T20:58:18.370+0000] {base.py:84} INFO - Retrieving connection 'DB_connect'
[2025-01-31T20:58:18.442+0000] {base.py:84} INFO - Retrieving connection 'DB_connect'
[2025-01-31T20:58:18.619+0000] {base.py:84} INFO - Retrieving connection 'DB_connect'
[2025-01-31T20:58:18.789+0000] {base.py:84} INFO - Retrieving connection 'DB_connect'
[2025-01-31T20:58:18.940+0000] {base.py:84} INFO - Retrieving connection 'DB_connect'
[2025-01-31T20:58:19.097+0000] {base.py:84} INFO - Retrieving connection 'DB_connect'
[2025-01-31T20:58:19.233+0000] {base.py:84} INFO - Retrieving connection 'DB_connect'
[2025-01-31T20:58:19.377+0000] {base.py:84} INFO - Retrieving connection 'DB_connect'
[2025-01-31T20:58:19.587+0000] {base.py:84} INFO - Retrieving connection 'DB_connect'
[2025-01-31T20:58:19.713+0000] {python.py:240} INFO - Done. Returned value was: None
[2025-01-31T20:58:19.743+0000] {taskinstance.py:340} INFO - ::group::Post task execution logs
[2025-01-31T20:58:19.744+0000] {taskinstance.py:352} INFO - Marking task as SUCCESS. dag_id=etl_processing, task_id=nds-load, run_id=scheduled__2025-01-31T20:56:00+00:00, execution_date=20250131T205600, start_date=20250131T205817, end_date=20250131T205819
[2025-01-31T20:58:19.811+0000] {local_task_job_runner.py:266} INFO - Task exited with return code 0
[2025-01-31T20:58:19.914+0000] {taskinstance.py:3895} INFO - 1 downstream tasks scheduled from follow-on schedule check
[2025-01-31T20:58:19.935+0000] {local_task_job_runner.py:245} INFO - ::endgroup::
