[2025-02-02T20:07:07.942+0000] {local_task_job_runner.py:123} INFO - ::group::Pre task execution logs
[2025-02-02T20:07:07.992+0000] {taskinstance.py:2613} INFO - Dependencies all met for dep_context=non-requeueable deps ti=<TaskInstance: load_gener_data.stg-load scheduled__2025-02-02T20:06:00+00:00 [queued]>
[2025-02-02T20:07:08.011+0000] {taskinstance.py:2613} INFO - Dependencies all met for dep_context=requeueable deps ti=<TaskInstance: load_gener_data.stg-load scheduled__2025-02-02T20:06:00+00:00 [queued]>
[2025-02-02T20:07:08.011+0000] {taskinstance.py:2866} INFO - Starting attempt 1 of 1
[2025-02-02T20:07:08.048+0000] {taskinstance.py:2889} INFO - Executing <Task(PythonOperator): stg-load> on 2025-02-02 20:06:00+00:00
[2025-02-02T20:07:08.063+0000] {warnings.py:112} WARNING - /home/***/.local/lib/python3.12/site-packages/***/task/task_runner/standard_task_runner.py:70: DeprecationWarning: This process (pid=1495) is multi-threaded, use of fork() may lead to deadlocks in the child.
  pid = os.fork()

[2025-02-02T20:07:08.067+0000] {standard_task_runner.py:72} INFO - Started process 1497 to run task
[2025-02-02T20:07:08.069+0000] {standard_task_runner.py:104} INFO - Running: ['***', 'tasks', 'run', 'load_gener_data', 'stg-load', 'scheduled__2025-02-02T20:06:00+00:00', '--job-id', '695', '--raw', '--subdir', 'DAGS_FOLDER/DAG_test_data.py', '--cfg-path', '/tmp/tmpryxsrnan']
[2025-02-02T20:07:08.075+0000] {standard_task_runner.py:105} INFO - Job 695: Subtask stg-load
[2025-02-02T20:07:08.197+0000] {task_command.py:467} INFO - Running <TaskInstance: load_gener_data.stg-load scheduled__2025-02-02T20:06:00+00:00 [running]> on host a664bcf281bf
[2025-02-02T20:07:08.914+0000] {taskinstance.py:3132} INFO - Exporting env vars: AIRFLOW_CTX_DAG_OWNER='***' AIRFLOW_CTX_DAG_ID='load_gener_data' AIRFLOW_CTX_TASK_ID='stg-load' AIRFLOW_CTX_EXECUTION_DATE='2025-02-02T20:06:00+00:00' AIRFLOW_CTX_TRY_NUMBER='1' AIRFLOW_CTX_DAG_RUN_ID='scheduled__2025-02-02T20:06:00+00:00'
[2025-02-02T20:07:08.916+0000] {taskinstance.py:731} INFO - ::endgroup::
[2025-02-02T20:07:09.169+0000] {base.py:84} INFO - Retrieving connection 'DB_connect'
[2025-02-02T20:07:09.245+0000] {python.py:240} INFO - Done. Returned value was: None
[2025-02-02T20:07:09.283+0000] {taskinstance.py:340} INFO - ::group::Post task execution logs
[2025-02-02T20:07:09.284+0000] {taskinstance.py:352} INFO - Marking task as SUCCESS. dag_id=load_gener_data, task_id=stg-load, run_id=scheduled__2025-02-02T20:06:00+00:00, execution_date=20250202T200600, start_date=20250202T200707, end_date=20250202T200709
[2025-02-02T20:07:09.352+0000] {local_task_job_runner.py:266} INFO - Task exited with return code 0
[2025-02-02T20:07:09.409+0000] {taskinstance.py:3895} INFO - 0 downstream tasks scheduled from follow-on schedule check
[2025-02-02T20:07:09.411+0000] {local_task_job_runner.py:245} INFO - ::endgroup::
