[2025-01-26T22:06:08.748+0000] {local_task_job_runner.py:123} INFO - ::group::Pre task execution logs
[2025-01-26T22:06:08.809+0000] {taskinstance.py:2613} INFO - Dependencies all met for dep_context=non-requeueable deps ti=<TaskInstance: etl_processing.nds-load scheduled__2025-01-26T22:04:00+00:00 [queued]>
[2025-01-26T22:06:08.831+0000] {taskinstance.py:2613} INFO - Dependencies all met for dep_context=requeueable deps ti=<TaskInstance: etl_processing.nds-load scheduled__2025-01-26T22:04:00+00:00 [queued]>
[2025-01-26T22:06:08.832+0000] {taskinstance.py:2866} INFO - Starting attempt 1 of 1
[2025-01-26T22:06:08.866+0000] {taskinstance.py:2889} INFO - Executing <Task(PythonOperator): nds-load> on 2025-01-26 22:04:00+00:00
[2025-01-26T22:06:08.883+0000] {warnings.py:112} WARNING - /home/***/.local/lib/python3.12/site-packages/***/task/task_runner/standard_task_runner.py:70: DeprecationWarning: This process (pid=1656) is multi-threaded, use of fork() may lead to deadlocks in the child.
  pid = os.fork()

[2025-01-26T22:06:08.886+0000] {standard_task_runner.py:72} INFO - Started process 1660 to run task
[2025-01-26T22:06:08.887+0000] {standard_task_runner.py:104} INFO - Running: ['***', 'tasks', 'run', 'etl_processing', 'nds-load', 'scheduled__2025-01-26T22:04:00+00:00', '--job-id', '416', '--raw', '--subdir', 'DAGS_FOLDER/DAG_etl.py', '--cfg-path', '/tmp/tmp4s0jx_4g']
[2025-01-26T22:06:08.892+0000] {standard_task_runner.py:105} INFO - Job 416: Subtask nds-load
[2025-01-26T22:06:09.027+0000] {task_command.py:467} INFO - Running <TaskInstance: etl_processing.nds-load scheduled__2025-01-26T22:04:00+00:00 [running]> on host a664bcf281bf
[2025-01-26T22:06:09.657+0000] {taskinstance.py:3132} INFO - Exporting env vars: AIRFLOW_CTX_DAG_OWNER='***' AIRFLOW_CTX_DAG_ID='etl_processing' AIRFLOW_CTX_TASK_ID='nds-load' AIRFLOW_CTX_EXECUTION_DATE='2025-01-26T22:04:00+00:00' AIRFLOW_CTX_TRY_NUMBER='1' AIRFLOW_CTX_DAG_RUN_ID='scheduled__2025-01-26T22:04:00+00:00'
[2025-01-26T22:06:09.659+0000] {taskinstance.py:731} INFO - ::endgroup::
[2025-01-26T22:06:09.748+0000] {base.py:84} INFO - Retrieving connection 'DB_connect'
[2025-01-26T22:06:09.825+0000] {base.py:84} INFO - Retrieving connection 'DB_connect'
[2025-01-26T22:06:09.962+0000] {base.py:84} INFO - Retrieving connection 'DB_connect'
[2025-01-26T22:06:10.116+0000] {base.py:84} INFO - Retrieving connection 'DB_connect'
[2025-01-26T22:06:10.266+0000] {base.py:84} INFO - Retrieving connection 'DB_connect'
[2025-01-26T22:06:10.387+0000] {base.py:84} INFO - Retrieving connection 'DB_connect'
[2025-01-26T22:06:10.522+0000] {base.py:84} INFO - Retrieving connection 'DB_connect'
[2025-01-26T22:06:10.659+0000] {base.py:84} INFO - Retrieving connection 'DB_connect'
[2025-01-26T22:06:10.835+0000] {base.py:84} INFO - Retrieving connection 'DB_connect'
[2025-01-26T22:06:10.962+0000] {python.py:240} INFO - Done. Returned value was: None
[2025-01-26T22:06:10.994+0000] {taskinstance.py:340} INFO - ::group::Post task execution logs
[2025-01-26T22:06:10.995+0000] {taskinstance.py:352} INFO - Marking task as SUCCESS. dag_id=etl_processing, task_id=nds-load, run_id=scheduled__2025-01-26T22:04:00+00:00, execution_date=20250126T220400, start_date=20250126T220608, end_date=20250126T220610
[2025-01-26T22:06:11.074+0000] {local_task_job_runner.py:266} INFO - Task exited with return code 0
[2025-01-26T22:06:11.105+0000] {local_task_job_runner.py:245} INFO - ::endgroup::
