[2025-01-31T22:20:08.762+0000] {local_task_job_runner.py:123} INFO - ::group::Pre task execution logs
[2025-01-31T22:20:08.818+0000] {taskinstance.py:2613} INFO - Dependencies all met for dep_context=non-requeueable deps ti=<TaskInstance: etl_processing.nds-load scheduled__2025-01-31T22:18:00+00:00 [queued]>
[2025-01-31T22:20:08.838+0000] {taskinstance.py:2613} INFO - Dependencies all met for dep_context=requeueable deps ti=<TaskInstance: etl_processing.nds-load scheduled__2025-01-31T22:18:00+00:00 [queued]>
[2025-01-31T22:20:08.838+0000] {taskinstance.py:2866} INFO - Starting attempt 1 of 1
[2025-01-31T22:20:08.882+0000] {taskinstance.py:2889} INFO - Executing <Task(PythonOperator): nds-load> on 2025-01-31 22:18:00+00:00
[2025-01-31T22:20:08.898+0000] {warnings.py:112} WARNING - /home/***/.local/lib/python3.12/site-packages/***/task/task_runner/standard_task_runner.py:70: DeprecationWarning: This process (pid=3569) is multi-threaded, use of fork() may lead to deadlocks in the child.
  pid = os.fork()

[2025-01-31T22:20:08.901+0000] {standard_task_runner.py:72} INFO - Started process 3571 to run task
[2025-01-31T22:20:08.904+0000] {standard_task_runner.py:104} INFO - Running: ['***', 'tasks', 'run', 'etl_processing', 'nds-load', 'scheduled__2025-01-31T22:18:00+00:00', '--job-id', '686', '--raw', '--subdir', 'DAGS_FOLDER/DAG_etl.py', '--cfg-path', '/tmp/tmpwybyle58']
[2025-01-31T22:20:08.909+0000] {standard_task_runner.py:105} INFO - Job 686: Subtask nds-load
[2025-01-31T22:20:09.072+0000] {task_command.py:467} INFO - Running <TaskInstance: etl_processing.nds-load scheduled__2025-01-31T22:18:00+00:00 [running]> on host a664bcf281bf
[2025-01-31T22:20:09.814+0000] {taskinstance.py:3132} INFO - Exporting env vars: AIRFLOW_CTX_DAG_OWNER='***' AIRFLOW_CTX_DAG_ID='etl_processing' AIRFLOW_CTX_TASK_ID='nds-load' AIRFLOW_CTX_EXECUTION_DATE='2025-01-31T22:18:00+00:00' AIRFLOW_CTX_TRY_NUMBER='1' AIRFLOW_CTX_DAG_RUN_ID='scheduled__2025-01-31T22:18:00+00:00'
[2025-01-31T22:20:09.816+0000] {taskinstance.py:731} INFO - ::endgroup::
[2025-01-31T22:20:09.882+0000] {base.py:84} INFO - Retrieving connection 'DB_connect'
[2025-01-31T22:20:09.953+0000] {base.py:84} INFO - Retrieving connection 'DB_connect'
[2025-01-31T22:20:10.077+0000] {base.py:84} INFO - Retrieving connection 'DB_connect'
[2025-01-31T22:20:10.222+0000] {base.py:84} INFO - Retrieving connection 'DB_connect'
[2025-01-31T22:20:10.354+0000] {base.py:84} INFO - Retrieving connection 'DB_connect'
[2025-01-31T22:20:10.504+0000] {base.py:84} INFO - Retrieving connection 'DB_connect'
[2025-01-31T22:20:10.670+0000] {base.py:84} INFO - Retrieving connection 'DB_connect'
[2025-01-31T22:20:10.806+0000] {base.py:84} INFO - Retrieving connection 'DB_connect'
[2025-01-31T22:20:10.985+0000] {base.py:84} INFO - Retrieving connection 'DB_connect'
[2025-01-31T22:20:11.141+0000] {python.py:240} INFO - Done. Returned value was: None
[2025-01-31T22:20:11.184+0000] {taskinstance.py:340} INFO - ::group::Post task execution logs
[2025-01-31T22:20:11.185+0000] {taskinstance.py:352} INFO - Marking task as SUCCESS. dag_id=etl_processing, task_id=nds-load, run_id=scheduled__2025-01-31T22:18:00+00:00, execution_date=20250131T221800, start_date=20250131T222008, end_date=20250131T222011
[2025-01-31T22:20:11.291+0000] {local_task_job_runner.py:266} INFO - Task exited with return code 0
[2025-01-31T22:20:11.775+0000] {taskinstance.py:3895} INFO - 1 downstream tasks scheduled from follow-on schedule check
[2025-01-31T22:20:11.778+0000] {local_task_job_runner.py:245} INFO - ::endgroup::
