[2025-01-27T18:53:22.781+0000] {processor.py:186} INFO - Started process (PID=81) to work on /opt/airflow/dags/DAG_etl.py
[2025-01-27T18:53:22.783+0000] {processor.py:914} INFO - Processing file /opt/airflow/dags/DAG_etl.py for tasks to queue
[2025-01-27T18:53:22.789+0000] {logging_mixin.py:190} INFO - [2025-01-27T18:53:22.788+0000] {dagbag.py:588} INFO - Filling up the DagBag from /opt/airflow/dags/DAG_etl.py
[2025-01-27T18:53:33.382+0000] {processor.py:925} INFO - DAG(s) 'etl_processing' retrieved from /opt/airflow/dags/DAG_etl.py
[2025-01-27T18:53:34.467+0000] {logging_mixin.py:190} INFO - [2025-01-27T18:53:34.465+0000] {dag.py:3239} INFO - Sync 1 DAGs
[2025-01-27T18:53:34.639+0000] {logging_mixin.py:190} INFO - [2025-01-27T18:53:34.638+0000] {dag.py:4180} INFO - Setting next_dagrun for etl_processing to 2025-01-27 18:50:00+00:00, run_after=2025-01-27 18:52:00+00:00
[2025-01-27T18:53:34.736+0000] {processor.py:208} INFO - Processing /opt/airflow/dags/DAG_etl.py took 11.976 seconds
[2025-01-27T18:54:05.196+0000] {processor.py:186} INFO - Started process (PID=95) to work on /opt/airflow/dags/DAG_etl.py
[2025-01-27T18:54:05.211+0000] {processor.py:914} INFO - Processing file /opt/airflow/dags/DAG_etl.py for tasks to queue
[2025-01-27T18:54:05.217+0000] {logging_mixin.py:190} INFO - [2025-01-27T18:54:05.216+0000] {dagbag.py:588} INFO - Filling up the DagBag from /opt/airflow/dags/DAG_etl.py
[2025-01-27T18:54:06.782+0000] {processor.py:925} INFO - DAG(s) 'etl_processing' retrieved from /opt/airflow/dags/DAG_etl.py
[2025-01-27T18:54:07.138+0000] {logging_mixin.py:190} INFO - [2025-01-27T18:54:07.137+0000] {dag.py:3239} INFO - Sync 1 DAGs
[2025-01-27T18:54:07.249+0000] {logging_mixin.py:190} INFO - [2025-01-27T18:54:07.249+0000] {dag.py:4180} INFO - Setting next_dagrun for etl_processing to 2025-01-27 18:52:00+00:00, run_after=2025-01-27 18:54:00+00:00
[2025-01-27T18:54:08.358+0000] {processor.py:208} INFO - Processing /opt/airflow/dags/DAG_etl.py took 3.181 seconds
[2025-01-27T18:54:38.622+0000] {processor.py:186} INFO - Started process (PID=114) to work on /opt/airflow/dags/DAG_etl.py
[2025-01-27T18:54:38.636+0000] {processor.py:914} INFO - Processing file /opt/airflow/dags/DAG_etl.py for tasks to queue
[2025-01-27T18:54:38.642+0000] {logging_mixin.py:190} INFO - [2025-01-27T18:54:38.642+0000] {dagbag.py:588} INFO - Filling up the DagBag from /opt/airflow/dags/DAG_etl.py
[2025-01-27T18:54:40.071+0000] {processor.py:925} INFO - DAG(s) 'etl_processing' retrieved from /opt/airflow/dags/DAG_etl.py
[2025-01-27T18:54:40.385+0000] {logging_mixin.py:190} INFO - [2025-01-27T18:54:40.383+0000] {dag.py:3239} INFO - Sync 1 DAGs
[2025-01-27T18:54:40.450+0000] {logging_mixin.py:190} INFO - [2025-01-27T18:54:40.450+0000] {dag.py:4180} INFO - Setting next_dagrun for etl_processing to 2025-01-27 18:52:00+00:00, run_after=2025-01-27 18:54:00+00:00
[2025-01-27T18:54:40.497+0000] {processor.py:208} INFO - Processing /opt/airflow/dags/DAG_etl.py took 1.902 seconds
[2025-01-27T18:55:10.580+0000] {processor.py:186} INFO - Started process (PID=127) to work on /opt/airflow/dags/DAG_etl.py
[2025-01-27T18:55:10.589+0000] {processor.py:914} INFO - Processing file /opt/airflow/dags/DAG_etl.py for tasks to queue
[2025-01-27T18:55:10.595+0000] {logging_mixin.py:190} INFO - [2025-01-27T18:55:10.594+0000] {dagbag.py:588} INFO - Filling up the DagBag from /opt/airflow/dags/DAG_etl.py
[2025-01-27T18:55:12.193+0000] {processor.py:925} INFO - DAG(s) 'etl_processing' retrieved from /opt/airflow/dags/DAG_etl.py
[2025-01-27T18:55:12.569+0000] {logging_mixin.py:190} INFO - [2025-01-27T18:55:12.567+0000] {dag.py:3239} INFO - Sync 1 DAGs
[2025-01-27T18:55:12.654+0000] {logging_mixin.py:190} INFO - [2025-01-27T18:55:12.654+0000] {dag.py:4180} INFO - Setting next_dagrun for etl_processing to 2025-01-27 18:52:00+00:00, run_after=2025-01-27 18:54:00+00:00
[2025-01-27T18:55:12.706+0000] {processor.py:208} INFO - Processing /opt/airflow/dags/DAG_etl.py took 2.146 seconds
[2025-01-27T18:55:43.571+0000] {processor.py:186} INFO - Started process (PID=140) to work on /opt/airflow/dags/DAG_etl.py
[2025-01-27T18:55:43.597+0000] {processor.py:914} INFO - Processing file /opt/airflow/dags/DAG_etl.py for tasks to queue
[2025-01-27T18:55:43.604+0000] {logging_mixin.py:190} INFO - [2025-01-27T18:55:43.603+0000] {dagbag.py:588} INFO - Filling up the DagBag from /opt/airflow/dags/DAG_etl.py
[2025-01-27T18:55:45.121+0000] {processor.py:925} INFO - DAG(s) 'etl_processing' retrieved from /opt/airflow/dags/DAG_etl.py
[2025-01-27T18:55:45.468+0000] {logging_mixin.py:190} INFO - [2025-01-27T18:55:45.466+0000] {dag.py:3239} INFO - Sync 1 DAGs
[2025-01-27T18:55:45.547+0000] {logging_mixin.py:190} INFO - [2025-01-27T18:55:45.546+0000] {dag.py:4180} INFO - Setting next_dagrun for etl_processing to 2025-01-27 18:52:00+00:00, run_after=2025-01-27 18:54:00+00:00
[2025-01-27T18:55:45.832+0000] {processor.py:208} INFO - Processing /opt/airflow/dags/DAG_etl.py took 2.287 seconds
[2025-01-27T18:56:16.032+0000] {processor.py:186} INFO - Started process (PID=157) to work on /opt/airflow/dags/DAG_etl.py
[2025-01-27T18:56:16.046+0000] {processor.py:914} INFO - Processing file /opt/airflow/dags/DAG_etl.py for tasks to queue
[2025-01-27T18:56:16.053+0000] {logging_mixin.py:190} INFO - [2025-01-27T18:56:16.052+0000] {dagbag.py:588} INFO - Filling up the DagBag from /opt/airflow/dags/DAG_etl.py
[2025-01-27T18:56:17.342+0000] {processor.py:925} INFO - DAG(s) 'etl_processing' retrieved from /opt/airflow/dags/DAG_etl.py
[2025-01-27T18:56:17.779+0000] {logging_mixin.py:190} INFO - [2025-01-27T18:56:17.777+0000] {dag.py:3239} INFO - Sync 1 DAGs
[2025-01-27T18:56:17.876+0000] {logging_mixin.py:190} INFO - [2025-01-27T18:56:17.876+0000] {dag.py:4180} INFO - Setting next_dagrun for etl_processing to 2025-01-27 18:54:00+00:00, run_after=2025-01-27 18:56:00+00:00
[2025-01-27T18:56:17.927+0000] {processor.py:208} INFO - Processing /opt/airflow/dags/DAG_etl.py took 1.920 seconds
[2025-01-27T18:56:48.065+0000] {processor.py:186} INFO - Started process (PID=174) to work on /opt/airflow/dags/DAG_etl.py
[2025-01-27T18:56:48.081+0000] {processor.py:914} INFO - Processing file /opt/airflow/dags/DAG_etl.py for tasks to queue
[2025-01-27T18:56:48.088+0000] {logging_mixin.py:190} INFO - [2025-01-27T18:56:48.087+0000] {dagbag.py:588} INFO - Filling up the DagBag from /opt/airflow/dags/DAG_etl.py
[2025-01-27T18:56:49.302+0000] {processor.py:925} INFO - DAG(s) 'etl_processing' retrieved from /opt/airflow/dags/DAG_etl.py
[2025-01-27T18:56:49.688+0000] {logging_mixin.py:190} INFO - [2025-01-27T18:56:49.687+0000] {dag.py:3239} INFO - Sync 1 DAGs
[2025-01-27T18:56:49.771+0000] {logging_mixin.py:190} INFO - [2025-01-27T18:56:49.770+0000] {dag.py:4180} INFO - Setting next_dagrun for etl_processing to 2025-01-27 18:54:00+00:00, run_after=2025-01-27 18:56:00+00:00
[2025-01-27T18:56:49.822+0000] {processor.py:208} INFO - Processing /opt/airflow/dags/DAG_etl.py took 1.781 seconds
[2025-01-27T18:57:20.546+0000] {processor.py:186} INFO - Started process (PID=187) to work on /opt/airflow/dags/DAG_etl.py
[2025-01-27T18:57:20.548+0000] {processor.py:914} INFO - Processing file /opt/airflow/dags/DAG_etl.py for tasks to queue
[2025-01-27T18:57:20.554+0000] {logging_mixin.py:190} INFO - [2025-01-27T18:57:20.553+0000] {dagbag.py:588} INFO - Filling up the DagBag from /opt/airflow/dags/DAG_etl.py
[2025-01-27T18:57:21.725+0000] {processor.py:925} INFO - DAG(s) 'etl_processing' retrieved from /opt/airflow/dags/DAG_etl.py
[2025-01-27T18:57:22.112+0000] {logging_mixin.py:190} INFO - [2025-01-27T18:57:22.111+0000] {dag.py:3239} INFO - Sync 1 DAGs
[2025-01-27T18:57:22.183+0000] {logging_mixin.py:190} INFO - [2025-01-27T18:57:22.182+0000] {dag.py:4180} INFO - Setting next_dagrun for etl_processing to 2025-01-27 18:54:00+00:00, run_after=2025-01-27 18:56:00+00:00
[2025-01-27T18:57:22.222+0000] {processor.py:208} INFO - Processing /opt/airflow/dags/DAG_etl.py took 1.700 seconds
[2025-01-27T18:57:52.461+0000] {processor.py:186} INFO - Started process (PID=201) to work on /opt/airflow/dags/DAG_etl.py
[2025-01-27T18:57:52.463+0000] {processor.py:914} INFO - Processing file /opt/airflow/dags/DAG_etl.py for tasks to queue
[2025-01-27T18:57:52.472+0000] {logging_mixin.py:190} INFO - [2025-01-27T18:57:52.471+0000] {dagbag.py:588} INFO - Filling up the DagBag from /opt/airflow/dags/DAG_etl.py
[2025-01-27T18:57:53.620+0000] {processor.py:925} INFO - DAG(s) 'etl_processing' retrieved from /opt/airflow/dags/DAG_etl.py
[2025-01-27T18:57:53.996+0000] {logging_mixin.py:190} INFO - [2025-01-27T18:57:53.995+0000] {dag.py:3239} INFO - Sync 1 DAGs
[2025-01-27T18:57:54.064+0000] {logging_mixin.py:190} INFO - [2025-01-27T18:57:54.064+0000] {dag.py:4180} INFO - Setting next_dagrun for etl_processing to 2025-01-27 18:54:00+00:00, run_after=2025-01-27 18:56:00+00:00
[2025-01-27T18:57:54.108+0000] {processor.py:208} INFO - Processing /opt/airflow/dags/DAG_etl.py took 1.670 seconds
[2025-01-27T18:58:24.791+0000] {processor.py:186} INFO - Started process (PID=214) to work on /opt/airflow/dags/DAG_etl.py
[2025-01-27T18:58:24.805+0000] {processor.py:914} INFO - Processing file /opt/airflow/dags/DAG_etl.py for tasks to queue
[2025-01-27T18:58:24.812+0000] {logging_mixin.py:190} INFO - [2025-01-27T18:58:24.812+0000] {dagbag.py:588} INFO - Filling up the DagBag from /opt/airflow/dags/DAG_etl.py
[2025-01-27T18:58:25.924+0000] {processor.py:925} INFO - DAG(s) 'etl_processing' retrieved from /opt/airflow/dags/DAG_etl.py
[2025-01-27T18:58:26.272+0000] {logging_mixin.py:190} INFO - [2025-01-27T18:58:26.271+0000] {dag.py:3239} INFO - Sync 1 DAGs
[2025-01-27T18:58:26.344+0000] {logging_mixin.py:190} INFO - [2025-01-27T18:58:26.343+0000] {dag.py:4180} INFO - Setting next_dagrun for etl_processing to 2025-01-27 18:56:00+00:00, run_after=2025-01-27 18:58:00+00:00
[2025-01-27T18:58:26.384+0000] {processor.py:208} INFO - Processing /opt/airflow/dags/DAG_etl.py took 1.612 seconds
[2025-01-27T18:58:56.681+0000] {processor.py:186} INFO - Started process (PID=227) to work on /opt/airflow/dags/DAG_etl.py
[2025-01-27T18:58:56.683+0000] {processor.py:914} INFO - Processing file /opt/airflow/dags/DAG_etl.py for tasks to queue
[2025-01-27T18:58:56.692+0000] {logging_mixin.py:190} INFO - [2025-01-27T18:58:56.691+0000] {dagbag.py:588} INFO - Filling up the DagBag from /opt/airflow/dags/DAG_etl.py
[2025-01-27T18:58:57.945+0000] {processor.py:925} INFO - DAG(s) 'etl_processing' retrieved from /opt/airflow/dags/DAG_etl.py
[2025-01-27T18:58:58.312+0000] {logging_mixin.py:190} INFO - [2025-01-27T18:58:58.310+0000] {dag.py:3239} INFO - Sync 1 DAGs
[2025-01-27T18:58:58.390+0000] {logging_mixin.py:190} INFO - [2025-01-27T18:58:58.390+0000] {dag.py:4180} INFO - Setting next_dagrun for etl_processing to 2025-01-27 18:56:00+00:00, run_after=2025-01-27 18:58:00+00:00
[2025-01-27T18:58:58.432+0000] {processor.py:208} INFO - Processing /opt/airflow/dags/DAG_etl.py took 1.789 seconds
[2025-01-27T18:59:28.734+0000] {processor.py:186} INFO - Started process (PID=240) to work on /opt/airflow/dags/DAG_etl.py
[2025-01-27T18:59:28.736+0000] {processor.py:914} INFO - Processing file /opt/airflow/dags/DAG_etl.py for tasks to queue
[2025-01-27T18:59:28.745+0000] {logging_mixin.py:190} INFO - [2025-01-27T18:59:28.744+0000] {dagbag.py:588} INFO - Filling up the DagBag from /opt/airflow/dags/DAG_etl.py
[2025-01-27T18:59:29.961+0000] {processor.py:925} INFO - DAG(s) 'etl_processing' retrieved from /opt/airflow/dags/DAG_etl.py
[2025-01-27T18:59:30.325+0000] {logging_mixin.py:190} INFO - [2025-01-27T18:59:30.324+0000] {dag.py:3239} INFO - Sync 1 DAGs
[2025-01-27T18:59:30.394+0000] {logging_mixin.py:190} INFO - [2025-01-27T18:59:30.393+0000] {dag.py:4180} INFO - Setting next_dagrun for etl_processing to 2025-01-27 18:56:00+00:00, run_after=2025-01-27 18:58:00+00:00
[2025-01-27T18:59:30.442+0000] {processor.py:208} INFO - Processing /opt/airflow/dags/DAG_etl.py took 1.731 seconds
[2025-01-27T19:00:00.701+0000] {processor.py:186} INFO - Started process (PID=253) to work on /opt/airflow/dags/DAG_etl.py
[2025-01-27T19:00:00.704+0000] {processor.py:914} INFO - Processing file /opt/airflow/dags/DAG_etl.py for tasks to queue
[2025-01-27T19:00:00.712+0000] {logging_mixin.py:190} INFO - [2025-01-27T19:00:00.711+0000] {dagbag.py:588} INFO - Filling up the DagBag from /opt/airflow/dags/DAG_etl.py
[2025-01-27T19:00:01.909+0000] {processor.py:925} INFO - DAG(s) 'etl_processing' retrieved from /opt/airflow/dags/DAG_etl.py
[2025-01-27T19:00:02.300+0000] {logging_mixin.py:190} INFO - [2025-01-27T19:00:02.299+0000] {dag.py:3239} INFO - Sync 1 DAGs
[2025-01-27T19:00:02.381+0000] {logging_mixin.py:190} INFO - [2025-01-27T19:00:02.381+0000] {dag.py:4180} INFO - Setting next_dagrun for etl_processing to 2025-01-27 18:58:00+00:00, run_after=2025-01-27 19:00:00+00:00
[2025-01-27T19:00:02.468+0000] {processor.py:208} INFO - Processing /opt/airflow/dags/DAG_etl.py took 1.800 seconds
[2025-01-27T19:00:32.663+0000] {processor.py:186} INFO - Started process (PID=266) to work on /opt/airflow/dags/DAG_etl.py
[2025-01-27T19:00:32.666+0000] {processor.py:914} INFO - Processing file /opt/airflow/dags/DAG_etl.py for tasks to queue
[2025-01-27T19:00:32.676+0000] {logging_mixin.py:190} INFO - [2025-01-27T19:00:32.675+0000] {dagbag.py:588} INFO - Filling up the DagBag from /opt/airflow/dags/DAG_etl.py
[2025-01-27T19:00:33.869+0000] {processor.py:925} INFO - DAG(s) 'etl_processing' retrieved from /opt/airflow/dags/DAG_etl.py
[2025-01-27T19:00:34.236+0000] {logging_mixin.py:190} INFO - [2025-01-27T19:00:34.235+0000] {dag.py:3239} INFO - Sync 1 DAGs
[2025-01-27T19:00:34.326+0000] {logging_mixin.py:190} INFO - [2025-01-27T19:00:34.325+0000] {dag.py:4180} INFO - Setting next_dagrun for etl_processing to 2025-01-27 18:58:00+00:00, run_after=2025-01-27 19:00:00+00:00
[2025-01-27T19:00:34.371+0000] {processor.py:208} INFO - Processing /opt/airflow/dags/DAG_etl.py took 1.729 seconds
[2025-01-27T19:01:04.599+0000] {processor.py:186} INFO - Started process (PID=279) to work on /opt/airflow/dags/DAG_etl.py
[2025-01-27T19:01:04.601+0000] {processor.py:914} INFO - Processing file /opt/airflow/dags/DAG_etl.py for tasks to queue
[2025-01-27T19:01:04.610+0000] {logging_mixin.py:190} INFO - [2025-01-27T19:01:04.609+0000] {dagbag.py:588} INFO - Filling up the DagBag from /opt/airflow/dags/DAG_etl.py
[2025-01-27T19:01:05.761+0000] {processor.py:925} INFO - DAG(s) 'etl_processing' retrieved from /opt/airflow/dags/DAG_etl.py
[2025-01-27T19:01:06.152+0000] {logging_mixin.py:190} INFO - [2025-01-27T19:01:06.151+0000] {dag.py:3239} INFO - Sync 1 DAGs
[2025-01-27T19:01:06.247+0000] {logging_mixin.py:190} INFO - [2025-01-27T19:01:06.246+0000] {dag.py:4180} INFO - Setting next_dagrun for etl_processing to 2025-01-27 18:58:00+00:00, run_after=2025-01-27 19:00:00+00:00
[2025-01-27T19:01:06.290+0000] {processor.py:208} INFO - Processing /opt/airflow/dags/DAG_etl.py took 1.717 seconds
[2025-01-27T19:01:36.481+0000] {processor.py:186} INFO - Started process (PID=292) to work on /opt/airflow/dags/DAG_etl.py
[2025-01-27T19:01:36.483+0000] {processor.py:914} INFO - Processing file /opt/airflow/dags/DAG_etl.py for tasks to queue
[2025-01-27T19:01:36.492+0000] {logging_mixin.py:190} INFO - [2025-01-27T19:01:36.491+0000] {dagbag.py:588} INFO - Filling up the DagBag from /opt/airflow/dags/DAG_etl.py
[2025-01-27T19:01:37.630+0000] {processor.py:925} INFO - DAG(s) 'etl_processing' retrieved from /opt/airflow/dags/DAG_etl.py
[2025-01-27T19:01:37.974+0000] {logging_mixin.py:190} INFO - [2025-01-27T19:01:37.973+0000] {dag.py:3239} INFO - Sync 1 DAGs
[2025-01-27T19:01:38.048+0000] {logging_mixin.py:190} INFO - [2025-01-27T19:01:38.048+0000] {dag.py:4180} INFO - Setting next_dagrun for etl_processing to 2025-01-27 18:58:00+00:00, run_after=2025-01-27 19:00:00+00:00
[2025-01-27T19:01:38.087+0000] {processor.py:208} INFO - Processing /opt/airflow/dags/DAG_etl.py took 1.636 seconds
[2025-01-27T19:02:08.374+0000] {processor.py:186} INFO - Started process (PID=305) to work on /opt/airflow/dags/DAG_etl.py
[2025-01-27T19:02:08.376+0000] {processor.py:914} INFO - Processing file /opt/airflow/dags/DAG_etl.py for tasks to queue
[2025-01-27T19:02:08.384+0000] {logging_mixin.py:190} INFO - [2025-01-27T19:02:08.383+0000] {dagbag.py:588} INFO - Filling up the DagBag from /opt/airflow/dags/DAG_etl.py
[2025-01-27T19:02:09.520+0000] {processor.py:925} INFO - DAG(s) 'etl_processing' retrieved from /opt/airflow/dags/DAG_etl.py
[2025-01-27T19:02:09.846+0000] {logging_mixin.py:190} INFO - [2025-01-27T19:02:09.845+0000] {dag.py:3239} INFO - Sync 1 DAGs
[2025-01-27T19:02:09.913+0000] {logging_mixin.py:190} INFO - [2025-01-27T19:02:09.913+0000] {dag.py:4180} INFO - Setting next_dagrun for etl_processing to 2025-01-27 19:00:00+00:00, run_after=2025-01-27 19:02:00+00:00
[2025-01-27T19:02:09.949+0000] {processor.py:208} INFO - Processing /opt/airflow/dags/DAG_etl.py took 1.597 seconds
[2025-01-27T19:02:40.565+0000] {processor.py:186} INFO - Started process (PID=318) to work on /opt/airflow/dags/DAG_etl.py
[2025-01-27T19:02:40.567+0000] {processor.py:914} INFO - Processing file /opt/airflow/dags/DAG_etl.py for tasks to queue
[2025-01-27T19:02:40.575+0000] {logging_mixin.py:190} INFO - [2025-01-27T19:02:40.574+0000] {dagbag.py:588} INFO - Filling up the DagBag from /opt/airflow/dags/DAG_etl.py
[2025-01-27T19:02:41.826+0000] {processor.py:925} INFO - DAG(s) 'etl_processing' retrieved from /opt/airflow/dags/DAG_etl.py
[2025-01-27T19:02:42.195+0000] {logging_mixin.py:190} INFO - [2025-01-27T19:02:42.194+0000] {dag.py:3239} INFO - Sync 1 DAGs
[2025-01-27T19:02:42.283+0000] {logging_mixin.py:190} INFO - [2025-01-27T19:02:42.282+0000] {dag.py:4180} INFO - Setting next_dagrun for etl_processing to 2025-01-27 19:00:00+00:00, run_after=2025-01-27 19:02:00+00:00
[2025-01-27T19:02:42.328+0000] {processor.py:208} INFO - Processing /opt/airflow/dags/DAG_etl.py took 1.787 seconds
[2025-01-27T19:03:12.735+0000] {processor.py:186} INFO - Started process (PID=337) to work on /opt/airflow/dags/DAG_etl.py
[2025-01-27T19:03:12.737+0000] {processor.py:914} INFO - Processing file /opt/airflow/dags/DAG_etl.py for tasks to queue
[2025-01-27T19:03:12.745+0000] {logging_mixin.py:190} INFO - [2025-01-27T19:03:12.744+0000] {dagbag.py:588} INFO - Filling up the DagBag from /opt/airflow/dags/DAG_etl.py
[2025-01-27T19:03:13.825+0000] {processor.py:925} INFO - DAG(s) 'etl_processing' retrieved from /opt/airflow/dags/DAG_etl.py
[2025-01-27T19:03:14.161+0000] {logging_mixin.py:190} INFO - [2025-01-27T19:03:14.159+0000] {dag.py:3239} INFO - Sync 1 DAGs
[2025-01-27T19:03:14.231+0000] {logging_mixin.py:190} INFO - [2025-01-27T19:03:14.230+0000] {dag.py:4180} INFO - Setting next_dagrun for etl_processing to 2025-01-27 19:00:00+00:00, run_after=2025-01-27 19:02:00+00:00
[2025-01-27T19:03:14.266+0000] {processor.py:208} INFO - Processing /opt/airflow/dags/DAG_etl.py took 1.555 seconds
[2025-01-27T19:03:44.527+0000] {processor.py:186} INFO - Started process (PID=351) to work on /opt/airflow/dags/DAG_etl.py
[2025-01-27T19:03:44.529+0000] {processor.py:914} INFO - Processing file /opt/airflow/dags/DAG_etl.py for tasks to queue
[2025-01-27T19:03:44.537+0000] {logging_mixin.py:190} INFO - [2025-01-27T19:03:44.536+0000] {dagbag.py:588} INFO - Filling up the DagBag from /opt/airflow/dags/DAG_etl.py
[2025-01-27T19:03:45.667+0000] {processor.py:925} INFO - DAG(s) 'etl_processing' retrieved from /opt/airflow/dags/DAG_etl.py
[2025-01-27T19:03:46.013+0000] {logging_mixin.py:190} INFO - [2025-01-27T19:03:46.012+0000] {dag.py:3239} INFO - Sync 1 DAGs
[2025-01-27T19:03:46.083+0000] {logging_mixin.py:190} INFO - [2025-01-27T19:03:46.082+0000] {dag.py:4180} INFO - Setting next_dagrun for etl_processing to 2025-01-27 19:00:00+00:00, run_after=2025-01-27 19:02:00+00:00
[2025-01-27T19:03:46.120+0000] {processor.py:208} INFO - Processing /opt/airflow/dags/DAG_etl.py took 1.619 seconds
[2025-01-27T19:04:16.324+0000] {processor.py:186} INFO - Started process (PID=364) to work on /opt/airflow/dags/DAG_etl.py
[2025-01-27T19:04:16.326+0000] {processor.py:914} INFO - Processing file /opt/airflow/dags/DAG_etl.py for tasks to queue
[2025-01-27T19:04:16.335+0000] {logging_mixin.py:190} INFO - [2025-01-27T19:04:16.334+0000] {dagbag.py:588} INFO - Filling up the DagBag from /opt/airflow/dags/DAG_etl.py
[2025-01-27T19:04:17.489+0000] {processor.py:925} INFO - DAG(s) 'etl_processing' retrieved from /opt/airflow/dags/DAG_etl.py
[2025-01-27T19:04:17.837+0000] {logging_mixin.py:190} INFO - [2025-01-27T19:04:17.836+0000] {dag.py:3239} INFO - Sync 1 DAGs
[2025-01-27T19:04:17.931+0000] {logging_mixin.py:190} INFO - [2025-01-27T19:04:17.931+0000] {dag.py:4180} INFO - Setting next_dagrun for etl_processing to 2025-01-27 19:02:00+00:00, run_after=2025-01-27 19:04:00+00:00
[2025-01-27T19:04:17.971+0000] {processor.py:208} INFO - Processing /opt/airflow/dags/DAG_etl.py took 1.676 seconds
[2025-01-27T19:04:48.489+0000] {processor.py:186} INFO - Started process (PID=377) to work on /opt/airflow/dags/DAG_etl.py
[2025-01-27T19:04:48.491+0000] {processor.py:914} INFO - Processing file /opt/airflow/dags/DAG_etl.py for tasks to queue
[2025-01-27T19:04:48.500+0000] {logging_mixin.py:190} INFO - [2025-01-27T19:04:48.499+0000] {dagbag.py:588} INFO - Filling up the DagBag from /opt/airflow/dags/DAG_etl.py
[2025-01-27T19:04:49.660+0000] {processor.py:925} INFO - DAG(s) 'etl_processing' retrieved from /opt/airflow/dags/DAG_etl.py
[2025-01-27T19:04:50.036+0000] {logging_mixin.py:190} INFO - [2025-01-27T19:04:50.035+0000] {dag.py:3239} INFO - Sync 1 DAGs
[2025-01-27T19:04:50.121+0000] {logging_mixin.py:190} INFO - [2025-01-27T19:04:50.120+0000] {dag.py:4180} INFO - Setting next_dagrun for etl_processing to 2025-01-27 19:02:00+00:00, run_after=2025-01-27 19:04:00+00:00
[2025-01-27T19:04:50.161+0000] {processor.py:208} INFO - Processing /opt/airflow/dags/DAG_etl.py took 1.699 seconds
[2025-01-27T19:05:20.557+0000] {processor.py:186} INFO - Started process (PID=390) to work on /opt/airflow/dags/DAG_etl.py
[2025-01-27T19:05:20.559+0000] {processor.py:914} INFO - Processing file /opt/airflow/dags/DAG_etl.py for tasks to queue
[2025-01-27T19:05:20.567+0000] {logging_mixin.py:190} INFO - [2025-01-27T19:05:20.566+0000] {dagbag.py:588} INFO - Filling up the DagBag from /opt/airflow/dags/DAG_etl.py
[2025-01-27T19:05:21.732+0000] {processor.py:925} INFO - DAG(s) 'etl_processing' retrieved from /opt/airflow/dags/DAG_etl.py
[2025-01-27T19:05:22.080+0000] {logging_mixin.py:190} INFO - [2025-01-27T19:05:22.078+0000] {dag.py:3239} INFO - Sync 1 DAGs
[2025-01-27T19:05:22.156+0000] {logging_mixin.py:190} INFO - [2025-01-27T19:05:22.155+0000] {dag.py:4180} INFO - Setting next_dagrun for etl_processing to 2025-01-27 19:02:00+00:00, run_after=2025-01-27 19:04:00+00:00
[2025-01-27T19:05:22.195+0000] {processor.py:208} INFO - Processing /opt/airflow/dags/DAG_etl.py took 1.662 seconds
[2025-01-27T19:05:52.592+0000] {processor.py:186} INFO - Started process (PID=403) to work on /opt/airflow/dags/DAG_etl.py
[2025-01-27T19:05:52.594+0000] {processor.py:914} INFO - Processing file /opt/airflow/dags/DAG_etl.py for tasks to queue
[2025-01-27T19:05:52.604+0000] {logging_mixin.py:190} INFO - [2025-01-27T19:05:52.602+0000] {dagbag.py:588} INFO - Filling up the DagBag from /opt/airflow/dags/DAG_etl.py
[2025-01-27T19:05:53.731+0000] {processor.py:925} INFO - DAG(s) 'etl_processing' retrieved from /opt/airflow/dags/DAG_etl.py
[2025-01-27T19:05:54.105+0000] {logging_mixin.py:190} INFO - [2025-01-27T19:05:54.105+0000] {dag.py:3239} INFO - Sync 1 DAGs
[2025-01-27T19:05:54.183+0000] {logging_mixin.py:190} INFO - [2025-01-27T19:05:54.183+0000] {dag.py:4180} INFO - Setting next_dagrun for etl_processing to 2025-01-27 19:02:00+00:00, run_after=2025-01-27 19:04:00+00:00
[2025-01-27T19:05:54.230+0000] {processor.py:208} INFO - Processing /opt/airflow/dags/DAG_etl.py took 1.668 seconds
[2025-01-27T19:06:24.636+0000] {processor.py:186} INFO - Started process (PID=417) to work on /opt/airflow/dags/DAG_etl.py
[2025-01-27T19:06:24.639+0000] {processor.py:914} INFO - Processing file /opt/airflow/dags/DAG_etl.py for tasks to queue
[2025-01-27T19:06:24.647+0000] {logging_mixin.py:190} INFO - [2025-01-27T19:06:24.646+0000] {dagbag.py:588} INFO - Filling up the DagBag from /opt/airflow/dags/DAG_etl.py
[2025-01-27T19:06:25.741+0000] {processor.py:925} INFO - DAG(s) 'etl_processing' retrieved from /opt/airflow/dags/DAG_etl.py
[2025-01-27T19:06:26.070+0000] {logging_mixin.py:190} INFO - [2025-01-27T19:06:26.069+0000] {dag.py:3239} INFO - Sync 1 DAGs
[2025-01-27T19:06:26.135+0000] {logging_mixin.py:190} INFO - [2025-01-27T19:06:26.134+0000] {dag.py:4180} INFO - Setting next_dagrun for etl_processing to 2025-01-27 19:04:00+00:00, run_after=2025-01-27 19:06:00+00:00
[2025-01-27T19:06:26.171+0000] {processor.py:208} INFO - Processing /opt/airflow/dags/DAG_etl.py took 1.560 seconds
[2025-01-27T19:06:56.627+0000] {processor.py:186} INFO - Started process (PID=431) to work on /opt/airflow/dags/DAG_etl.py
[2025-01-27T19:06:56.629+0000] {processor.py:914} INFO - Processing file /opt/airflow/dags/DAG_etl.py for tasks to queue
[2025-01-27T19:06:56.638+0000] {logging_mixin.py:190} INFO - [2025-01-27T19:06:56.637+0000] {dagbag.py:588} INFO - Filling up the DagBag from /opt/airflow/dags/DAG_etl.py
[2025-01-27T19:06:57.817+0000] {processor.py:925} INFO - DAG(s) 'etl_processing' retrieved from /opt/airflow/dags/DAG_etl.py
[2025-01-27T19:06:58.184+0000] {logging_mixin.py:190} INFO - [2025-01-27T19:06:58.183+0000] {dag.py:3239} INFO - Sync 1 DAGs
[2025-01-27T19:06:58.257+0000] {logging_mixin.py:190} INFO - [2025-01-27T19:06:58.256+0000] {dag.py:4180} INFO - Setting next_dagrun for etl_processing to 2025-01-27 19:04:00+00:00, run_after=2025-01-27 19:06:00+00:00
[2025-01-27T19:06:58.296+0000] {processor.py:208} INFO - Processing /opt/airflow/dags/DAG_etl.py took 1.707 seconds
[2025-01-27T19:07:29.222+0000] {processor.py:186} INFO - Started process (PID=444) to work on /opt/airflow/dags/DAG_etl.py
[2025-01-27T19:07:29.224+0000] {processor.py:914} INFO - Processing file /opt/airflow/dags/DAG_etl.py for tasks to queue
[2025-01-27T19:07:29.232+0000] {logging_mixin.py:190} INFO - [2025-01-27T19:07:29.231+0000] {dagbag.py:588} INFO - Filling up the DagBag from /opt/airflow/dags/DAG_etl.py
[2025-01-27T19:07:30.391+0000] {processor.py:925} INFO - DAG(s) 'etl_processing' retrieved from /opt/airflow/dags/DAG_etl.py
[2025-01-27T19:07:30.745+0000] {logging_mixin.py:190} INFO - [2025-01-27T19:07:30.744+0000] {dag.py:3239} INFO - Sync 1 DAGs
[2025-01-27T19:07:30.821+0000] {logging_mixin.py:190} INFO - [2025-01-27T19:07:30.820+0000] {dag.py:4180} INFO - Setting next_dagrun for etl_processing to 2025-01-27 19:04:00+00:00, run_after=2025-01-27 19:06:00+00:00
[2025-01-27T19:07:30.865+0000] {processor.py:208} INFO - Processing /opt/airflow/dags/DAG_etl.py took 1.668 seconds
[2025-01-27T19:08:01.771+0000] {processor.py:186} INFO - Started process (PID=457) to work on /opt/airflow/dags/DAG_etl.py
[2025-01-27T19:08:01.773+0000] {processor.py:914} INFO - Processing file /opt/airflow/dags/DAG_etl.py for tasks to queue
[2025-01-27T19:08:01.782+0000] {logging_mixin.py:190} INFO - [2025-01-27T19:08:01.781+0000] {dagbag.py:588} INFO - Filling up the DagBag from /opt/airflow/dags/DAG_etl.py
[2025-01-27T19:08:03.035+0000] {processor.py:925} INFO - DAG(s) 'etl_processing' retrieved from /opt/airflow/dags/DAG_etl.py
[2025-01-27T19:08:03.420+0000] {logging_mixin.py:190} INFO - [2025-01-27T19:08:03.419+0000] {dag.py:3239} INFO - Sync 1 DAGs
[2025-01-27T19:08:03.501+0000] {logging_mixin.py:190} INFO - [2025-01-27T19:08:03.500+0000] {dag.py:4180} INFO - Setting next_dagrun for etl_processing to 2025-01-27 19:06:00+00:00, run_after=2025-01-27 19:08:00+00:00
[2025-01-27T19:08:03.577+0000] {processor.py:208} INFO - Processing /opt/airflow/dags/DAG_etl.py took 1.831 seconds
[2025-01-27T19:08:34.297+0000] {processor.py:186} INFO - Started process (PID=470) to work on /opt/airflow/dags/DAG_etl.py
[2025-01-27T19:08:34.299+0000] {processor.py:914} INFO - Processing file /opt/airflow/dags/DAG_etl.py for tasks to queue
[2025-01-27T19:08:34.306+0000] {logging_mixin.py:190} INFO - [2025-01-27T19:08:34.305+0000] {dagbag.py:588} INFO - Filling up the DagBag from /opt/airflow/dags/DAG_etl.py
[2025-01-27T19:08:35.449+0000] {processor.py:925} INFO - DAG(s) 'etl_processing' retrieved from /opt/airflow/dags/DAG_etl.py
[2025-01-27T19:08:35.803+0000] {logging_mixin.py:190} INFO - [2025-01-27T19:08:35.802+0000] {dag.py:3239} INFO - Sync 1 DAGs
[2025-01-27T19:08:35.870+0000] {logging_mixin.py:190} INFO - [2025-01-27T19:08:35.869+0000] {dag.py:4180} INFO - Setting next_dagrun for etl_processing to 2025-01-27 19:06:00+00:00, run_after=2025-01-27 19:08:00+00:00
[2025-01-27T19:08:35.909+0000] {processor.py:208} INFO - Processing /opt/airflow/dags/DAG_etl.py took 1.642 seconds
[2025-01-27T19:09:06.250+0000] {processor.py:186} INFO - Started process (PID=484) to work on /opt/airflow/dags/DAG_etl.py
[2025-01-27T19:09:06.252+0000] {processor.py:914} INFO - Processing file /opt/airflow/dags/DAG_etl.py for tasks to queue
[2025-01-27T19:09:06.259+0000] {logging_mixin.py:190} INFO - [2025-01-27T19:09:06.258+0000] {dagbag.py:588} INFO - Filling up the DagBag from /opt/airflow/dags/DAG_etl.py
[2025-01-27T19:09:07.395+0000] {processor.py:925} INFO - DAG(s) 'etl_processing' retrieved from /opt/airflow/dags/DAG_etl.py
[2025-01-27T19:09:07.748+0000] {logging_mixin.py:190} INFO - [2025-01-27T19:09:07.746+0000] {dag.py:3239} INFO - Sync 1 DAGs
[2025-01-27T19:09:07.820+0000] {logging_mixin.py:190} INFO - [2025-01-27T19:09:07.820+0000] {dag.py:4180} INFO - Setting next_dagrun for etl_processing to 2025-01-27 19:06:00+00:00, run_after=2025-01-27 19:08:00+00:00
[2025-01-27T19:09:07.858+0000] {processor.py:208} INFO - Processing /opt/airflow/dags/DAG_etl.py took 1.648 seconds
[2025-01-27T19:09:38.103+0000] {processor.py:186} INFO - Started process (PID=497) to work on /opt/airflow/dags/DAG_etl.py
[2025-01-27T19:09:38.106+0000] {processor.py:914} INFO - Processing file /opt/airflow/dags/DAG_etl.py for tasks to queue
[2025-01-27T19:09:38.113+0000] {logging_mixin.py:190} INFO - [2025-01-27T19:09:38.112+0000] {dagbag.py:588} INFO - Filling up the DagBag from /opt/airflow/dags/DAG_etl.py
[2025-01-27T19:09:39.301+0000] {processor.py:925} INFO - DAG(s) 'etl_processing' retrieved from /opt/airflow/dags/DAG_etl.py
[2025-01-27T19:09:39.667+0000] {logging_mixin.py:190} INFO - [2025-01-27T19:09:39.666+0000] {dag.py:3239} INFO - Sync 1 DAGs
[2025-01-27T19:09:39.745+0000] {logging_mixin.py:190} INFO - [2025-01-27T19:09:39.745+0000] {dag.py:4180} INFO - Setting next_dagrun for etl_processing to 2025-01-27 19:06:00+00:00, run_after=2025-01-27 19:08:00+00:00
[2025-01-27T19:09:39.791+0000] {processor.py:208} INFO - Processing /opt/airflow/dags/DAG_etl.py took 1.721 seconds
[2025-01-27T19:10:10.347+0000] {processor.py:186} INFO - Started process (PID=510) to work on /opt/airflow/dags/DAG_etl.py
[2025-01-27T19:10:10.349+0000] {processor.py:914} INFO - Processing file /opt/airflow/dags/DAG_etl.py for tasks to queue
[2025-01-27T19:10:10.355+0000] {logging_mixin.py:190} INFO - [2025-01-27T19:10:10.354+0000] {dagbag.py:588} INFO - Filling up the DagBag from /opt/airflow/dags/DAG_etl.py
[2025-01-27T19:10:11.548+0000] {processor.py:925} INFO - DAG(s) 'etl_processing' retrieved from /opt/airflow/dags/DAG_etl.py
[2025-01-27T19:10:11.938+0000] {logging_mixin.py:190} INFO - [2025-01-27T19:10:11.937+0000] {dag.py:3239} INFO - Sync 1 DAGs
[2025-01-27T19:10:12.011+0000] {logging_mixin.py:190} INFO - [2025-01-27T19:10:12.010+0000] {dag.py:4180} INFO - Setting next_dagrun for etl_processing to 2025-01-27 19:08:00+00:00, run_after=2025-01-27 19:10:00+00:00
[2025-01-27T19:10:12.054+0000] {processor.py:208} INFO - Processing /opt/airflow/dags/DAG_etl.py took 1.733 seconds
[2025-01-27T19:10:42.302+0000] {processor.py:186} INFO - Started process (PID=524) to work on /opt/airflow/dags/DAG_etl.py
[2025-01-27T19:10:42.305+0000] {processor.py:914} INFO - Processing file /opt/airflow/dags/DAG_etl.py for tasks to queue
[2025-01-27T19:10:42.311+0000] {logging_mixin.py:190} INFO - [2025-01-27T19:10:42.310+0000] {dagbag.py:588} INFO - Filling up the DagBag from /opt/airflow/dags/DAG_etl.py
[2025-01-27T19:10:43.529+0000] {processor.py:925} INFO - DAG(s) 'etl_processing' retrieved from /opt/airflow/dags/DAG_etl.py
[2025-01-27T19:10:43.888+0000] {logging_mixin.py:190} INFO - [2025-01-27T19:10:43.887+0000] {dag.py:3239} INFO - Sync 1 DAGs
[2025-01-27T19:10:43.963+0000] {logging_mixin.py:190} INFO - [2025-01-27T19:10:43.963+0000] {dag.py:4180} INFO - Setting next_dagrun for etl_processing to 2025-01-27 19:08:00+00:00, run_after=2025-01-27 19:10:00+00:00
[2025-01-27T19:10:44.009+0000] {processor.py:208} INFO - Processing /opt/airflow/dags/DAG_etl.py took 1.733 seconds
[2025-01-27T19:11:14.676+0000] {processor.py:186} INFO - Started process (PID=537) to work on /opt/airflow/dags/DAG_etl.py
[2025-01-27T19:11:14.678+0000] {processor.py:914} INFO - Processing file /opt/airflow/dags/DAG_etl.py for tasks to queue
[2025-01-27T19:11:14.685+0000] {logging_mixin.py:190} INFO - [2025-01-27T19:11:14.684+0000] {dagbag.py:588} INFO - Filling up the DagBag from /opt/airflow/dags/DAG_etl.py
[2025-01-27T19:11:15.958+0000] {processor.py:925} INFO - DAG(s) 'etl_processing' retrieved from /opt/airflow/dags/DAG_etl.py
[2025-01-27T19:11:16.339+0000] {logging_mixin.py:190} INFO - [2025-01-27T19:11:16.338+0000] {dag.py:3239} INFO - Sync 1 DAGs
[2025-01-27T19:11:16.427+0000] {logging_mixin.py:190} INFO - [2025-01-27T19:11:16.427+0000] {dag.py:4180} INFO - Setting next_dagrun for etl_processing to 2025-01-27 19:08:00+00:00, run_after=2025-01-27 19:10:00+00:00
[2025-01-27T19:11:16.481+0000] {processor.py:208} INFO - Processing /opt/airflow/dags/DAG_etl.py took 1.833 seconds
[2025-01-27T19:11:46.622+0000] {processor.py:186} INFO - Started process (PID=556) to work on /opt/airflow/dags/DAG_etl.py
[2025-01-27T19:11:46.624+0000] {processor.py:914} INFO - Processing file /opt/airflow/dags/DAG_etl.py for tasks to queue
[2025-01-27T19:11:46.631+0000] {logging_mixin.py:190} INFO - [2025-01-27T19:11:46.630+0000] {dagbag.py:588} INFO - Filling up the DagBag from /opt/airflow/dags/DAG_etl.py
[2025-01-27T19:11:47.919+0000] {processor.py:925} INFO - DAG(s) 'etl_processing' retrieved from /opt/airflow/dags/DAG_etl.py
[2025-01-27T19:11:48.334+0000] {logging_mixin.py:190} INFO - [2025-01-27T19:11:48.333+0000] {dag.py:3239} INFO - Sync 1 DAGs
[2025-01-27T19:11:48.417+0000] {logging_mixin.py:190} INFO - [2025-01-27T19:11:48.416+0000] {dag.py:4180} INFO - Setting next_dagrun for etl_processing to 2025-01-27 19:08:00+00:00, run_after=2025-01-27 19:10:00+00:00
[2025-01-27T19:11:48.471+0000] {processor.py:208} INFO - Processing /opt/airflow/dags/DAG_etl.py took 1.877 seconds
[2025-01-27T19:12:18.910+0000] {processor.py:186} INFO - Started process (PID=569) to work on /opt/airflow/dags/DAG_etl.py
[2025-01-27T19:12:18.912+0000] {processor.py:914} INFO - Processing file /opt/airflow/dags/DAG_etl.py for tasks to queue
[2025-01-27T19:12:18.919+0000] {logging_mixin.py:190} INFO - [2025-01-27T19:12:18.918+0000] {dagbag.py:588} INFO - Filling up the DagBag from /opt/airflow/dags/DAG_etl.py
[2025-01-27T19:12:20.149+0000] {processor.py:925} INFO - DAG(s) 'etl_processing' retrieved from /opt/airflow/dags/DAG_etl.py
[2025-01-27T19:12:20.554+0000] {logging_mixin.py:190} INFO - [2025-01-27T19:12:20.553+0000] {dag.py:3239} INFO - Sync 1 DAGs
[2025-01-27T19:12:20.632+0000] {logging_mixin.py:190} INFO - [2025-01-27T19:12:20.631+0000] {dag.py:4180} INFO - Setting next_dagrun for etl_processing to 2025-01-27 19:10:00+00:00, run_after=2025-01-27 19:12:00+00:00
[2025-01-27T19:12:20.681+0000] {processor.py:208} INFO - Processing /opt/airflow/dags/DAG_etl.py took 1.794 seconds
[2025-01-27T19:12:51.338+0000] {processor.py:186} INFO - Started process (PID=582) to work on /opt/airflow/dags/DAG_etl.py
[2025-01-27T19:12:51.340+0000] {processor.py:914} INFO - Processing file /opt/airflow/dags/DAG_etl.py for tasks to queue
[2025-01-27T19:12:51.348+0000] {logging_mixin.py:190} INFO - [2025-01-27T19:12:51.347+0000] {dagbag.py:588} INFO - Filling up the DagBag from /opt/airflow/dags/DAG_etl.py
[2025-01-27T19:12:52.578+0000] {processor.py:925} INFO - DAG(s) 'etl_processing' retrieved from /opt/airflow/dags/DAG_etl.py
[2025-01-27T19:12:52.960+0000] {logging_mixin.py:190} INFO - [2025-01-27T19:12:52.959+0000] {dag.py:3239} INFO - Sync 1 DAGs
[2025-01-27T19:12:53.047+0000] {logging_mixin.py:190} INFO - [2025-01-27T19:12:53.047+0000] {dag.py:4180} INFO - Setting next_dagrun for etl_processing to 2025-01-27 19:10:00+00:00, run_after=2025-01-27 19:12:00+00:00
[2025-01-27T19:12:53.091+0000] {processor.py:208} INFO - Processing /opt/airflow/dags/DAG_etl.py took 1.777 seconds
[2025-01-27T19:13:23.435+0000] {processor.py:186} INFO - Started process (PID=595) to work on /opt/airflow/dags/DAG_etl.py
[2025-01-27T19:13:23.437+0000] {processor.py:914} INFO - Processing file /opt/airflow/dags/DAG_etl.py for tasks to queue
[2025-01-27T19:13:23.443+0000] {logging_mixin.py:190} INFO - [2025-01-27T19:13:23.442+0000] {dagbag.py:588} INFO - Filling up the DagBag from /opt/airflow/dags/DAG_etl.py
[2025-01-27T19:13:24.853+0000] {processor.py:925} INFO - DAG(s) 'etl_processing' retrieved from /opt/airflow/dags/DAG_etl.py
[2025-01-27T19:13:25.239+0000] {logging_mixin.py:190} INFO - [2025-01-27T19:13:25.237+0000] {dag.py:3239} INFO - Sync 1 DAGs
[2025-01-27T19:13:25.330+0000] {logging_mixin.py:190} INFO - [2025-01-27T19:13:25.329+0000] {dag.py:4180} INFO - Setting next_dagrun for etl_processing to 2025-01-27 19:10:00+00:00, run_after=2025-01-27 19:12:00+00:00
[2025-01-27T19:13:25.374+0000] {processor.py:208} INFO - Processing /opt/airflow/dags/DAG_etl.py took 1.965 seconds
[2025-01-27T19:13:55.779+0000] {processor.py:186} INFO - Started process (PID=608) to work on /opt/airflow/dags/DAG_etl.py
[2025-01-27T19:13:55.781+0000] {processor.py:914} INFO - Processing file /opt/airflow/dags/DAG_etl.py for tasks to queue
[2025-01-27T19:13:55.788+0000] {logging_mixin.py:190} INFO - [2025-01-27T19:13:55.787+0000] {dagbag.py:588} INFO - Filling up the DagBag from /opt/airflow/dags/DAG_etl.py
[2025-01-27T19:13:57.035+0000] {processor.py:925} INFO - DAG(s) 'etl_processing' retrieved from /opt/airflow/dags/DAG_etl.py
[2025-01-27T19:13:57.429+0000] {logging_mixin.py:190} INFO - [2025-01-27T19:13:57.428+0000] {dag.py:3239} INFO - Sync 1 DAGs
[2025-01-27T19:13:57.510+0000] {logging_mixin.py:190} INFO - [2025-01-27T19:13:57.510+0000] {dag.py:4180} INFO - Setting next_dagrun for etl_processing to 2025-01-27 19:10:00+00:00, run_after=2025-01-27 19:12:00+00:00
[2025-01-27T19:13:57.557+0000] {processor.py:208} INFO - Processing /opt/airflow/dags/DAG_etl.py took 1.802 seconds
[2025-01-27T19:14:28.495+0000] {processor.py:186} INFO - Started process (PID=621) to work on /opt/airflow/dags/DAG_etl.py
[2025-01-27T19:14:28.497+0000] {processor.py:914} INFO - Processing file /opt/airflow/dags/DAG_etl.py for tasks to queue
[2025-01-27T19:14:28.503+0000] {logging_mixin.py:190} INFO - [2025-01-27T19:14:28.502+0000] {dagbag.py:588} INFO - Filling up the DagBag from /opt/airflow/dags/DAG_etl.py
[2025-01-27T19:14:29.740+0000] {processor.py:925} INFO - DAG(s) 'etl_processing' retrieved from /opt/airflow/dags/DAG_etl.py
[2025-01-27T19:14:30.127+0000] {logging_mixin.py:190} INFO - [2025-01-27T19:14:30.126+0000] {dag.py:3239} INFO - Sync 1 DAGs
[2025-01-27T19:14:30.212+0000] {logging_mixin.py:190} INFO - [2025-01-27T19:14:30.211+0000] {dag.py:4180} INFO - Setting next_dagrun for etl_processing to 2025-01-27 19:12:00+00:00, run_after=2025-01-27 19:14:00+00:00
[2025-01-27T19:14:30.259+0000] {processor.py:208} INFO - Processing /opt/airflow/dags/DAG_etl.py took 1.794 seconds
[2025-01-27T19:15:01.356+0000] {processor.py:186} INFO - Started process (PID=634) to work on /opt/airflow/dags/DAG_etl.py
[2025-01-27T19:15:01.358+0000] {processor.py:914} INFO - Processing file /opt/airflow/dags/DAG_etl.py for tasks to queue
[2025-01-27T19:15:01.365+0000] {logging_mixin.py:190} INFO - [2025-01-27T19:15:01.364+0000] {dagbag.py:588} INFO - Filling up the DagBag from /opt/airflow/dags/DAG_etl.py
[2025-01-27T19:15:02.724+0000] {processor.py:925} INFO - DAG(s) 'etl_processing' retrieved from /opt/airflow/dags/DAG_etl.py
[2025-01-27T19:15:03.113+0000] {logging_mixin.py:190} INFO - [2025-01-27T19:15:03.112+0000] {dag.py:3239} INFO - Sync 1 DAGs
[2025-01-27T19:15:03.198+0000] {logging_mixin.py:190} INFO - [2025-01-27T19:15:03.198+0000] {dag.py:4180} INFO - Setting next_dagrun for etl_processing to 2025-01-27 19:12:00+00:00, run_after=2025-01-27 19:14:00+00:00
[2025-01-27T19:15:03.284+0000] {processor.py:208} INFO - Processing /opt/airflow/dags/DAG_etl.py took 1.952 seconds
[2025-01-27T19:15:34.054+0000] {processor.py:186} INFO - Started process (PID=647) to work on /opt/airflow/dags/DAG_etl.py
[2025-01-27T19:15:34.057+0000] {processor.py:914} INFO - Processing file /opt/airflow/dags/DAG_etl.py for tasks to queue
[2025-01-27T19:15:34.064+0000] {logging_mixin.py:190} INFO - [2025-01-27T19:15:34.063+0000] {dagbag.py:588} INFO - Filling up the DagBag from /opt/airflow/dags/DAG_etl.py
[2025-01-27T19:15:35.290+0000] {processor.py:925} INFO - DAG(s) 'etl_processing' retrieved from /opt/airflow/dags/DAG_etl.py
[2025-01-27T19:15:35.641+0000] {logging_mixin.py:190} INFO - [2025-01-27T19:15:35.640+0000] {dag.py:3239} INFO - Sync 1 DAGs
[2025-01-27T19:15:35.720+0000] {logging_mixin.py:190} INFO - [2025-01-27T19:15:35.720+0000] {dag.py:4180} INFO - Setting next_dagrun for etl_processing to 2025-01-27 19:12:00+00:00, run_after=2025-01-27 19:14:00+00:00
[2025-01-27T19:15:35.763+0000] {processor.py:208} INFO - Processing /opt/airflow/dags/DAG_etl.py took 1.732 seconds
[2025-01-27T19:16:06.667+0000] {processor.py:186} INFO - Started process (PID=660) to work on /opt/airflow/dags/DAG_etl.py
[2025-01-27T19:16:06.669+0000] {processor.py:914} INFO - Processing file /opt/airflow/dags/DAG_etl.py for tasks to queue
[2025-01-27T19:16:06.678+0000] {logging_mixin.py:190} INFO - [2025-01-27T19:16:06.677+0000] {dagbag.py:588} INFO - Filling up the DagBag from /opt/airflow/dags/DAG_etl.py
[2025-01-27T19:16:07.925+0000] {processor.py:925} INFO - DAG(s) 'etl_processing' retrieved from /opt/airflow/dags/DAG_etl.py
[2025-01-27T19:16:08.290+0000] {logging_mixin.py:190} INFO - [2025-01-27T19:16:08.289+0000] {dag.py:3239} INFO - Sync 1 DAGs
[2025-01-27T19:16:08.369+0000] {logging_mixin.py:190} INFO - [2025-01-27T19:16:08.369+0000] {dag.py:4180} INFO - Setting next_dagrun for etl_processing to 2025-01-27 19:14:00+00:00, run_after=2025-01-27 19:16:00+00:00
[2025-01-27T19:16:08.411+0000] {processor.py:208} INFO - Processing /opt/airflow/dags/DAG_etl.py took 1.770 seconds
[2025-01-27T19:16:39.242+0000] {processor.py:186} INFO - Started process (PID=673) to work on /opt/airflow/dags/DAG_etl.py
[2025-01-27T19:16:39.244+0000] {processor.py:914} INFO - Processing file /opt/airflow/dags/DAG_etl.py for tasks to queue
[2025-01-27T19:16:39.252+0000] {logging_mixin.py:190} INFO - [2025-01-27T19:16:39.251+0000] {dagbag.py:588} INFO - Filling up the DagBag from /opt/airflow/dags/DAG_etl.py
[2025-01-27T19:16:40.399+0000] {processor.py:925} INFO - DAG(s) 'etl_processing' retrieved from /opt/airflow/dags/DAG_etl.py
[2025-01-27T19:16:40.755+0000] {logging_mixin.py:190} INFO - [2025-01-27T19:16:40.754+0000] {dag.py:3239} INFO - Sync 1 DAGs
[2025-01-27T19:16:40.831+0000] {logging_mixin.py:190} INFO - [2025-01-27T19:16:40.830+0000] {dag.py:4180} INFO - Setting next_dagrun for etl_processing to 2025-01-27 19:14:00+00:00, run_after=2025-01-27 19:16:00+00:00
[2025-01-27T19:16:40.877+0000] {processor.py:208} INFO - Processing /opt/airflow/dags/DAG_etl.py took 1.660 seconds
[2025-01-27T19:17:11.768+0000] {processor.py:186} INFO - Started process (PID=686) to work on /opt/airflow/dags/DAG_etl.py
[2025-01-27T19:17:11.770+0000] {processor.py:914} INFO - Processing file /opt/airflow/dags/DAG_etl.py for tasks to queue
[2025-01-27T19:17:11.779+0000] {logging_mixin.py:190} INFO - [2025-01-27T19:17:11.778+0000] {dagbag.py:588} INFO - Filling up the DagBag from /opt/airflow/dags/DAG_etl.py
[2025-01-27T19:17:12.999+0000] {processor.py:925} INFO - DAG(s) 'etl_processing' retrieved from /opt/airflow/dags/DAG_etl.py
[2025-01-27T19:17:13.382+0000] {logging_mixin.py:190} INFO - [2025-01-27T19:17:13.381+0000] {dag.py:3239} INFO - Sync 1 DAGs
[2025-01-27T19:17:13.461+0000] {logging_mixin.py:190} INFO - [2025-01-27T19:17:13.461+0000] {dag.py:4180} INFO - Setting next_dagrun for etl_processing to 2025-01-27 19:14:00+00:00, run_after=2025-01-27 19:16:00+00:00
[2025-01-27T19:17:13.508+0000] {processor.py:208} INFO - Processing /opt/airflow/dags/DAG_etl.py took 1.767 seconds
[2025-01-27T19:17:44.521+0000] {processor.py:186} INFO - Started process (PID=699) to work on /opt/airflow/dags/DAG_etl.py
[2025-01-27T19:17:44.523+0000] {processor.py:914} INFO - Processing file /opt/airflow/dags/DAG_etl.py for tasks to queue
[2025-01-27T19:17:44.531+0000] {logging_mixin.py:190} INFO - [2025-01-27T19:17:44.530+0000] {dagbag.py:588} INFO - Filling up the DagBag from /opt/airflow/dags/DAG_etl.py
[2025-01-27T19:17:45.752+0000] {processor.py:925} INFO - DAG(s) 'etl_processing' retrieved from /opt/airflow/dags/DAG_etl.py
[2025-01-27T19:17:46.099+0000] {logging_mixin.py:190} INFO - [2025-01-27T19:17:46.098+0000] {dag.py:3239} INFO - Sync 1 DAGs
[2025-01-27T19:17:46.174+0000] {logging_mixin.py:190} INFO - [2025-01-27T19:17:46.173+0000] {dag.py:4180} INFO - Setting next_dagrun for etl_processing to 2025-01-27 19:14:00+00:00, run_after=2025-01-27 19:16:00+00:00
[2025-01-27T19:17:46.219+0000] {processor.py:208} INFO - Processing /opt/airflow/dags/DAG_etl.py took 1.721 seconds
[2025-01-27T19:18:17.094+0000] {processor.py:186} INFO - Started process (PID=712) to work on /opt/airflow/dags/DAG_etl.py
[2025-01-27T19:18:17.096+0000] {processor.py:914} INFO - Processing file /opt/airflow/dags/DAG_etl.py for tasks to queue
[2025-01-27T19:18:17.104+0000] {logging_mixin.py:190} INFO - [2025-01-27T19:18:17.103+0000] {dagbag.py:588} INFO - Filling up the DagBag from /opt/airflow/dags/DAG_etl.py
[2025-01-27T19:18:18.264+0000] {processor.py:925} INFO - DAG(s) 'etl_processing' retrieved from /opt/airflow/dags/DAG_etl.py
[2025-01-27T19:18:18.620+0000] {logging_mixin.py:190} INFO - [2025-01-27T19:18:18.619+0000] {dag.py:3239} INFO - Sync 1 DAGs
[2025-01-27T19:18:18.709+0000] {logging_mixin.py:190} INFO - [2025-01-27T19:18:18.709+0000] {dag.py:4180} INFO - Setting next_dagrun for etl_processing to 2025-01-27 19:16:00+00:00, run_after=2025-01-27 19:18:00+00:00
[2025-01-27T19:18:18.758+0000] {processor.py:208} INFO - Processing /opt/airflow/dags/DAG_etl.py took 1.693 seconds
[2025-01-27T19:18:49.394+0000] {processor.py:186} INFO - Started process (PID=731) to work on /opt/airflow/dags/DAG_etl.py
[2025-01-27T19:18:49.395+0000] {processor.py:914} INFO - Processing file /opt/airflow/dags/DAG_etl.py for tasks to queue
[2025-01-27T19:18:49.401+0000] {logging_mixin.py:190} INFO - [2025-01-27T19:18:49.400+0000] {dagbag.py:588} INFO - Filling up the DagBag from /opt/airflow/dags/DAG_etl.py
[2025-01-27T19:18:50.466+0000] {processor.py:925} INFO - DAG(s) 'etl_processing' retrieved from /opt/airflow/dags/DAG_etl.py
[2025-01-27T19:18:50.779+0000] {logging_mixin.py:190} INFO - [2025-01-27T19:18:50.778+0000] {dag.py:3239} INFO - Sync 1 DAGs
[2025-01-27T19:18:50.848+0000] {logging_mixin.py:190} INFO - [2025-01-27T19:18:50.848+0000] {dag.py:4180} INFO - Setting next_dagrun for etl_processing to 2025-01-27 19:16:00+00:00, run_after=2025-01-27 19:18:00+00:00
[2025-01-27T19:18:50.888+0000] {processor.py:208} INFO - Processing /opt/airflow/dags/DAG_etl.py took 1.516 seconds
[2025-01-27T19:19:21.511+0000] {processor.py:186} INFO - Started process (PID=744) to work on /opt/airflow/dags/DAG_etl.py
[2025-01-27T19:19:21.513+0000] {processor.py:914} INFO - Processing file /opt/airflow/dags/DAG_etl.py for tasks to queue
[2025-01-27T19:19:21.521+0000] {logging_mixin.py:190} INFO - [2025-01-27T19:19:21.520+0000] {dagbag.py:588} INFO - Filling up the DagBag from /opt/airflow/dags/DAG_etl.py
[2025-01-27T19:19:22.744+0000] {processor.py:925} INFO - DAG(s) 'etl_processing' retrieved from /opt/airflow/dags/DAG_etl.py
[2025-01-27T19:19:23.091+0000] {logging_mixin.py:190} INFO - [2025-01-27T19:19:23.089+0000] {dag.py:3239} INFO - Sync 1 DAGs
[2025-01-27T19:19:23.169+0000] {logging_mixin.py:190} INFO - [2025-01-27T19:19:23.168+0000] {dag.py:4180} INFO - Setting next_dagrun for etl_processing to 2025-01-27 19:16:00+00:00, run_after=2025-01-27 19:18:00+00:00
[2025-01-27T19:19:23.209+0000] {processor.py:208} INFO - Processing /opt/airflow/dags/DAG_etl.py took 1.726 seconds
[2025-01-27T19:19:54.082+0000] {processor.py:186} INFO - Started process (PID=757) to work on /opt/airflow/dags/DAG_etl.py
[2025-01-27T19:19:54.084+0000] {processor.py:914} INFO - Processing file /opt/airflow/dags/DAG_etl.py for tasks to queue
[2025-01-27T19:19:54.099+0000] {logging_mixin.py:190} INFO - [2025-01-27T19:19:54.097+0000] {dagbag.py:588} INFO - Filling up the DagBag from /opt/airflow/dags/DAG_etl.py
[2025-01-27T19:19:55.416+0000] {processor.py:925} INFO - DAG(s) 'etl_processing' retrieved from /opt/airflow/dags/DAG_etl.py
[2025-01-27T19:19:55.817+0000] {logging_mixin.py:190} INFO - [2025-01-27T19:19:55.816+0000] {dag.py:3239} INFO - Sync 1 DAGs
[2025-01-27T19:19:55.914+0000] {logging_mixin.py:190} INFO - [2025-01-27T19:19:55.914+0000] {dag.py:4180} INFO - Setting next_dagrun for etl_processing to 2025-01-27 19:16:00+00:00, run_after=2025-01-27 19:18:00+00:00
[2025-01-27T19:19:55.957+0000] {processor.py:208} INFO - Processing /opt/airflow/dags/DAG_etl.py took 1.899 seconds
[2025-01-27T19:20:26.856+0000] {processor.py:186} INFO - Started process (PID=770) to work on /opt/airflow/dags/DAG_etl.py
[2025-01-27T19:20:26.858+0000] {processor.py:914} INFO - Processing file /opt/airflow/dags/DAG_etl.py for tasks to queue
[2025-01-27T19:20:26.865+0000] {logging_mixin.py:190} INFO - [2025-01-27T19:20:26.864+0000] {dagbag.py:588} INFO - Filling up the DagBag from /opt/airflow/dags/DAG_etl.py
[2025-01-27T19:20:28.093+0000] {processor.py:925} INFO - DAG(s) 'etl_processing' retrieved from /opt/airflow/dags/DAG_etl.py
[2025-01-27T19:20:28.504+0000] {logging_mixin.py:190} INFO - [2025-01-27T19:20:28.503+0000] {dag.py:3239} INFO - Sync 1 DAGs
[2025-01-27T19:20:28.590+0000] {logging_mixin.py:190} INFO - [2025-01-27T19:20:28.589+0000] {dag.py:4180} INFO - Setting next_dagrun for etl_processing to 2025-01-27 19:18:00+00:00, run_after=2025-01-27 19:20:00+00:00
[2025-01-27T19:20:28.637+0000] {processor.py:208} INFO - Processing /opt/airflow/dags/DAG_etl.py took 1.814 seconds
[2025-01-27T19:20:59.604+0000] {processor.py:186} INFO - Started process (PID=783) to work on /opt/airflow/dags/DAG_etl.py
[2025-01-27T19:20:59.606+0000] {processor.py:914} INFO - Processing file /opt/airflow/dags/DAG_etl.py for tasks to queue
[2025-01-27T19:20:59.612+0000] {logging_mixin.py:190} INFO - [2025-01-27T19:20:59.611+0000] {dagbag.py:588} INFO - Filling up the DagBag from /opt/airflow/dags/DAG_etl.py
[2025-01-27T19:21:00.867+0000] {processor.py:925} INFO - DAG(s) 'etl_processing' retrieved from /opt/airflow/dags/DAG_etl.py
[2025-01-27T19:21:01.260+0000] {logging_mixin.py:190} INFO - [2025-01-27T19:21:01.259+0000] {dag.py:3239} INFO - Sync 1 DAGs
[2025-01-27T19:21:01.341+0000] {logging_mixin.py:190} INFO - [2025-01-27T19:21:01.340+0000] {dag.py:4180} INFO - Setting next_dagrun for etl_processing to 2025-01-27 19:18:00+00:00, run_after=2025-01-27 19:20:00+00:00
[2025-01-27T19:21:01.381+0000] {processor.py:208} INFO - Processing /opt/airflow/dags/DAG_etl.py took 1.800 seconds
[2025-01-27T19:21:32.003+0000] {processor.py:186} INFO - Started process (PID=796) to work on /opt/airflow/dags/DAG_etl.py
[2025-01-27T19:21:32.005+0000] {processor.py:914} INFO - Processing file /opt/airflow/dags/DAG_etl.py for tasks to queue
[2025-01-27T19:21:32.011+0000] {logging_mixin.py:190} INFO - [2025-01-27T19:21:32.010+0000] {dagbag.py:588} INFO - Filling up the DagBag from /opt/airflow/dags/DAG_etl.py
[2025-01-27T19:21:33.106+0000] {processor.py:925} INFO - DAG(s) 'etl_processing' retrieved from /opt/airflow/dags/DAG_etl.py
[2025-01-27T19:21:33.431+0000] {logging_mixin.py:190} INFO - [2025-01-27T19:21:33.430+0000] {dag.py:3239} INFO - Sync 1 DAGs
[2025-01-27T19:21:33.501+0000] {logging_mixin.py:190} INFO - [2025-01-27T19:21:33.500+0000] {dag.py:4180} INFO - Setting next_dagrun for etl_processing to 2025-01-27 19:18:00+00:00, run_after=2025-01-27 19:20:00+00:00
[2025-01-27T19:21:33.546+0000] {processor.py:208} INFO - Processing /opt/airflow/dags/DAG_etl.py took 1.567 seconds
[2025-01-27T19:22:04.481+0000] {processor.py:186} INFO - Started process (PID=811) to work on /opt/airflow/dags/DAG_etl.py
[2025-01-27T19:22:04.483+0000] {processor.py:914} INFO - Processing file /opt/airflow/dags/DAG_etl.py for tasks to queue
[2025-01-27T19:22:04.490+0000] {logging_mixin.py:190} INFO - [2025-01-27T19:22:04.489+0000] {dagbag.py:588} INFO - Filling up the DagBag from /opt/airflow/dags/DAG_etl.py
[2025-01-27T19:22:05.757+0000] {processor.py:925} INFO - DAG(s) 'etl_processing' retrieved from /opt/airflow/dags/DAG_etl.py
[2025-01-27T19:22:05.855+0000] {logging_mixin.py:190} INFO - [2025-01-27T19:22:05.854+0000] {dag.py:3239} INFO - Sync 1 DAGs
[2025-01-27T19:22:05.936+0000] {logging_mixin.py:190} INFO - [2025-01-27T19:22:05.936+0000] {dag.py:4180} INFO - Setting next_dagrun for etl_processing to 2025-01-27 19:20:00+00:00, run_after=2025-01-27 19:22:00+00:00
[2025-01-27T19:22:05.993+0000] {processor.py:208} INFO - Processing /opt/airflow/dags/DAG_etl.py took 1.545 seconds
[2025-01-27T19:22:36.268+0000] {processor.py:186} INFO - Started process (PID=824) to work on /opt/airflow/dags/DAG_etl.py
[2025-01-27T19:22:36.270+0000] {processor.py:914} INFO - Processing file /opt/airflow/dags/DAG_etl.py for tasks to queue
[2025-01-27T19:22:36.277+0000] {logging_mixin.py:190} INFO - [2025-01-27T19:22:36.276+0000] {dagbag.py:588} INFO - Filling up the DagBag from /opt/airflow/dags/DAG_etl.py
[2025-01-27T19:22:37.437+0000] {processor.py:925} INFO - DAG(s) 'etl_processing' retrieved from /opt/airflow/dags/DAG_etl.py
[2025-01-27T19:22:37.809+0000] {logging_mixin.py:190} INFO - [2025-01-27T19:22:37.808+0000] {dag.py:3239} INFO - Sync 1 DAGs
[2025-01-27T19:22:37.899+0000] {logging_mixin.py:190} INFO - [2025-01-27T19:22:37.898+0000] {dag.py:4180} INFO - Setting next_dagrun for etl_processing to 2025-01-27 19:20:00+00:00, run_after=2025-01-27 19:22:00+00:00
[2025-01-27T19:22:37.940+0000] {processor.py:208} INFO - Processing /opt/airflow/dags/DAG_etl.py took 1.697 seconds
[2025-01-27T19:23:08.251+0000] {processor.py:186} INFO - Started process (PID=838) to work on /opt/airflow/dags/DAG_etl.py
[2025-01-27T19:23:08.254+0000] {processor.py:914} INFO - Processing file /opt/airflow/dags/DAG_etl.py for tasks to queue
[2025-01-27T19:23:08.260+0000] {logging_mixin.py:190} INFO - [2025-01-27T19:23:08.260+0000] {dagbag.py:588} INFO - Filling up the DagBag from /opt/airflow/dags/DAG_etl.py
[2025-01-27T19:23:09.529+0000] {processor.py:925} INFO - DAG(s) 'etl_processing' retrieved from /opt/airflow/dags/DAG_etl.py
[2025-01-27T19:23:09.883+0000] {logging_mixin.py:190} INFO - [2025-01-27T19:23:09.882+0000] {dag.py:3239} INFO - Sync 1 DAGs
[2025-01-27T19:23:09.965+0000] {logging_mixin.py:190} INFO - [2025-01-27T19:23:09.965+0000] {dag.py:4180} INFO - Setting next_dagrun for etl_processing to 2025-01-27 19:20:00+00:00, run_after=2025-01-27 19:22:00+00:00
[2025-01-27T19:23:10.006+0000] {processor.py:208} INFO - Processing /opt/airflow/dags/DAG_etl.py took 1.781 seconds
[2025-01-27T19:23:40.617+0000] {processor.py:186} INFO - Started process (PID=851) to work on /opt/airflow/dags/DAG_etl.py
[2025-01-27T19:23:40.619+0000] {processor.py:914} INFO - Processing file /opt/airflow/dags/DAG_etl.py for tasks to queue
[2025-01-27T19:23:40.626+0000] {logging_mixin.py:190} INFO - [2025-01-27T19:23:40.625+0000] {dagbag.py:588} INFO - Filling up the DagBag from /opt/airflow/dags/DAG_etl.py
[2025-01-27T19:23:41.785+0000] {processor.py:925} INFO - DAG(s) 'etl_processing' retrieved from /opt/airflow/dags/DAG_etl.py
[2025-01-27T19:23:42.134+0000] {logging_mixin.py:190} INFO - [2025-01-27T19:23:42.133+0000] {dag.py:3239} INFO - Sync 1 DAGs
[2025-01-27T19:23:42.202+0000] {logging_mixin.py:190} INFO - [2025-01-27T19:23:42.202+0000] {dag.py:4180} INFO - Setting next_dagrun for etl_processing to 2025-01-27 19:20:00+00:00, run_after=2025-01-27 19:22:00+00:00
[2025-01-27T19:23:42.244+0000] {processor.py:208} INFO - Processing /opt/airflow/dags/DAG_etl.py took 1.649 seconds
[2025-01-27T19:24:13.013+0000] {processor.py:186} INFO - Started process (PID=864) to work on /opt/airflow/dags/DAG_etl.py
[2025-01-27T19:24:13.016+0000] {processor.py:914} INFO - Processing file /opt/airflow/dags/DAG_etl.py for tasks to queue
[2025-01-27T19:24:13.023+0000] {logging_mixin.py:190} INFO - [2025-01-27T19:24:13.022+0000] {dagbag.py:588} INFO - Filling up the DagBag from /opt/airflow/dags/DAG_etl.py
[2025-01-27T19:24:14.277+0000] {processor.py:925} INFO - DAG(s) 'etl_processing' retrieved from /opt/airflow/dags/DAG_etl.py
[2025-01-27T19:24:14.669+0000] {logging_mixin.py:190} INFO - [2025-01-27T19:24:14.667+0000] {dag.py:3239} INFO - Sync 1 DAGs
[2025-01-27T19:24:14.763+0000] {logging_mixin.py:190} INFO - [2025-01-27T19:24:14.762+0000] {dag.py:4180} INFO - Setting next_dagrun for etl_processing to 2025-01-27 19:22:00+00:00, run_after=2025-01-27 19:24:00+00:00
[2025-01-27T19:24:14.811+0000] {processor.py:208} INFO - Processing /opt/airflow/dags/DAG_etl.py took 1.823 seconds
[2025-01-27T19:24:46.510+0000] {processor.py:186} INFO - Started process (PID=879) to work on /opt/airflow/dags/DAG_etl.py
[2025-01-27T19:24:46.511+0000] {processor.py:914} INFO - Processing file /opt/airflow/dags/DAG_etl.py for tasks to queue
[2025-01-27T19:24:46.517+0000] {logging_mixin.py:190} INFO - [2025-01-27T19:24:46.517+0000] {dagbag.py:588} INFO - Filling up the DagBag from /opt/airflow/dags/DAG_etl.py
[2025-01-27T19:24:47.785+0000] {processor.py:925} INFO - DAG(s) 'etl_processing' retrieved from /opt/airflow/dags/DAG_etl.py
[2025-01-27T19:24:48.155+0000] {logging_mixin.py:190} INFO - [2025-01-27T19:24:48.154+0000] {dag.py:3239} INFO - Sync 1 DAGs
[2025-01-27T19:24:48.242+0000] {logging_mixin.py:190} INFO - [2025-01-27T19:24:48.242+0000] {dag.py:4180} INFO - Setting next_dagrun for etl_processing to 2025-01-27 19:22:00+00:00, run_after=2025-01-27 19:24:00+00:00
[2025-01-27T19:24:48.289+0000] {processor.py:208} INFO - Processing /opt/airflow/dags/DAG_etl.py took 1.812 seconds
[2025-01-27T19:25:18.619+0000] {processor.py:186} INFO - Started process (PID=892) to work on /opt/airflow/dags/DAG_etl.py
[2025-01-27T19:25:18.621+0000] {processor.py:914} INFO - Processing file /opt/airflow/dags/DAG_etl.py for tasks to queue
[2025-01-27T19:25:18.632+0000] {logging_mixin.py:190} INFO - [2025-01-27T19:25:18.631+0000] {dagbag.py:588} INFO - Filling up the DagBag from /opt/airflow/dags/DAG_etl.py
[2025-01-27T19:25:19.793+0000] {processor.py:925} INFO - DAG(s) 'etl_processing' retrieved from /opt/airflow/dags/DAG_etl.py
[2025-01-27T19:25:20.191+0000] {logging_mixin.py:190} INFO - [2025-01-27T19:25:20.190+0000] {dag.py:3239} INFO - Sync 1 DAGs
[2025-01-27T19:25:20.274+0000] {logging_mixin.py:190} INFO - [2025-01-27T19:25:20.273+0000] {dag.py:4180} INFO - Setting next_dagrun for etl_processing to 2025-01-27 19:22:00+00:00, run_after=2025-01-27 19:24:00+00:00
[2025-01-27T19:25:20.338+0000] {processor.py:208} INFO - Processing /opt/airflow/dags/DAG_etl.py took 1.748 seconds
[2025-01-27T19:25:50.624+0000] {processor.py:186} INFO - Started process (PID=905) to work on /opt/airflow/dags/DAG_etl.py
[2025-01-27T19:25:50.626+0000] {processor.py:914} INFO - Processing file /opt/airflow/dags/DAG_etl.py for tasks to queue
[2025-01-27T19:25:50.632+0000] {logging_mixin.py:190} INFO - [2025-01-27T19:25:50.631+0000] {dagbag.py:588} INFO - Filling up the DagBag from /opt/airflow/dags/DAG_etl.py
[2025-01-27T19:25:51.844+0000] {processor.py:925} INFO - DAG(s) 'etl_processing' retrieved from /opt/airflow/dags/DAG_etl.py
[2025-01-27T19:25:52.212+0000] {logging_mixin.py:190} INFO - [2025-01-27T19:25:52.210+0000] {dag.py:3239} INFO - Sync 1 DAGs
[2025-01-27T19:25:52.298+0000] {logging_mixin.py:190} INFO - [2025-01-27T19:25:52.298+0000] {dag.py:4180} INFO - Setting next_dagrun for etl_processing to 2025-01-27 19:22:00+00:00, run_after=2025-01-27 19:24:00+00:00
[2025-01-27T19:25:52.360+0000] {processor.py:208} INFO - Processing /opt/airflow/dags/DAG_etl.py took 1.759 seconds
[2025-01-27T19:26:22.474+0000] {processor.py:186} INFO - Started process (PID=918) to work on /opt/airflow/dags/DAG_etl.py
[2025-01-27T19:26:22.476+0000] {processor.py:914} INFO - Processing file /opt/airflow/dags/DAG_etl.py for tasks to queue
[2025-01-27T19:26:22.484+0000] {logging_mixin.py:190} INFO - [2025-01-27T19:26:22.483+0000] {dagbag.py:588} INFO - Filling up the DagBag from /opt/airflow/dags/DAG_etl.py
[2025-01-27T19:26:23.661+0000] {processor.py:925} INFO - DAG(s) 'etl_processing' retrieved from /opt/airflow/dags/DAG_etl.py
[2025-01-27T19:26:24.024+0000] {logging_mixin.py:190} INFO - [2025-01-27T19:26:24.023+0000] {dag.py:3239} INFO - Sync 1 DAGs
[2025-01-27T19:26:24.100+0000] {logging_mixin.py:190} INFO - [2025-01-27T19:26:24.099+0000] {dag.py:4180} INFO - Setting next_dagrun for etl_processing to 2025-01-27 19:24:00+00:00, run_after=2025-01-27 19:26:00+00:00
[2025-01-27T19:26:24.140+0000] {processor.py:208} INFO - Processing /opt/airflow/dags/DAG_etl.py took 1.692 seconds
[2025-01-27T19:26:54.334+0000] {processor.py:186} INFO - Started process (PID=937) to work on /opt/airflow/dags/DAG_etl.py
[2025-01-27T19:26:54.336+0000] {processor.py:914} INFO - Processing file /opt/airflow/dags/DAG_etl.py for tasks to queue
[2025-01-27T19:26:54.344+0000] {logging_mixin.py:190} INFO - [2025-01-27T19:26:54.342+0000] {dagbag.py:588} INFO - Filling up the DagBag from /opt/airflow/dags/DAG_etl.py
[2025-01-27T19:26:55.565+0000] {processor.py:925} INFO - DAG(s) 'etl_processing' retrieved from /opt/airflow/dags/DAG_etl.py
[2025-01-27T19:26:55.938+0000] {logging_mixin.py:190} INFO - [2025-01-27T19:26:55.936+0000] {dag.py:3239} INFO - Sync 1 DAGs
[2025-01-27T19:26:56.014+0000] {logging_mixin.py:190} INFO - [2025-01-27T19:26:56.014+0000] {dag.py:4180} INFO - Setting next_dagrun for etl_processing to 2025-01-27 19:24:00+00:00, run_after=2025-01-27 19:26:00+00:00
[2025-01-27T19:26:56.053+0000] {processor.py:208} INFO - Processing /opt/airflow/dags/DAG_etl.py took 1.742 seconds
[2025-01-27T19:27:26.258+0000] {processor.py:186} INFO - Started process (PID=950) to work on /opt/airflow/dags/DAG_etl.py
[2025-01-27T19:27:26.260+0000] {processor.py:914} INFO - Processing file /opt/airflow/dags/DAG_etl.py for tasks to queue
[2025-01-27T19:27:26.266+0000] {logging_mixin.py:190} INFO - [2025-01-27T19:27:26.265+0000] {dagbag.py:588} INFO - Filling up the DagBag from /opt/airflow/dags/DAG_etl.py
[2025-01-27T19:27:27.478+0000] {processor.py:925} INFO - DAG(s) 'etl_processing' retrieved from /opt/airflow/dags/DAG_etl.py
[2025-01-27T19:27:27.840+0000] {logging_mixin.py:190} INFO - [2025-01-27T19:27:27.838+0000] {dag.py:3239} INFO - Sync 1 DAGs
[2025-01-27T19:27:27.924+0000] {logging_mixin.py:190} INFO - [2025-01-27T19:27:27.923+0000] {dag.py:4180} INFO - Setting next_dagrun for etl_processing to 2025-01-27 19:24:00+00:00, run_after=2025-01-27 19:26:00+00:00
[2025-01-27T19:27:27.973+0000] {processor.py:208} INFO - Processing /opt/airflow/dags/DAG_etl.py took 1.738 seconds
[2025-01-27T19:27:58.272+0000] {processor.py:186} INFO - Started process (PID=963) to work on /opt/airflow/dags/DAG_etl.py
[2025-01-27T19:27:58.277+0000] {processor.py:914} INFO - Processing file /opt/airflow/dags/DAG_etl.py for tasks to queue
[2025-01-27T19:27:58.290+0000] {logging_mixin.py:190} INFO - [2025-01-27T19:27:58.288+0000] {dagbag.py:588} INFO - Filling up the DagBag from /opt/airflow/dags/DAG_etl.py
[2025-01-27T19:27:59.564+0000] {processor.py:925} INFO - DAG(s) 'etl_processing' retrieved from /opt/airflow/dags/DAG_etl.py
[2025-01-27T19:27:59.939+0000] {logging_mixin.py:190} INFO - [2025-01-27T19:27:59.938+0000] {dag.py:3239} INFO - Sync 1 DAGs
[2025-01-27T19:28:00.021+0000] {logging_mixin.py:190} INFO - [2025-01-27T19:28:00.020+0000] {dag.py:4180} INFO - Setting next_dagrun for etl_processing to 2025-01-27 19:26:00+00:00, run_after=2025-01-27 19:28:00+00:00
[2025-01-27T19:28:00.067+0000] {processor.py:208} INFO - Processing /opt/airflow/dags/DAG_etl.py took 1.823 seconds
[2025-01-27T19:28:30.744+0000] {processor.py:186} INFO - Started process (PID=977) to work on /opt/airflow/dags/DAG_etl.py
[2025-01-27T19:28:30.747+0000] {processor.py:914} INFO - Processing file /opt/airflow/dags/DAG_etl.py for tasks to queue
[2025-01-27T19:28:30.753+0000] {logging_mixin.py:190} INFO - [2025-01-27T19:28:30.752+0000] {dagbag.py:588} INFO - Filling up the DagBag from /opt/airflow/dags/DAG_etl.py
[2025-01-27T19:28:31.848+0000] {processor.py:925} INFO - DAG(s) 'etl_processing' retrieved from /opt/airflow/dags/DAG_etl.py
[2025-01-27T19:28:32.187+0000] {logging_mixin.py:190} INFO - [2025-01-27T19:28:32.186+0000] {dag.py:3239} INFO - Sync 1 DAGs
[2025-01-27T19:28:32.254+0000] {logging_mixin.py:190} INFO - [2025-01-27T19:28:32.253+0000] {dag.py:4180} INFO - Setting next_dagrun for etl_processing to 2025-01-27 19:26:00+00:00, run_after=2025-01-27 19:28:00+00:00
[2025-01-27T19:28:32.288+0000] {processor.py:208} INFO - Processing /opt/airflow/dags/DAG_etl.py took 1.566 seconds
[2025-01-27T19:29:02.579+0000] {processor.py:186} INFO - Started process (PID=990) to work on /opt/airflow/dags/DAG_etl.py
[2025-01-27T19:29:02.581+0000] {processor.py:914} INFO - Processing file /opt/airflow/dags/DAG_etl.py for tasks to queue
[2025-01-27T19:29:02.589+0000] {logging_mixin.py:190} INFO - [2025-01-27T19:29:02.588+0000] {dagbag.py:588} INFO - Filling up the DagBag from /opt/airflow/dags/DAG_etl.py
[2025-01-27T19:29:03.789+0000] {processor.py:925} INFO - DAG(s) 'etl_processing' retrieved from /opt/airflow/dags/DAG_etl.py
[2025-01-27T19:29:04.156+0000] {logging_mixin.py:190} INFO - [2025-01-27T19:29:04.155+0000] {dag.py:3239} INFO - Sync 1 DAGs
[2025-01-27T19:29:04.231+0000] {logging_mixin.py:190} INFO - [2025-01-27T19:29:04.230+0000] {dag.py:4180} INFO - Setting next_dagrun for etl_processing to 2025-01-27 19:26:00+00:00, run_after=2025-01-27 19:28:00+00:00
[2025-01-27T19:29:06.652+0000] {processor.py:208} INFO - Processing /opt/airflow/dags/DAG_etl.py took 4.097 seconds
[2025-01-27T19:29:37.256+0000] {processor.py:186} INFO - Started process (PID=1003) to work on /opt/airflow/dags/DAG_etl.py
[2025-01-27T19:29:37.258+0000] {processor.py:914} INFO - Processing file /opt/airflow/dags/DAG_etl.py for tasks to queue
[2025-01-27T19:29:37.266+0000] {logging_mixin.py:190} INFO - [2025-01-27T19:29:37.265+0000] {dagbag.py:588} INFO - Filling up the DagBag from /opt/airflow/dags/DAG_etl.py
[2025-01-27T19:29:38.465+0000] {processor.py:925} INFO - DAG(s) 'etl_processing' retrieved from /opt/airflow/dags/DAG_etl.py
[2025-01-27T19:29:38.854+0000] {logging_mixin.py:190} INFO - [2025-01-27T19:29:38.852+0000] {dag.py:3239} INFO - Sync 1 DAGs
[2025-01-27T19:29:38.948+0000] {logging_mixin.py:190} INFO - [2025-01-27T19:29:38.948+0000] {dag.py:4180} INFO - Setting next_dagrun for etl_processing to 2025-01-27 19:26:00+00:00, run_after=2025-01-27 19:28:00+00:00
[2025-01-27T19:29:38.988+0000] {processor.py:208} INFO - Processing /opt/airflow/dags/DAG_etl.py took 1.756 seconds
[2025-01-27T19:30:09.293+0000] {processor.py:186} INFO - Started process (PID=1016) to work on /opt/airflow/dags/DAG_etl.py
[2025-01-27T19:30:09.296+0000] {processor.py:914} INFO - Processing file /opt/airflow/dags/DAG_etl.py for tasks to queue
[2025-01-27T19:30:09.305+0000] {logging_mixin.py:190} INFO - [2025-01-27T19:30:09.304+0000] {dagbag.py:588} INFO - Filling up the DagBag from /opt/airflow/dags/DAG_etl.py
[2025-01-27T19:30:10.427+0000] {processor.py:925} INFO - DAG(s) 'etl_processing' retrieved from /opt/airflow/dags/DAG_etl.py
[2025-01-27T19:30:10.773+0000] {logging_mixin.py:190} INFO - [2025-01-27T19:30:10.772+0000] {dag.py:3239} INFO - Sync 1 DAGs
[2025-01-27T19:30:10.842+0000] {logging_mixin.py:190} INFO - [2025-01-27T19:30:10.841+0000] {dag.py:4180} INFO - Setting next_dagrun for etl_processing to 2025-01-27 19:28:00+00:00, run_after=2025-01-27 19:30:00+00:00
[2025-01-27T19:30:10.883+0000] {processor.py:208} INFO - Processing /opt/airflow/dags/DAG_etl.py took 1.620 seconds
[2025-01-27T19:30:41.187+0000] {processor.py:186} INFO - Started process (PID=1028) to work on /opt/airflow/dags/DAG_etl.py
[2025-01-27T19:30:41.189+0000] {processor.py:914} INFO - Processing file /opt/airflow/dags/DAG_etl.py for tasks to queue
[2025-01-27T19:30:41.199+0000] {logging_mixin.py:190} INFO - [2025-01-27T19:30:41.198+0000] {dagbag.py:588} INFO - Filling up the DagBag from /opt/airflow/dags/DAG_etl.py
[2025-01-27T19:30:42.367+0000] {processor.py:925} INFO - DAG(s) 'etl_processing' retrieved from /opt/airflow/dags/DAG_etl.py
[2025-01-27T19:30:42.712+0000] {logging_mixin.py:190} INFO - [2025-01-27T19:30:42.711+0000] {dag.py:3239} INFO - Sync 1 DAGs
[2025-01-27T19:30:42.784+0000] {logging_mixin.py:190} INFO - [2025-01-27T19:30:42.783+0000] {dag.py:4180} INFO - Setting next_dagrun for etl_processing to 2025-01-27 19:28:00+00:00, run_after=2025-01-27 19:30:00+00:00
[2025-01-27T19:30:42.863+0000] {processor.py:208} INFO - Processing /opt/airflow/dags/DAG_etl.py took 1.702 seconds
[2025-01-27T19:31:13.226+0000] {processor.py:186} INFO - Started process (PID=1042) to work on /opt/airflow/dags/DAG_etl.py
[2025-01-27T19:31:13.228+0000] {processor.py:914} INFO - Processing file /opt/airflow/dags/DAG_etl.py for tasks to queue
[2025-01-27T19:31:13.238+0000] {logging_mixin.py:190} INFO - [2025-01-27T19:31:13.237+0000] {dagbag.py:588} INFO - Filling up the DagBag from /opt/airflow/dags/DAG_etl.py
[2025-01-27T19:31:14.492+0000] {processor.py:925} INFO - DAG(s) 'etl_processing' retrieved from /opt/airflow/dags/DAG_etl.py
[2025-01-27T19:31:14.876+0000] {logging_mixin.py:190} INFO - [2025-01-27T19:31:14.875+0000] {dag.py:3239} INFO - Sync 1 DAGs
[2025-01-27T19:31:14.950+0000] {logging_mixin.py:190} INFO - [2025-01-27T19:31:14.949+0000] {dag.py:4180} INFO - Setting next_dagrun for etl_processing to 2025-01-27 19:28:00+00:00, run_after=2025-01-27 19:30:00+00:00
[2025-01-27T19:31:14.993+0000] {processor.py:208} INFO - Processing /opt/airflow/dags/DAG_etl.py took 1.793 seconds
[2025-01-27T19:31:45.501+0000] {processor.py:186} INFO - Started process (PID=1055) to work on /opt/airflow/dags/DAG_etl.py
[2025-01-27T19:31:45.504+0000] {processor.py:914} INFO - Processing file /opt/airflow/dags/DAG_etl.py for tasks to queue
[2025-01-27T19:31:45.512+0000] {logging_mixin.py:190} INFO - [2025-01-27T19:31:45.511+0000] {dagbag.py:588} INFO - Filling up the DagBag from /opt/airflow/dags/DAG_etl.py
[2025-01-27T19:31:46.549+0000] {processor.py:925} INFO - DAG(s) 'etl_processing' retrieved from /opt/airflow/dags/DAG_etl.py
[2025-01-27T19:31:46.862+0000] {logging_mixin.py:190} INFO - [2025-01-27T19:31:46.861+0000] {dag.py:3239} INFO - Sync 1 DAGs
[2025-01-27T19:31:46.928+0000] {logging_mixin.py:190} INFO - [2025-01-27T19:31:46.928+0000] {dag.py:4180} INFO - Setting next_dagrun for etl_processing to 2025-01-27 19:28:00+00:00, run_after=2025-01-27 19:30:00+00:00
[2025-01-27T19:31:46.965+0000] {processor.py:208} INFO - Processing /opt/airflow/dags/DAG_etl.py took 1.492 seconds
[2025-01-27T19:32:17.363+0000] {processor.py:186} INFO - Started process (PID=1068) to work on /opt/airflow/dags/DAG_etl.py
[2025-01-27T19:32:17.366+0000] {processor.py:914} INFO - Processing file /opt/airflow/dags/DAG_etl.py for tasks to queue
[2025-01-27T19:32:17.374+0000] {logging_mixin.py:190} INFO - [2025-01-27T19:32:17.373+0000] {dagbag.py:588} INFO - Filling up the DagBag from /opt/airflow/dags/DAG_etl.py
[2025-01-27T19:32:18.511+0000] {processor.py:925} INFO - DAG(s) 'etl_processing' retrieved from /opt/airflow/dags/DAG_etl.py
[2025-01-27T19:32:18.853+0000] {logging_mixin.py:190} INFO - [2025-01-27T19:32:18.852+0000] {dag.py:3239} INFO - Sync 1 DAGs
[2025-01-27T19:32:18.931+0000] {logging_mixin.py:190} INFO - [2025-01-27T19:32:18.930+0000] {dag.py:4180} INFO - Setting next_dagrun for etl_processing to 2025-01-27 19:30:00+00:00, run_after=2025-01-27 19:32:00+00:00
[2025-01-27T19:32:18.971+0000] {processor.py:208} INFO - Processing /opt/airflow/dags/DAG_etl.py took 1.631 seconds
[2025-01-27T19:32:49.409+0000] {processor.py:186} INFO - Started process (PID=1082) to work on /opt/airflow/dags/DAG_etl.py
[2025-01-27T19:32:49.411+0000] {processor.py:914} INFO - Processing file /opt/airflow/dags/DAG_etl.py for tasks to queue
[2025-01-27T19:32:49.421+0000] {logging_mixin.py:190} INFO - [2025-01-27T19:32:49.419+0000] {dagbag.py:588} INFO - Filling up the DagBag from /opt/airflow/dags/DAG_etl.py
[2025-01-27T19:32:50.747+0000] {processor.py:925} INFO - DAG(s) 'etl_processing' retrieved from /opt/airflow/dags/DAG_etl.py
[2025-01-27T19:32:51.120+0000] {logging_mixin.py:190} INFO - [2025-01-27T19:32:51.119+0000] {dag.py:3239} INFO - Sync 1 DAGs
[2025-01-27T19:32:51.211+0000] {logging_mixin.py:190} INFO - [2025-01-27T19:32:51.211+0000] {dag.py:4180} INFO - Setting next_dagrun for etl_processing to 2025-01-27 19:30:00+00:00, run_after=2025-01-27 19:32:00+00:00
[2025-01-27T19:32:51.250+0000] {processor.py:208} INFO - Processing /opt/airflow/dags/DAG_etl.py took 1.867 seconds
[2025-01-27T19:33:21.640+0000] {processor.py:186} INFO - Started process (PID=1095) to work on /opt/airflow/dags/DAG_etl.py
[2025-01-27T19:33:21.642+0000] {processor.py:914} INFO - Processing file /opt/airflow/dags/DAG_etl.py for tasks to queue
[2025-01-27T19:33:21.663+0000] {logging_mixin.py:190} INFO - [2025-01-27T19:33:21.661+0000] {dagbag.py:588} INFO - Filling up the DagBag from /opt/airflow/dags/DAG_etl.py
[2025-01-27T19:33:22.820+0000] {processor.py:925} INFO - DAG(s) 'etl_processing' retrieved from /opt/airflow/dags/DAG_etl.py
[2025-01-27T19:33:23.156+0000] {logging_mixin.py:190} INFO - [2025-01-27T19:33:23.155+0000] {dag.py:3239} INFO - Sync 1 DAGs
[2025-01-27T19:33:23.240+0000] {logging_mixin.py:190} INFO - [2025-01-27T19:33:23.239+0000] {dag.py:4180} INFO - Setting next_dagrun for etl_processing to 2025-01-27 19:30:00+00:00, run_after=2025-01-27 19:32:00+00:00
[2025-01-27T19:33:23.286+0000] {processor.py:208} INFO - Processing /opt/airflow/dags/DAG_etl.py took 1.681 seconds
[2025-01-27T19:33:54.184+0000] {processor.py:186} INFO - Started process (PID=1109) to work on /opt/airflow/dags/DAG_etl.py
[2025-01-27T19:33:54.187+0000] {processor.py:914} INFO - Processing file /opt/airflow/dags/DAG_etl.py for tasks to queue
[2025-01-27T19:33:54.196+0000] {logging_mixin.py:190} INFO - [2025-01-27T19:33:54.195+0000] {dagbag.py:588} INFO - Filling up the DagBag from /opt/airflow/dags/DAG_etl.py
[2025-01-27T19:33:55.384+0000] {processor.py:925} INFO - DAG(s) 'etl_processing' retrieved from /opt/airflow/dags/DAG_etl.py
[2025-01-27T19:33:55.742+0000] {logging_mixin.py:190} INFO - [2025-01-27T19:33:55.741+0000] {dag.py:3239} INFO - Sync 1 DAGs
[2025-01-27T19:33:55.810+0000] {logging_mixin.py:190} INFO - [2025-01-27T19:33:55.810+0000] {dag.py:4180} INFO - Setting next_dagrun for etl_processing to 2025-01-27 19:30:00+00:00, run_after=2025-01-27 19:32:00+00:00
[2025-01-27T19:33:55.852+0000] {processor.py:208} INFO - Processing /opt/airflow/dags/DAG_etl.py took 1.694 seconds
[2025-01-27T19:34:26.660+0000] {processor.py:186} INFO - Started process (PID=1128) to work on /opt/airflow/dags/DAG_etl.py
[2025-01-27T19:34:26.662+0000] {processor.py:914} INFO - Processing file /opt/airflow/dags/DAG_etl.py for tasks to queue
[2025-01-27T19:34:26.672+0000] {logging_mixin.py:190} INFO - [2025-01-27T19:34:26.671+0000] {dagbag.py:588} INFO - Filling up the DagBag from /opt/airflow/dags/DAG_etl.py
[2025-01-27T19:34:27.809+0000] {processor.py:925} INFO - DAG(s) 'etl_processing' retrieved from /opt/airflow/dags/DAG_etl.py
[2025-01-27T19:34:28.170+0000] {logging_mixin.py:190} INFO - [2025-01-27T19:34:28.169+0000] {dag.py:3239} INFO - Sync 1 DAGs
[2025-01-27T19:34:28.249+0000] {logging_mixin.py:190} INFO - [2025-01-27T19:34:28.248+0000] {dag.py:4180} INFO - Setting next_dagrun for etl_processing to 2025-01-27 19:32:00+00:00, run_after=2025-01-27 19:34:00+00:00
[2025-01-27T19:34:28.305+0000] {processor.py:208} INFO - Processing /opt/airflow/dags/DAG_etl.py took 1.676 seconds
[2025-01-27T19:34:58.583+0000] {processor.py:186} INFO - Started process (PID=1141) to work on /opt/airflow/dags/DAG_etl.py
[2025-01-27T19:34:58.586+0000] {processor.py:914} INFO - Processing file /opt/airflow/dags/DAG_etl.py for tasks to queue
[2025-01-27T19:34:58.592+0000] {logging_mixin.py:190} INFO - [2025-01-27T19:34:58.591+0000] {dagbag.py:588} INFO - Filling up the DagBag from /opt/airflow/dags/DAG_etl.py
[2025-01-27T19:34:59.838+0000] {processor.py:925} INFO - DAG(s) 'etl_processing' retrieved from /opt/airflow/dags/DAG_etl.py
[2025-01-27T19:35:00.220+0000] {logging_mixin.py:190} INFO - [2025-01-27T19:35:00.219+0000] {dag.py:3239} INFO - Sync 1 DAGs
[2025-01-27T19:35:00.305+0000] {logging_mixin.py:190} INFO - [2025-01-27T19:35:00.304+0000] {dag.py:4180} INFO - Setting next_dagrun for etl_processing to 2025-01-27 19:32:00+00:00, run_after=2025-01-27 19:34:00+00:00
[2025-01-27T19:35:00.351+0000] {processor.py:208} INFO - Processing /opt/airflow/dags/DAG_etl.py took 1.794 seconds
[2025-01-27T19:35:30.839+0000] {processor.py:186} INFO - Started process (PID=1154) to work on /opt/airflow/dags/DAG_etl.py
[2025-01-27T19:35:30.841+0000] {processor.py:914} INFO - Processing file /opt/airflow/dags/DAG_etl.py for tasks to queue
[2025-01-27T19:35:30.848+0000] {logging_mixin.py:190} INFO - [2025-01-27T19:35:30.847+0000] {dagbag.py:588} INFO - Filling up the DagBag from /opt/airflow/dags/DAG_etl.py
[2025-01-27T19:35:32.167+0000] {processor.py:925} INFO - DAG(s) 'etl_processing' retrieved from /opt/airflow/dags/DAG_etl.py
[2025-01-27T19:35:32.565+0000] {logging_mixin.py:190} INFO - [2025-01-27T19:35:32.564+0000] {dag.py:3239} INFO - Sync 1 DAGs
[2025-01-27T19:35:32.647+0000] {logging_mixin.py:190} INFO - [2025-01-27T19:35:32.646+0000] {dag.py:4180} INFO - Setting next_dagrun for etl_processing to 2025-01-27 19:32:00+00:00, run_after=2025-01-27 19:34:00+00:00
[2025-01-27T19:35:32.713+0000] {processor.py:208} INFO - Processing /opt/airflow/dags/DAG_etl.py took 1.902 seconds
[2025-01-27T19:36:02.867+0000] {processor.py:186} INFO - Started process (PID=1167) to work on /opt/airflow/dags/DAG_etl.py
[2025-01-27T19:36:02.869+0000] {processor.py:914} INFO - Processing file /opt/airflow/dags/DAG_etl.py for tasks to queue
[2025-01-27T19:36:02.875+0000] {logging_mixin.py:190} INFO - [2025-01-27T19:36:02.874+0000] {dagbag.py:588} INFO - Filling up the DagBag from /opt/airflow/dags/DAG_etl.py
[2025-01-27T19:36:04.117+0000] {processor.py:925} INFO - DAG(s) 'etl_processing' retrieved from /opt/airflow/dags/DAG_etl.py
[2025-01-27T19:36:04.552+0000] {logging_mixin.py:190} INFO - [2025-01-27T19:36:04.551+0000] {dag.py:3239} INFO - Sync 1 DAGs
[2025-01-27T19:36:04.626+0000] {logging_mixin.py:190} INFO - [2025-01-27T19:36:04.625+0000] {dag.py:4180} INFO - Setting next_dagrun for etl_processing to 2025-01-27 19:34:00+00:00, run_after=2025-01-27 19:36:00+00:00
[2025-01-27T19:36:04.665+0000] {processor.py:208} INFO - Processing /opt/airflow/dags/DAG_etl.py took 1.828 seconds
[2025-01-27T19:36:35.197+0000] {processor.py:186} INFO - Started process (PID=1180) to work on /opt/airflow/dags/DAG_etl.py
[2025-01-27T19:36:35.200+0000] {processor.py:914} INFO - Processing file /opt/airflow/dags/DAG_etl.py for tasks to queue
[2025-01-27T19:36:35.207+0000] {logging_mixin.py:190} INFO - [2025-01-27T19:36:35.206+0000] {dagbag.py:588} INFO - Filling up the DagBag from /opt/airflow/dags/DAG_etl.py
[2025-01-27T19:36:36.469+0000] {processor.py:925} INFO - DAG(s) 'etl_processing' retrieved from /opt/airflow/dags/DAG_etl.py
[2025-01-27T19:36:36.858+0000] {logging_mixin.py:190} INFO - [2025-01-27T19:36:36.857+0000] {dag.py:3239} INFO - Sync 1 DAGs
[2025-01-27T19:36:36.932+0000] {logging_mixin.py:190} INFO - [2025-01-27T19:36:36.932+0000] {dag.py:4180} INFO - Setting next_dagrun for etl_processing to 2025-01-27 19:34:00+00:00, run_after=2025-01-27 19:36:00+00:00
[2025-01-27T19:36:36.977+0000] {processor.py:208} INFO - Processing /opt/airflow/dags/DAG_etl.py took 1.820 seconds
