[2025-01-27T18:53:34.869+0000] {processor.py:186} INFO - Started process (PID=86) to work on /opt/airflow/dags/first_dag.py
[2025-01-27T18:53:34.871+0000] {processor.py:914} INFO - Processing file /opt/airflow/dags/first_dag.py for tasks to queue
[2025-01-27T18:53:34.878+0000] {logging_mixin.py:190} INFO - [2025-01-27T18:53:34.877+0000] {dagbag.py:588} INFO - Filling up the DagBag from /opt/airflow/dags/first_dag.py
[2025-01-27T18:53:34.919+0000] {processor.py:925} INFO - DAG(s) 'first_dag' retrieved from /opt/airflow/dags/first_dag.py
[2025-01-27T18:53:35.711+0000] {logging_mixin.py:190} INFO - [2025-01-27T18:53:35.710+0000] {dag.py:3239} INFO - Sync 1 DAGs
[2025-01-27T18:53:35.821+0000] {logging_mixin.py:190} INFO - [2025-01-27T18:53:35.821+0000] {dag.py:4180} INFO - Setting next_dagrun for first_dag to 2025-01-27 00:00:00+00:00, run_after=2025-01-28 00:00:00+00:00
[2025-01-27T18:53:35.874+0000] {processor.py:208} INFO - Processing /opt/airflow/dags/first_dag.py took 1.028 seconds
[2025-01-27T18:54:08.469+0000] {processor.py:186} INFO - Started process (PID=105) to work on /opt/airflow/dags/first_dag.py
[2025-01-27T18:54:08.608+0000] {processor.py:914} INFO - Processing file /opt/airflow/dags/first_dag.py for tasks to queue
[2025-01-27T18:54:08.618+0000] {logging_mixin.py:190} INFO - [2025-01-27T18:54:08.616+0000] {dagbag.py:588} INFO - Filling up the DagBag from /opt/airflow/dags/first_dag.py
[2025-01-27T18:54:08.650+0000] {processor.py:925} INFO - DAG(s) 'first_dag' retrieved from /opt/airflow/dags/first_dag.py
[2025-01-27T18:54:08.744+0000] {logging_mixin.py:190} INFO - [2025-01-27T18:54:08.744+0000] {dag.py:3239} INFO - Sync 1 DAGs
[2025-01-27T18:54:08.850+0000] {logging_mixin.py:190} INFO - [2025-01-27T18:54:08.847+0000] {dag.py:4180} INFO - Setting next_dagrun for first_dag to 2025-01-27 00:00:00+00:00, run_after=2025-01-28 00:00:00+00:00
[2025-01-27T18:54:09.125+0000] {processor.py:208} INFO - Processing /opt/airflow/dags/first_dag.py took 0.678 seconds
[2025-01-27T18:54:40.576+0000] {processor.py:186} INFO - Started process (PID=118) to work on /opt/airflow/dags/first_dag.py
[2025-01-27T18:54:40.579+0000] {processor.py:914} INFO - Processing file /opt/airflow/dags/first_dag.py for tasks to queue
[2025-01-27T18:54:40.585+0000] {logging_mixin.py:190} INFO - [2025-01-27T18:54:40.584+0000] {dagbag.py:588} INFO - Filling up the DagBag from /opt/airflow/dags/first_dag.py
[2025-01-27T18:54:40.613+0000] {processor.py:925} INFO - DAG(s) 'first_dag' retrieved from /opt/airflow/dags/first_dag.py
[2025-01-27T18:54:40.682+0000] {logging_mixin.py:190} INFO - [2025-01-27T18:54:40.681+0000] {dag.py:3239} INFO - Sync 1 DAGs
[2025-01-27T18:54:41.050+0000] {logging_mixin.py:190} INFO - [2025-01-27T18:54:41.049+0000] {dag.py:4180} INFO - Setting next_dagrun for first_dag to 2025-01-27 00:00:00+00:00, run_after=2025-01-28 00:00:00+00:00
[2025-01-27T18:54:41.122+0000] {processor.py:208} INFO - Processing /opt/airflow/dags/first_dag.py took 0.565 seconds
[2025-01-27T18:55:12.815+0000] {processor.py:186} INFO - Started process (PID=131) to work on /opt/airflow/dags/first_dag.py
[2025-01-27T18:55:12.827+0000] {processor.py:914} INFO - Processing file /opt/airflow/dags/first_dag.py for tasks to queue
[2025-01-27T18:55:12.833+0000] {logging_mixin.py:190} INFO - [2025-01-27T18:55:12.832+0000] {dagbag.py:588} INFO - Filling up the DagBag from /opt/airflow/dags/first_dag.py
[2025-01-27T18:55:12.869+0000] {processor.py:925} INFO - DAG(s) 'first_dag' retrieved from /opt/airflow/dags/first_dag.py
[2025-01-27T18:55:12.957+0000] {logging_mixin.py:190} INFO - [2025-01-27T18:55:12.956+0000] {dag.py:3239} INFO - Sync 1 DAGs
[2025-01-27T18:55:13.406+0000] {logging_mixin.py:190} INFO - [2025-01-27T18:55:13.405+0000] {dag.py:4180} INFO - Setting next_dagrun for first_dag to 2025-01-27 00:00:00+00:00, run_after=2025-01-28 00:00:00+00:00
[2025-01-27T18:55:13.478+0000] {processor.py:208} INFO - Processing /opt/airflow/dags/first_dag.py took 0.692 seconds
[2025-01-27T18:55:45.944+0000] {processor.py:186} INFO - Started process (PID=144) to work on /opt/airflow/dags/first_dag.py
[2025-01-27T18:55:45.961+0000] {processor.py:914} INFO - Processing file /opt/airflow/dags/first_dag.py for tasks to queue
[2025-01-27T18:55:45.969+0000] {logging_mixin.py:190} INFO - [2025-01-27T18:55:45.968+0000] {dagbag.py:588} INFO - Filling up the DagBag from /opt/airflow/dags/first_dag.py
[2025-01-27T18:55:46.324+0000] {processor.py:925} INFO - DAG(s) 'first_dag' retrieved from /opt/airflow/dags/first_dag.py
[2025-01-27T18:55:46.395+0000] {logging_mixin.py:190} INFO - [2025-01-27T18:55:46.393+0000] {dag.py:3239} INFO - Sync 1 DAGs
[2025-01-27T18:55:46.495+0000] {logging_mixin.py:190} INFO - [2025-01-27T18:55:46.494+0000] {dag.py:4180} INFO - Setting next_dagrun for first_dag to 2025-01-27 00:00:00+00:00, run_after=2025-01-28 00:00:00+00:00
[2025-01-27T18:55:46.556+0000] {processor.py:208} INFO - Processing /opt/airflow/dags/first_dag.py took 0.637 seconds
[2025-01-27T18:56:18.044+0000] {processor.py:186} INFO - Started process (PID=161) to work on /opt/airflow/dags/first_dag.py
[2025-01-27T18:56:18.139+0000] {processor.py:914} INFO - Processing file /opt/airflow/dags/first_dag.py for tasks to queue
[2025-01-27T18:56:18.147+0000] {logging_mixin.py:190} INFO - [2025-01-27T18:56:18.146+0000] {dagbag.py:588} INFO - Filling up the DagBag from /opt/airflow/dags/first_dag.py
[2025-01-27T18:56:18.178+0000] {processor.py:925} INFO - DAG(s) 'first_dag' retrieved from /opt/airflow/dags/first_dag.py
[2025-01-27T18:56:18.311+0000] {logging_mixin.py:190} INFO - [2025-01-27T18:56:18.310+0000] {dag.py:3239} INFO - Sync 1 DAGs
[2025-01-27T18:56:18.434+0000] {logging_mixin.py:190} INFO - [2025-01-27T18:56:18.433+0000] {dag.py:4180} INFO - Setting next_dagrun for first_dag to 2025-01-27 00:00:00+00:00, run_after=2025-01-28 00:00:00+00:00
[2025-01-27T18:56:18.633+0000] {processor.py:208} INFO - Processing /opt/airflow/dags/first_dag.py took 0.615 seconds
[2025-01-27T18:56:49.915+0000] {processor.py:186} INFO - Started process (PID=178) to work on /opt/airflow/dags/first_dag.py
[2025-01-27T18:56:49.933+0000] {processor.py:914} INFO - Processing file /opt/airflow/dags/first_dag.py for tasks to queue
[2025-01-27T18:56:49.940+0000] {logging_mixin.py:190} INFO - [2025-01-27T18:56:49.939+0000] {dagbag.py:588} INFO - Filling up the DagBag from /opt/airflow/dags/first_dag.py
[2025-01-27T18:56:49.965+0000] {processor.py:925} INFO - DAG(s) 'first_dag' retrieved from /opt/airflow/dags/first_dag.py
[2025-01-27T18:56:50.049+0000] {logging_mixin.py:190} INFO - [2025-01-27T18:56:50.048+0000] {dag.py:3239} INFO - Sync 1 DAGs
[2025-01-27T18:56:50.150+0000] {logging_mixin.py:190} INFO - [2025-01-27T18:56:50.149+0000] {dag.py:4180} INFO - Setting next_dagrun for first_dag to 2025-01-27 00:00:00+00:00, run_after=2025-01-28 00:00:00+00:00
[2025-01-27T18:56:50.194+0000] {processor.py:208} INFO - Processing /opt/airflow/dags/first_dag.py took 0.300 seconds
[2025-01-27T18:57:20.572+0000] {processor.py:186} INFO - Started process (PID=188) to work on /opt/airflow/dags/first_dag.py
[2025-01-27T18:57:20.574+0000] {processor.py:914} INFO - Processing file /opt/airflow/dags/first_dag.py for tasks to queue
[2025-01-27T18:57:20.580+0000] {logging_mixin.py:190} INFO - [2025-01-27T18:57:20.579+0000] {dagbag.py:588} INFO - Filling up the DagBag from /opt/airflow/dags/first_dag.py
[2025-01-27T18:57:20.611+0000] {processor.py:925} INFO - DAG(s) 'first_dag' retrieved from /opt/airflow/dags/first_dag.py
[2025-01-27T18:57:20.701+0000] {logging_mixin.py:190} INFO - [2025-01-27T18:57:20.701+0000] {dag.py:3239} INFO - Sync 1 DAGs
[2025-01-27T18:57:20.794+0000] {logging_mixin.py:190} INFO - [2025-01-27T18:57:20.793+0000] {dag.py:4180} INFO - Setting next_dagrun for first_dag to 2025-01-27 00:00:00+00:00, run_after=2025-01-28 00:00:00+00:00
[2025-01-27T18:57:20.850+0000] {processor.py:208} INFO - Processing /opt/airflow/dags/first_dag.py took 0.310 seconds
[2025-01-27T18:57:51.082+0000] {processor.py:186} INFO - Started process (PID=200) to work on /opt/airflow/dags/first_dag.py
[2025-01-27T18:57:51.099+0000] {processor.py:914} INFO - Processing file /opt/airflow/dags/first_dag.py for tasks to queue
[2025-01-27T18:57:51.107+0000] {logging_mixin.py:190} INFO - [2025-01-27T18:57:51.106+0000] {dagbag.py:588} INFO - Filling up the DagBag from /opt/airflow/dags/first_dag.py
[2025-01-27T18:57:51.138+0000] {processor.py:925} INFO - DAG(s) 'first_dag' retrieved from /opt/airflow/dags/first_dag.py
[2025-01-27T18:57:51.217+0000] {logging_mixin.py:190} INFO - [2025-01-27T18:57:51.216+0000] {dag.py:3239} INFO - Sync 1 DAGs
[2025-01-27T18:57:51.304+0000] {logging_mixin.py:190} INFO - [2025-01-27T18:57:51.304+0000] {dag.py:4180} INFO - Setting next_dagrun for first_dag to 2025-01-27 00:00:00+00:00, run_after=2025-01-28 00:00:00+00:00
[2025-01-27T18:57:51.371+0000] {processor.py:208} INFO - Processing /opt/airflow/dags/first_dag.py took 0.311 seconds
[2025-01-27T18:58:21.457+0000] {processor.py:186} INFO - Started process (PID=213) to work on /opt/airflow/dags/first_dag.py
[2025-01-27T18:58:21.486+0000] {processor.py:914} INFO - Processing file /opt/airflow/dags/first_dag.py for tasks to queue
[2025-01-27T18:58:21.497+0000] {logging_mixin.py:190} INFO - [2025-01-27T18:58:21.496+0000] {dagbag.py:588} INFO - Filling up the DagBag from /opt/airflow/dags/first_dag.py
[2025-01-27T18:58:21.533+0000] {processor.py:925} INFO - DAG(s) 'first_dag' retrieved from /opt/airflow/dags/first_dag.py
[2025-01-27T18:58:21.609+0000] {logging_mixin.py:190} INFO - [2025-01-27T18:58:21.608+0000] {dag.py:3239} INFO - Sync 1 DAGs
[2025-01-27T18:58:21.703+0000] {logging_mixin.py:190} INFO - [2025-01-27T18:58:21.702+0000] {dag.py:4180} INFO - Setting next_dagrun for first_dag to 2025-01-27 00:00:00+00:00, run_after=2025-01-28 00:00:00+00:00
[2025-01-27T18:58:21.757+0000] {processor.py:208} INFO - Processing /opt/airflow/dags/first_dag.py took 0.326 seconds
[2025-01-27T18:58:52.549+0000] {processor.py:186} INFO - Started process (PID=226) to work on /opt/airflow/dags/first_dag.py
[2025-01-27T18:58:52.551+0000] {processor.py:914} INFO - Processing file /opt/airflow/dags/first_dag.py for tasks to queue
[2025-01-27T18:58:52.557+0000] {logging_mixin.py:190} INFO - [2025-01-27T18:58:52.556+0000] {dagbag.py:588} INFO - Filling up the DagBag from /opt/airflow/dags/first_dag.py
[2025-01-27T18:58:52.592+0000] {processor.py:925} INFO - DAG(s) 'first_dag' retrieved from /opt/airflow/dags/first_dag.py
[2025-01-27T18:58:52.677+0000] {logging_mixin.py:190} INFO - [2025-01-27T18:58:52.676+0000] {dag.py:3239} INFO - Sync 1 DAGs
[2025-01-27T18:58:52.771+0000] {logging_mixin.py:190} INFO - [2025-01-27T18:58:52.770+0000] {dag.py:4180} INFO - Setting next_dagrun for first_dag to 2025-01-27 00:00:00+00:00, run_after=2025-01-28 00:00:00+00:00
[2025-01-27T18:58:52.828+0000] {processor.py:208} INFO - Processing /opt/airflow/dags/first_dag.py took 0.304 seconds
[2025-01-27T18:59:23.355+0000] {processor.py:186} INFO - Started process (PID=239) to work on /opt/airflow/dags/first_dag.py
[2025-01-27T18:59:23.358+0000] {processor.py:914} INFO - Processing file /opt/airflow/dags/first_dag.py for tasks to queue
[2025-01-27T18:59:23.365+0000] {logging_mixin.py:190} INFO - [2025-01-27T18:59:23.364+0000] {dagbag.py:588} INFO - Filling up the DagBag from /opt/airflow/dags/first_dag.py
[2025-01-27T18:59:23.398+0000] {processor.py:925} INFO - DAG(s) 'first_dag' retrieved from /opt/airflow/dags/first_dag.py
[2025-01-27T18:59:23.479+0000] {logging_mixin.py:190} INFO - [2025-01-27T18:59:23.479+0000] {dag.py:3239} INFO - Sync 1 DAGs
[2025-01-27T18:59:23.588+0000] {logging_mixin.py:190} INFO - [2025-01-27T18:59:23.588+0000] {dag.py:4180} INFO - Setting next_dagrun for first_dag to 2025-01-27 00:00:00+00:00, run_after=2025-01-28 00:00:00+00:00
[2025-01-27T18:59:23.643+0000] {processor.py:208} INFO - Processing /opt/airflow/dags/first_dag.py took 0.309 seconds
[2025-01-27T18:59:54.197+0000] {processor.py:186} INFO - Started process (PID=252) to work on /opt/airflow/dags/first_dag.py
[2025-01-27T18:59:54.200+0000] {processor.py:914} INFO - Processing file /opt/airflow/dags/first_dag.py for tasks to queue
[2025-01-27T18:59:54.207+0000] {logging_mixin.py:190} INFO - [2025-01-27T18:59:54.206+0000] {dagbag.py:588} INFO - Filling up the DagBag from /opt/airflow/dags/first_dag.py
[2025-01-27T18:59:54.249+0000] {processor.py:925} INFO - DAG(s) 'first_dag' retrieved from /opt/airflow/dags/first_dag.py
[2025-01-27T18:59:54.353+0000] {logging_mixin.py:190} INFO - [2025-01-27T18:59:54.352+0000] {dag.py:3239} INFO - Sync 1 DAGs
[2025-01-27T18:59:54.469+0000] {logging_mixin.py:190} INFO - [2025-01-27T18:59:54.469+0000] {dag.py:4180} INFO - Setting next_dagrun for first_dag to 2025-01-27 00:00:00+00:00, run_after=2025-01-28 00:00:00+00:00
[2025-01-27T18:59:54.525+0000] {processor.py:208} INFO - Processing /opt/airflow/dags/first_dag.py took 0.369 seconds
[2025-01-27T19:00:25.534+0000] {processor.py:186} INFO - Started process (PID=264) to work on /opt/airflow/dags/first_dag.py
[2025-01-27T19:00:25.536+0000] {processor.py:914} INFO - Processing file /opt/airflow/dags/first_dag.py for tasks to queue
[2025-01-27T19:00:25.542+0000] {logging_mixin.py:190} INFO - [2025-01-27T19:00:25.541+0000] {dagbag.py:588} INFO - Filling up the DagBag from /opt/airflow/dags/first_dag.py
[2025-01-27T19:00:25.574+0000] {processor.py:925} INFO - DAG(s) 'first_dag' retrieved from /opt/airflow/dags/first_dag.py
[2025-01-27T19:00:25.668+0000] {logging_mixin.py:190} INFO - [2025-01-27T19:00:25.667+0000] {dag.py:3239} INFO - Sync 1 DAGs
[2025-01-27T19:00:25.773+0000] {logging_mixin.py:190} INFO - [2025-01-27T19:00:25.772+0000] {dag.py:4180} INFO - Setting next_dagrun for first_dag to 2025-01-27 00:00:00+00:00, run_after=2025-01-28 00:00:00+00:00
[2025-01-27T19:00:25.826+0000] {processor.py:208} INFO - Processing /opt/airflow/dags/first_dag.py took 0.315 seconds
[2025-01-27T19:00:56.157+0000] {processor.py:186} INFO - Started process (PID=276) to work on /opt/airflow/dags/first_dag.py
[2025-01-27T19:00:56.162+0000] {processor.py:914} INFO - Processing file /opt/airflow/dags/first_dag.py for tasks to queue
[2025-01-27T19:00:56.167+0000] {logging_mixin.py:190} INFO - [2025-01-27T19:00:56.167+0000] {dagbag.py:588} INFO - Filling up the DagBag from /opt/airflow/dags/first_dag.py
[2025-01-27T19:00:56.200+0000] {processor.py:925} INFO - DAG(s) 'first_dag' retrieved from /opt/airflow/dags/first_dag.py
[2025-01-27T19:00:56.268+0000] {logging_mixin.py:190} INFO - [2025-01-27T19:00:56.267+0000] {dag.py:3239} INFO - Sync 1 DAGs
[2025-01-27T19:00:56.361+0000] {logging_mixin.py:190} INFO - [2025-01-27T19:00:56.360+0000] {dag.py:4180} INFO - Setting next_dagrun for first_dag to 2025-01-27 00:00:00+00:00, run_after=2025-01-28 00:00:00+00:00
[2025-01-27T19:00:56.415+0000] {processor.py:208} INFO - Processing /opt/airflow/dags/first_dag.py took 0.281 seconds
[2025-01-27T19:01:26.907+0000] {processor.py:186} INFO - Started process (PID=289) to work on /opt/airflow/dags/first_dag.py
[2025-01-27T19:01:26.918+0000] {processor.py:914} INFO - Processing file /opt/airflow/dags/first_dag.py for tasks to queue
[2025-01-27T19:01:26.925+0000] {logging_mixin.py:190} INFO - [2025-01-27T19:01:26.924+0000] {dagbag.py:588} INFO - Filling up the DagBag from /opt/airflow/dags/first_dag.py
[2025-01-27T19:01:26.958+0000] {processor.py:925} INFO - DAG(s) 'first_dag' retrieved from /opt/airflow/dags/first_dag.py
[2025-01-27T19:01:27.052+0000] {logging_mixin.py:190} INFO - [2025-01-27T19:01:27.051+0000] {dag.py:3239} INFO - Sync 1 DAGs
[2025-01-27T19:01:27.158+0000] {logging_mixin.py:190} INFO - [2025-01-27T19:01:27.156+0000] {dag.py:4180} INFO - Setting next_dagrun for first_dag to 2025-01-27 00:00:00+00:00, run_after=2025-01-28 00:00:00+00:00
[2025-01-27T19:01:27.214+0000] {processor.py:208} INFO - Processing /opt/airflow/dags/first_dag.py took 0.332 seconds
[2025-01-27T19:01:58.177+0000] {processor.py:186} INFO - Started process (PID=302) to work on /opt/airflow/dags/first_dag.py
[2025-01-27T19:01:58.179+0000] {processor.py:914} INFO - Processing file /opt/airflow/dags/first_dag.py for tasks to queue
[2025-01-27T19:01:58.186+0000] {logging_mixin.py:190} INFO - [2025-01-27T19:01:58.185+0000] {dagbag.py:588} INFO - Filling up the DagBag from /opt/airflow/dags/first_dag.py
[2025-01-27T19:01:58.218+0000] {processor.py:925} INFO - DAG(s) 'first_dag' retrieved from /opt/airflow/dags/first_dag.py
[2025-01-27T19:01:58.310+0000] {logging_mixin.py:190} INFO - [2025-01-27T19:01:58.309+0000] {dag.py:3239} INFO - Sync 1 DAGs
[2025-01-27T19:01:58.402+0000] {logging_mixin.py:190} INFO - [2025-01-27T19:01:58.401+0000] {dag.py:4180} INFO - Setting next_dagrun for first_dag to 2025-01-27 00:00:00+00:00, run_after=2025-01-28 00:00:00+00:00
[2025-01-27T19:01:58.483+0000] {processor.py:208} INFO - Processing /opt/airflow/dags/first_dag.py took 0.328 seconds
[2025-01-27T19:02:29.002+0000] {processor.py:186} INFO - Started process (PID=315) to work on /opt/airflow/dags/first_dag.py
[2025-01-27T19:02:29.005+0000] {processor.py:914} INFO - Processing file /opt/airflow/dags/first_dag.py for tasks to queue
[2025-01-27T19:02:29.011+0000] {logging_mixin.py:190} INFO - [2025-01-27T19:02:29.010+0000] {dagbag.py:588} INFO - Filling up the DagBag from /opt/airflow/dags/first_dag.py
[2025-01-27T19:02:29.045+0000] {processor.py:925} INFO - DAG(s) 'first_dag' retrieved from /opt/airflow/dags/first_dag.py
[2025-01-27T19:02:29.141+0000] {logging_mixin.py:190} INFO - [2025-01-27T19:02:29.140+0000] {dag.py:3239} INFO - Sync 1 DAGs
[2025-01-27T19:02:29.244+0000] {logging_mixin.py:190} INFO - [2025-01-27T19:02:29.244+0000] {dag.py:4180} INFO - Setting next_dagrun for first_dag to 2025-01-27 00:00:00+00:00, run_after=2025-01-28 00:00:00+00:00
[2025-01-27T19:02:29.300+0000] {processor.py:208} INFO - Processing /opt/airflow/dags/first_dag.py took 0.330 seconds
[2025-01-27T19:02:59.444+0000] {processor.py:186} INFO - Started process (PID=328) to work on /opt/airflow/dags/first_dag.py
[2025-01-27T19:02:59.446+0000] {processor.py:914} INFO - Processing file /opt/airflow/dags/first_dag.py for tasks to queue
[2025-01-27T19:02:59.453+0000] {logging_mixin.py:190} INFO - [2025-01-27T19:02:59.452+0000] {dagbag.py:588} INFO - Filling up the DagBag from /opt/airflow/dags/first_dag.py
[2025-01-27T19:02:59.487+0000] {processor.py:925} INFO - DAG(s) 'first_dag' retrieved from /opt/airflow/dags/first_dag.py
[2025-01-27T19:02:59.576+0000] {logging_mixin.py:190} INFO - [2025-01-27T19:02:59.575+0000] {dag.py:3239} INFO - Sync 1 DAGs
[2025-01-27T19:02:59.673+0000] {logging_mixin.py:190} INFO - [2025-01-27T19:02:59.672+0000] {dag.py:4180} INFO - Setting next_dagrun for first_dag to 2025-01-27 00:00:00+00:00, run_after=2025-01-28 00:00:00+00:00
[2025-01-27T19:02:59.729+0000] {processor.py:208} INFO - Processing /opt/airflow/dags/first_dag.py took 0.314 seconds
[2025-01-27T19:03:30.220+0000] {processor.py:186} INFO - Started process (PID=341) to work on /opt/airflow/dags/first_dag.py
[2025-01-27T19:03:30.222+0000] {processor.py:914} INFO - Processing file /opt/airflow/dags/first_dag.py for tasks to queue
[2025-01-27T19:03:30.228+0000] {logging_mixin.py:190} INFO - [2025-01-27T19:03:30.227+0000] {dagbag.py:588} INFO - Filling up the DagBag from /opt/airflow/dags/first_dag.py
[2025-01-27T19:03:30.259+0000] {processor.py:925} INFO - DAG(s) 'first_dag' retrieved from /opt/airflow/dags/first_dag.py
[2025-01-27T19:03:30.346+0000] {logging_mixin.py:190} INFO - [2025-01-27T19:03:30.345+0000] {dag.py:3239} INFO - Sync 1 DAGs
[2025-01-27T19:03:30.448+0000] {logging_mixin.py:190} INFO - [2025-01-27T19:03:30.447+0000] {dag.py:4180} INFO - Setting next_dagrun for first_dag to 2025-01-27 00:00:00+00:00, run_after=2025-01-28 00:00:00+00:00
[2025-01-27T19:03:30.493+0000] {processor.py:208} INFO - Processing /opt/airflow/dags/first_dag.py took 0.298 seconds
[2025-01-27T19:04:01.049+0000] {processor.py:186} INFO - Started process (PID=355) to work on /opt/airflow/dags/first_dag.py
[2025-01-27T19:04:01.051+0000] {processor.py:914} INFO - Processing file /opt/airflow/dags/first_dag.py for tasks to queue
[2025-01-27T19:04:01.057+0000] {logging_mixin.py:190} INFO - [2025-01-27T19:04:01.057+0000] {dagbag.py:588} INFO - Filling up the DagBag from /opt/airflow/dags/first_dag.py
[2025-01-27T19:04:01.089+0000] {processor.py:925} INFO - DAG(s) 'first_dag' retrieved from /opt/airflow/dags/first_dag.py
[2025-01-27T19:04:01.180+0000] {logging_mixin.py:190} INFO - [2025-01-27T19:04:01.179+0000] {dag.py:3239} INFO - Sync 1 DAGs
[2025-01-27T19:04:01.289+0000] {logging_mixin.py:190} INFO - [2025-01-27T19:04:01.288+0000] {dag.py:4180} INFO - Setting next_dagrun for first_dag to 2025-01-27 00:00:00+00:00, run_after=2025-01-28 00:00:00+00:00
[2025-01-27T19:04:01.379+0000] {processor.py:208} INFO - Processing /opt/airflow/dags/first_dag.py took 0.363 seconds
[2025-01-27T19:04:31.866+0000] {processor.py:186} INFO - Started process (PID=368) to work on /opt/airflow/dags/first_dag.py
[2025-01-27T19:04:31.868+0000] {processor.py:914} INFO - Processing file /opt/airflow/dags/first_dag.py for tasks to queue
[2025-01-27T19:04:31.876+0000] {logging_mixin.py:190} INFO - [2025-01-27T19:04:31.875+0000] {dagbag.py:588} INFO - Filling up the DagBag from /opt/airflow/dags/first_dag.py
[2025-01-27T19:04:31.912+0000] {processor.py:925} INFO - DAG(s) 'first_dag' retrieved from /opt/airflow/dags/first_dag.py
[2025-01-27T19:04:32.008+0000] {logging_mixin.py:190} INFO - [2025-01-27T19:04:32.007+0000] {dag.py:3239} INFO - Sync 1 DAGs
[2025-01-27T19:04:32.104+0000] {logging_mixin.py:190} INFO - [2025-01-27T19:04:32.103+0000] {dag.py:4180} INFO - Setting next_dagrun for first_dag to 2025-01-27 00:00:00+00:00, run_after=2025-01-28 00:00:00+00:00
[2025-01-27T19:04:32.160+0000] {processor.py:208} INFO - Processing /opt/airflow/dags/first_dag.py took 0.320 seconds
[2025-01-27T19:05:02.923+0000] {processor.py:186} INFO - Started process (PID=381) to work on /opt/airflow/dags/first_dag.py
[2025-01-27T19:05:02.926+0000] {processor.py:914} INFO - Processing file /opt/airflow/dags/first_dag.py for tasks to queue
[2025-01-27T19:05:02.935+0000] {logging_mixin.py:190} INFO - [2025-01-27T19:05:02.934+0000] {dagbag.py:588} INFO - Filling up the DagBag from /opt/airflow/dags/first_dag.py
[2025-01-27T19:05:02.969+0000] {processor.py:925} INFO - DAG(s) 'first_dag' retrieved from /opt/airflow/dags/first_dag.py
[2025-01-27T19:05:03.056+0000] {logging_mixin.py:190} INFO - [2025-01-27T19:05:03.055+0000] {dag.py:3239} INFO - Sync 1 DAGs
[2025-01-27T19:05:03.160+0000] {logging_mixin.py:190} INFO - [2025-01-27T19:05:03.160+0000] {dag.py:4180} INFO - Setting next_dagrun for first_dag to 2025-01-27 00:00:00+00:00, run_after=2025-01-28 00:00:00+00:00
[2025-01-27T19:05:03.216+0000] {processor.py:208} INFO - Processing /opt/airflow/dags/first_dag.py took 0.320 seconds
[2025-01-27T19:05:33.905+0000] {processor.py:186} INFO - Started process (PID=394) to work on /opt/airflow/dags/first_dag.py
[2025-01-27T19:05:33.907+0000] {processor.py:914} INFO - Processing file /opt/airflow/dags/first_dag.py for tasks to queue
[2025-01-27T19:05:33.915+0000] {logging_mixin.py:190} INFO - [2025-01-27T19:05:33.914+0000] {dagbag.py:588} INFO - Filling up the DagBag from /opt/airflow/dags/first_dag.py
[2025-01-27T19:05:33.946+0000] {processor.py:925} INFO - DAG(s) 'first_dag' retrieved from /opt/airflow/dags/first_dag.py
[2025-01-27T19:05:34.035+0000] {logging_mixin.py:190} INFO - [2025-01-27T19:05:34.035+0000] {dag.py:3239} INFO - Sync 1 DAGs
[2025-01-27T19:05:34.137+0000] {logging_mixin.py:190} INFO - [2025-01-27T19:05:34.137+0000] {dag.py:4180} INFO - Setting next_dagrun for first_dag to 2025-01-27 00:00:00+00:00, run_after=2025-01-28 00:00:00+00:00
[2025-01-27T19:05:34.212+0000] {processor.py:208} INFO - Processing /opt/airflow/dags/first_dag.py took 0.332 seconds
[2025-01-27T19:06:04.900+0000] {processor.py:186} INFO - Started process (PID=407) to work on /opt/airflow/dags/first_dag.py
[2025-01-27T19:06:04.902+0000] {processor.py:914} INFO - Processing file /opt/airflow/dags/first_dag.py for tasks to queue
[2025-01-27T19:06:04.910+0000] {logging_mixin.py:190} INFO - [2025-01-27T19:06:04.909+0000] {dagbag.py:588} INFO - Filling up the DagBag from /opt/airflow/dags/first_dag.py
[2025-01-27T19:06:04.943+0000] {processor.py:925} INFO - DAG(s) 'first_dag' retrieved from /opt/airflow/dags/first_dag.py
[2025-01-27T19:06:05.034+0000] {logging_mixin.py:190} INFO - [2025-01-27T19:06:05.034+0000] {dag.py:3239} INFO - Sync 1 DAGs
[2025-01-27T19:06:05.145+0000] {logging_mixin.py:190} INFO - [2025-01-27T19:06:05.144+0000] {dag.py:4180} INFO - Setting next_dagrun for first_dag to 2025-01-27 00:00:00+00:00, run_after=2025-01-28 00:00:00+00:00
[2025-01-27T19:06:05.206+0000] {processor.py:208} INFO - Processing /opt/airflow/dags/first_dag.py took 0.330 seconds
[2025-01-27T19:06:35.930+0000] {processor.py:186} INFO - Started process (PID=421) to work on /opt/airflow/dags/first_dag.py
[2025-01-27T19:06:35.933+0000] {processor.py:914} INFO - Processing file /opt/airflow/dags/first_dag.py for tasks to queue
[2025-01-27T19:06:35.942+0000] {logging_mixin.py:190} INFO - [2025-01-27T19:06:35.939+0000] {dagbag.py:588} INFO - Filling up the DagBag from /opt/airflow/dags/first_dag.py
[2025-01-27T19:06:35.975+0000] {processor.py:925} INFO - DAG(s) 'first_dag' retrieved from /opt/airflow/dags/first_dag.py
[2025-01-27T19:06:36.067+0000] {logging_mixin.py:190} INFO - [2025-01-27T19:06:36.066+0000] {dag.py:3239} INFO - Sync 1 DAGs
[2025-01-27T19:06:36.165+0000] {logging_mixin.py:190} INFO - [2025-01-27T19:06:36.165+0000] {dag.py:4180} INFO - Setting next_dagrun for first_dag to 2025-01-27 00:00:00+00:00, run_after=2025-01-28 00:00:00+00:00
[2025-01-27T19:06:36.220+0000] {processor.py:208} INFO - Processing /opt/airflow/dags/first_dag.py took 0.318 seconds
[2025-01-27T19:07:06.793+0000] {processor.py:186} INFO - Started process (PID=435) to work on /opt/airflow/dags/first_dag.py
[2025-01-27T19:07:06.796+0000] {processor.py:914} INFO - Processing file /opt/airflow/dags/first_dag.py for tasks to queue
[2025-01-27T19:07:06.803+0000] {logging_mixin.py:190} INFO - [2025-01-27T19:07:06.802+0000] {dagbag.py:588} INFO - Filling up the DagBag from /opt/airflow/dags/first_dag.py
[2025-01-27T19:07:06.836+0000] {processor.py:925} INFO - DAG(s) 'first_dag' retrieved from /opt/airflow/dags/first_dag.py
[2025-01-27T19:07:06.924+0000] {logging_mixin.py:190} INFO - [2025-01-27T19:07:06.923+0000] {dag.py:3239} INFO - Sync 1 DAGs
[2025-01-27T19:07:07.022+0000] {logging_mixin.py:190} INFO - [2025-01-27T19:07:07.021+0000] {dag.py:4180} INFO - Setting next_dagrun for first_dag to 2025-01-27 00:00:00+00:00, run_after=2025-01-28 00:00:00+00:00
[2025-01-27T19:07:07.079+0000] {processor.py:208} INFO - Processing /opt/airflow/dags/first_dag.py took 0.310 seconds
[2025-01-27T19:07:37.252+0000] {processor.py:186} INFO - Started process (PID=448) to work on /opt/airflow/dags/first_dag.py
[2025-01-27T19:07:37.254+0000] {processor.py:914} INFO - Processing file /opt/airflow/dags/first_dag.py for tasks to queue
[2025-01-27T19:07:37.262+0000] {logging_mixin.py:190} INFO - [2025-01-27T19:07:37.261+0000] {dagbag.py:588} INFO - Filling up the DagBag from /opt/airflow/dags/first_dag.py
[2025-01-27T19:07:37.297+0000] {processor.py:925} INFO - DAG(s) 'first_dag' retrieved from /opt/airflow/dags/first_dag.py
[2025-01-27T19:07:37.387+0000] {logging_mixin.py:190} INFO - [2025-01-27T19:07:37.386+0000] {dag.py:3239} INFO - Sync 1 DAGs
[2025-01-27T19:07:37.488+0000] {logging_mixin.py:190} INFO - [2025-01-27T19:07:37.487+0000] {dag.py:4180} INFO - Setting next_dagrun for first_dag to 2025-01-27 00:00:00+00:00, run_after=2025-01-28 00:00:00+00:00
[2025-01-27T19:07:37.533+0000] {processor.py:208} INFO - Processing /opt/airflow/dags/first_dag.py took 0.305 seconds
[2025-01-27T19:08:07.740+0000] {processor.py:186} INFO - Started process (PID=461) to work on /opt/airflow/dags/first_dag.py
[2025-01-27T19:08:07.742+0000] {processor.py:914} INFO - Processing file /opt/airflow/dags/first_dag.py for tasks to queue
[2025-01-27T19:08:07.749+0000] {logging_mixin.py:190} INFO - [2025-01-27T19:08:07.747+0000] {dagbag.py:588} INFO - Filling up the DagBag from /opt/airflow/dags/first_dag.py
[2025-01-27T19:08:07.781+0000] {processor.py:925} INFO - DAG(s) 'first_dag' retrieved from /opt/airflow/dags/first_dag.py
[2025-01-27T19:08:07.877+0000] {logging_mixin.py:190} INFO - [2025-01-27T19:08:07.876+0000] {dag.py:3239} INFO - Sync 1 DAGs
[2025-01-27T19:08:07.986+0000] {logging_mixin.py:190} INFO - [2025-01-27T19:08:07.986+0000] {dag.py:4180} INFO - Setting next_dagrun for first_dag to 2025-01-27 00:00:00+00:00, run_after=2025-01-28 00:00:00+00:00
[2025-01-27T19:08:08.039+0000] {processor.py:208} INFO - Processing /opt/airflow/dags/first_dag.py took 0.326 seconds
[2025-01-27T19:08:38.500+0000] {processor.py:186} INFO - Started process (PID=474) to work on /opt/airflow/dags/first_dag.py
[2025-01-27T19:08:38.502+0000] {processor.py:914} INFO - Processing file /opt/airflow/dags/first_dag.py for tasks to queue
[2025-01-27T19:08:38.509+0000] {logging_mixin.py:190} INFO - [2025-01-27T19:08:38.508+0000] {dagbag.py:588} INFO - Filling up the DagBag from /opt/airflow/dags/first_dag.py
[2025-01-27T19:08:38.542+0000] {processor.py:925} INFO - DAG(s) 'first_dag' retrieved from /opt/airflow/dags/first_dag.py
[2025-01-27T19:08:38.631+0000] {logging_mixin.py:190} INFO - [2025-01-27T19:08:38.630+0000] {dag.py:3239} INFO - Sync 1 DAGs
[2025-01-27T19:08:38.739+0000] {logging_mixin.py:190} INFO - [2025-01-27T19:08:38.738+0000] {dag.py:4180} INFO - Setting next_dagrun for first_dag to 2025-01-27 00:00:00+00:00, run_after=2025-01-28 00:00:00+00:00
[2025-01-27T19:08:38.791+0000] {processor.py:208} INFO - Processing /opt/airflow/dags/first_dag.py took 0.314 seconds
[2025-01-27T19:09:09.312+0000] {processor.py:186} INFO - Started process (PID=488) to work on /opt/airflow/dags/first_dag.py
[2025-01-27T19:09:09.314+0000] {processor.py:914} INFO - Processing file /opt/airflow/dags/first_dag.py for tasks to queue
[2025-01-27T19:09:09.321+0000] {logging_mixin.py:190} INFO - [2025-01-27T19:09:09.320+0000] {dagbag.py:588} INFO - Filling up the DagBag from /opt/airflow/dags/first_dag.py
[2025-01-27T19:09:09.350+0000] {processor.py:925} INFO - DAG(s) 'first_dag' retrieved from /opt/airflow/dags/first_dag.py
[2025-01-27T19:09:09.421+0000] {logging_mixin.py:190} INFO - [2025-01-27T19:09:09.420+0000] {dag.py:3239} INFO - Sync 1 DAGs
[2025-01-27T19:09:09.501+0000] {logging_mixin.py:190} INFO - [2025-01-27T19:09:09.500+0000] {dag.py:4180} INFO - Setting next_dagrun for first_dag to 2025-01-27 00:00:00+00:00, run_after=2025-01-28 00:00:00+00:00
[2025-01-27T19:09:09.545+0000] {processor.py:208} INFO - Processing /opt/airflow/dags/first_dag.py took 0.256 seconds
[2025-01-27T19:09:39.907+0000] {processor.py:186} INFO - Started process (PID=501) to work on /opt/airflow/dags/first_dag.py
[2025-01-27T19:09:39.909+0000] {processor.py:914} INFO - Processing file /opt/airflow/dags/first_dag.py for tasks to queue
[2025-01-27T19:09:39.915+0000] {logging_mixin.py:190} INFO - [2025-01-27T19:09:39.914+0000] {dagbag.py:588} INFO - Filling up the DagBag from /opt/airflow/dags/first_dag.py
[2025-01-27T19:09:39.945+0000] {processor.py:925} INFO - DAG(s) 'first_dag' retrieved from /opt/airflow/dags/first_dag.py
[2025-01-27T19:09:40.036+0000] {logging_mixin.py:190} INFO - [2025-01-27T19:09:40.035+0000] {dag.py:3239} INFO - Sync 1 DAGs
[2025-01-27T19:09:40.132+0000] {logging_mixin.py:190} INFO - [2025-01-27T19:09:40.132+0000] {dag.py:4180} INFO - Setting next_dagrun for first_dag to 2025-01-27 00:00:00+00:00, run_after=2025-01-28 00:00:00+00:00
[2025-01-27T19:09:40.188+0000] {processor.py:208} INFO - Processing /opt/airflow/dags/first_dag.py took 0.305 seconds
[2025-01-27T19:10:10.361+0000] {processor.py:186} INFO - Started process (PID=511) to work on /opt/airflow/dags/first_dag.py
[2025-01-27T19:10:10.363+0000] {processor.py:914} INFO - Processing file /opt/airflow/dags/first_dag.py for tasks to queue
[2025-01-27T19:10:10.369+0000] {logging_mixin.py:190} INFO - [2025-01-27T19:10:10.368+0000] {dagbag.py:588} INFO - Filling up the DagBag from /opt/airflow/dags/first_dag.py
[2025-01-27T19:10:10.400+0000] {processor.py:925} INFO - DAG(s) 'first_dag' retrieved from /opt/airflow/dags/first_dag.py
[2025-01-27T19:10:10.487+0000] {logging_mixin.py:190} INFO - [2025-01-27T19:10:10.486+0000] {dag.py:3239} INFO - Sync 1 DAGs
[2025-01-27T19:10:10.595+0000] {logging_mixin.py:190} INFO - [2025-01-27T19:10:10.594+0000] {dag.py:4180} INFO - Setting next_dagrun for first_dag to 2025-01-27 00:00:00+00:00, run_after=2025-01-28 00:00:00+00:00
[2025-01-27T19:10:10.649+0000] {processor.py:208} INFO - Processing /opt/airflow/dags/first_dag.py took 0.312 seconds
[2025-01-27T19:10:40.899+0000] {processor.py:186} INFO - Started process (PID=523) to work on /opt/airflow/dags/first_dag.py
[2025-01-27T19:10:40.902+0000] {processor.py:914} INFO - Processing file /opt/airflow/dags/first_dag.py for tasks to queue
[2025-01-27T19:10:40.908+0000] {logging_mixin.py:190} INFO - [2025-01-27T19:10:40.907+0000] {dagbag.py:588} INFO - Filling up the DagBag from /opt/airflow/dags/first_dag.py
[2025-01-27T19:10:40.942+0000] {processor.py:925} INFO - DAG(s) 'first_dag' retrieved from /opt/airflow/dags/first_dag.py
[2025-01-27T19:10:41.036+0000] {logging_mixin.py:190} INFO - [2025-01-27T19:10:41.035+0000] {dag.py:3239} INFO - Sync 1 DAGs
[2025-01-27T19:10:41.131+0000] {logging_mixin.py:190} INFO - [2025-01-27T19:10:41.130+0000] {dag.py:4180} INFO - Setting next_dagrun for first_dag to 2025-01-27 00:00:00+00:00, run_after=2025-01-28 00:00:00+00:00
[2025-01-27T19:10:41.190+0000] {processor.py:208} INFO - Processing /opt/airflow/dags/first_dag.py took 0.317 seconds
[2025-01-27T19:11:11.314+0000] {processor.py:186} INFO - Started process (PID=536) to work on /opt/airflow/dags/first_dag.py
[2025-01-27T19:11:11.316+0000] {processor.py:914} INFO - Processing file /opt/airflow/dags/first_dag.py for tasks to queue
[2025-01-27T19:11:11.325+0000] {logging_mixin.py:190} INFO - [2025-01-27T19:11:11.324+0000] {dagbag.py:588} INFO - Filling up the DagBag from /opt/airflow/dags/first_dag.py
[2025-01-27T19:11:11.365+0000] {processor.py:925} INFO - DAG(s) 'first_dag' retrieved from /opt/airflow/dags/first_dag.py
[2025-01-27T19:11:11.449+0000] {logging_mixin.py:190} INFO - [2025-01-27T19:11:11.449+0000] {dag.py:3239} INFO - Sync 1 DAGs
[2025-01-27T19:11:11.562+0000] {logging_mixin.py:190} INFO - [2025-01-27T19:11:11.562+0000] {dag.py:4180} INFO - Setting next_dagrun for first_dag to 2025-01-27 00:00:00+00:00, run_after=2025-01-28 00:00:00+00:00
[2025-01-27T19:11:11.625+0000] {processor.py:208} INFO - Processing /opt/airflow/dags/first_dag.py took 0.335 seconds
[2025-01-27T19:11:42.188+0000] {processor.py:186} INFO - Started process (PID=549) to work on /opt/airflow/dags/first_dag.py
[2025-01-27T19:11:42.190+0000] {processor.py:914} INFO - Processing file /opt/airflow/dags/first_dag.py for tasks to queue
[2025-01-27T19:11:42.198+0000] {logging_mixin.py:190} INFO - [2025-01-27T19:11:42.198+0000] {dagbag.py:588} INFO - Filling up the DagBag from /opt/airflow/dags/first_dag.py
[2025-01-27T19:11:42.232+0000] {processor.py:925} INFO - DAG(s) 'first_dag' retrieved from /opt/airflow/dags/first_dag.py
[2025-01-27T19:11:42.319+0000] {logging_mixin.py:190} INFO - [2025-01-27T19:11:42.319+0000] {dag.py:3239} INFO - Sync 1 DAGs
[2025-01-27T19:11:42.419+0000] {logging_mixin.py:190} INFO - [2025-01-27T19:11:42.418+0000] {dag.py:4180} INFO - Setting next_dagrun for first_dag to 2025-01-27 00:00:00+00:00, run_after=2025-01-28 00:00:00+00:00
[2025-01-27T19:11:42.466+0000] {processor.py:208} INFO - Processing /opt/airflow/dags/first_dag.py took 0.302 seconds
[2025-01-27T19:12:12.573+0000] {processor.py:186} INFO - Started process (PID=562) to work on /opt/airflow/dags/first_dag.py
[2025-01-27T19:12:12.575+0000] {processor.py:914} INFO - Processing file /opt/airflow/dags/first_dag.py for tasks to queue
[2025-01-27T19:12:12.582+0000] {logging_mixin.py:190} INFO - [2025-01-27T19:12:12.581+0000] {dagbag.py:588} INFO - Filling up the DagBag from /opt/airflow/dags/first_dag.py
[2025-01-27T19:12:12.614+0000] {processor.py:925} INFO - DAG(s) 'first_dag' retrieved from /opt/airflow/dags/first_dag.py
[2025-01-27T19:12:12.705+0000] {logging_mixin.py:190} INFO - [2025-01-27T19:12:12.704+0000] {dag.py:3239} INFO - Sync 1 DAGs
[2025-01-27T19:12:12.807+0000] {logging_mixin.py:190} INFO - [2025-01-27T19:12:12.806+0000] {dag.py:4180} INFO - Setting next_dagrun for first_dag to 2025-01-27 00:00:00+00:00, run_after=2025-01-28 00:00:00+00:00
[2025-01-27T19:12:12.888+0000] {processor.py:208} INFO - Processing /opt/airflow/dags/first_dag.py took 0.342 seconds
[2025-01-27T19:12:43.202+0000] {processor.py:186} INFO - Started process (PID=575) to work on /opt/airflow/dags/first_dag.py
[2025-01-27T19:12:43.204+0000] {processor.py:914} INFO - Processing file /opt/airflow/dags/first_dag.py for tasks to queue
[2025-01-27T19:12:43.213+0000] {logging_mixin.py:190} INFO - [2025-01-27T19:12:43.212+0000] {dagbag.py:588} INFO - Filling up the DagBag from /opt/airflow/dags/first_dag.py
[2025-01-27T19:12:43.245+0000] {processor.py:925} INFO - DAG(s) 'first_dag' retrieved from /opt/airflow/dags/first_dag.py
[2025-01-27T19:12:43.343+0000] {logging_mixin.py:190} INFO - [2025-01-27T19:12:43.342+0000] {dag.py:3239} INFO - Sync 1 DAGs
[2025-01-27T19:12:43.451+0000] {logging_mixin.py:190} INFO - [2025-01-27T19:12:43.450+0000] {dag.py:4180} INFO - Setting next_dagrun for first_dag to 2025-01-27 00:00:00+00:00, run_after=2025-01-28 00:00:00+00:00
[2025-01-27T19:12:43.505+0000] {processor.py:208} INFO - Processing /opt/airflow/dags/first_dag.py took 0.331 seconds
[2025-01-27T19:13:13.863+0000] {processor.py:186} INFO - Started process (PID=588) to work on /opt/airflow/dags/first_dag.py
[2025-01-27T19:13:13.865+0000] {processor.py:914} INFO - Processing file /opt/airflow/dags/first_dag.py for tasks to queue
[2025-01-27T19:13:13.874+0000] {logging_mixin.py:190} INFO - [2025-01-27T19:13:13.873+0000] {dagbag.py:588} INFO - Filling up the DagBag from /opt/airflow/dags/first_dag.py
[2025-01-27T19:13:13.906+0000] {processor.py:925} INFO - DAG(s) 'first_dag' retrieved from /opt/airflow/dags/first_dag.py
[2025-01-27T19:13:13.989+0000] {logging_mixin.py:190} INFO - [2025-01-27T19:13:13.989+0000] {dag.py:3239} INFO - Sync 1 DAGs
[2025-01-27T19:13:14.086+0000] {logging_mixin.py:190} INFO - [2025-01-27T19:13:14.084+0000] {dag.py:4180} INFO - Setting next_dagrun for first_dag to 2025-01-27 00:00:00+00:00, run_after=2025-01-28 00:00:00+00:00
[2025-01-27T19:13:14.167+0000] {processor.py:208} INFO - Processing /opt/airflow/dags/first_dag.py took 0.329 seconds
[2025-01-27T19:13:44.586+0000] {processor.py:186} INFO - Started process (PID=601) to work on /opt/airflow/dags/first_dag.py
[2025-01-27T19:13:44.588+0000] {processor.py:914} INFO - Processing file /opt/airflow/dags/first_dag.py for tasks to queue
[2025-01-27T19:13:44.595+0000] {logging_mixin.py:190} INFO - [2025-01-27T19:13:44.594+0000] {dagbag.py:588} INFO - Filling up the DagBag from /opt/airflow/dags/first_dag.py
[2025-01-27T19:13:44.628+0000] {processor.py:925} INFO - DAG(s) 'first_dag' retrieved from /opt/airflow/dags/first_dag.py
[2025-01-27T19:13:44.715+0000] {logging_mixin.py:190} INFO - [2025-01-27T19:13:44.714+0000] {dag.py:3239} INFO - Sync 1 DAGs
[2025-01-27T19:13:44.826+0000] {logging_mixin.py:190} INFO - [2025-01-27T19:13:44.825+0000] {dag.py:4180} INFO - Setting next_dagrun for first_dag to 2025-01-27 00:00:00+00:00, run_after=2025-01-28 00:00:00+00:00
[2025-01-27T19:13:44.883+0000] {processor.py:208} INFO - Processing /opt/airflow/dags/first_dag.py took 0.324 seconds
[2025-01-27T19:14:14.978+0000] {processor.py:186} INFO - Started process (PID=614) to work on /opt/airflow/dags/first_dag.py
[2025-01-27T19:14:14.980+0000] {processor.py:914} INFO - Processing file /opt/airflow/dags/first_dag.py for tasks to queue
[2025-01-27T19:14:14.987+0000] {logging_mixin.py:190} INFO - [2025-01-27T19:14:14.986+0000] {dagbag.py:588} INFO - Filling up the DagBag from /opt/airflow/dags/first_dag.py
[2025-01-27T19:14:15.020+0000] {processor.py:925} INFO - DAG(s) 'first_dag' retrieved from /opt/airflow/dags/first_dag.py
[2025-01-27T19:14:15.109+0000] {logging_mixin.py:190} INFO - [2025-01-27T19:14:15.108+0000] {dag.py:3239} INFO - Sync 1 DAGs
[2025-01-27T19:14:15.212+0000] {logging_mixin.py:190} INFO - [2025-01-27T19:14:15.212+0000] {dag.py:4180} INFO - Setting next_dagrun for first_dag to 2025-01-27 00:00:00+00:00, run_after=2025-01-28 00:00:00+00:00
[2025-01-27T19:14:15.266+0000] {processor.py:208} INFO - Processing /opt/airflow/dags/first_dag.py took 0.312 seconds
[2025-01-27T19:14:45.815+0000] {processor.py:186} INFO - Started process (PID=627) to work on /opt/airflow/dags/first_dag.py
[2025-01-27T19:14:45.818+0000] {processor.py:914} INFO - Processing file /opt/airflow/dags/first_dag.py for tasks to queue
[2025-01-27T19:14:45.827+0000] {logging_mixin.py:190} INFO - [2025-01-27T19:14:45.826+0000] {dagbag.py:588} INFO - Filling up the DagBag from /opt/airflow/dags/first_dag.py
[2025-01-27T19:14:45.860+0000] {processor.py:925} INFO - DAG(s) 'first_dag' retrieved from /opt/airflow/dags/first_dag.py
[2025-01-27T19:14:45.957+0000] {logging_mixin.py:190} INFO - [2025-01-27T19:14:45.957+0000] {dag.py:3239} INFO - Sync 1 DAGs
[2025-01-27T19:14:46.061+0000] {logging_mixin.py:190} INFO - [2025-01-27T19:14:46.060+0000] {dag.py:4180} INFO - Setting next_dagrun for first_dag to 2025-01-27 00:00:00+00:00, run_after=2025-01-28 00:00:00+00:00
[2025-01-27T19:14:46.111+0000] {processor.py:208} INFO - Processing /opt/airflow/dags/first_dag.py took 0.323 seconds
[2025-01-27T19:15:16.653+0000] {processor.py:186} INFO - Started process (PID=640) to work on /opt/airflow/dags/first_dag.py
[2025-01-27T19:15:16.655+0000] {processor.py:914} INFO - Processing file /opt/airflow/dags/first_dag.py for tasks to queue
[2025-01-27T19:15:16.661+0000] {logging_mixin.py:190} INFO - [2025-01-27T19:15:16.660+0000] {dagbag.py:588} INFO - Filling up the DagBag from /opt/airflow/dags/first_dag.py
[2025-01-27T19:15:16.696+0000] {processor.py:925} INFO - DAG(s) 'first_dag' retrieved from /opt/airflow/dags/first_dag.py
[2025-01-27T19:15:16.786+0000] {logging_mixin.py:190} INFO - [2025-01-27T19:15:16.785+0000] {dag.py:3239} INFO - Sync 1 DAGs
[2025-01-27T19:15:16.892+0000] {logging_mixin.py:190} INFO - [2025-01-27T19:15:16.891+0000] {dag.py:4180} INFO - Setting next_dagrun for first_dag to 2025-01-27 00:00:00+00:00, run_after=2025-01-28 00:00:00+00:00
[2025-01-27T19:15:16.974+0000] {processor.py:208} INFO - Processing /opt/airflow/dags/first_dag.py took 0.349 seconds
[2025-01-27T19:15:47.078+0000] {processor.py:186} INFO - Started process (PID=653) to work on /opt/airflow/dags/first_dag.py
[2025-01-27T19:15:47.080+0000] {processor.py:914} INFO - Processing file /opt/airflow/dags/first_dag.py for tasks to queue
[2025-01-27T19:15:47.087+0000] {logging_mixin.py:190} INFO - [2025-01-27T19:15:47.086+0000] {dagbag.py:588} INFO - Filling up the DagBag from /opt/airflow/dags/first_dag.py
[2025-01-27T19:15:47.119+0000] {processor.py:925} INFO - DAG(s) 'first_dag' retrieved from /opt/airflow/dags/first_dag.py
[2025-01-27T19:15:47.204+0000] {logging_mixin.py:190} INFO - [2025-01-27T19:15:47.203+0000] {dag.py:3239} INFO - Sync 1 DAGs
[2025-01-27T19:15:47.307+0000] {logging_mixin.py:190} INFO - [2025-01-27T19:15:47.306+0000] {dag.py:4180} INFO - Setting next_dagrun for first_dag to 2025-01-27 00:00:00+00:00, run_after=2025-01-28 00:00:00+00:00
[2025-01-27T19:15:47.361+0000] {processor.py:208} INFO - Processing /opt/airflow/dags/first_dag.py took 0.309 seconds
[2025-01-27T19:16:17.699+0000] {processor.py:186} INFO - Started process (PID=665) to work on /opt/airflow/dags/first_dag.py
[2025-01-27T19:16:17.701+0000] {processor.py:914} INFO - Processing file /opt/airflow/dags/first_dag.py for tasks to queue
[2025-01-27T19:16:17.708+0000] {logging_mixin.py:190} INFO - [2025-01-27T19:16:17.707+0000] {dagbag.py:588} INFO - Filling up the DagBag from /opt/airflow/dags/first_dag.py
[2025-01-27T19:16:17.743+0000] {processor.py:925} INFO - DAG(s) 'first_dag' retrieved from /opt/airflow/dags/first_dag.py
[2025-01-27T19:16:17.859+0000] {logging_mixin.py:190} INFO - [2025-01-27T19:16:17.858+0000] {dag.py:3239} INFO - Sync 1 DAGs
[2025-01-27T19:16:17.976+0000] {logging_mixin.py:190} INFO - [2025-01-27T19:16:17.976+0000] {dag.py:4180} INFO - Setting next_dagrun for first_dag to 2025-01-27 00:00:00+00:00, run_after=2025-01-28 00:00:00+00:00
[2025-01-27T19:16:18.033+0000] {processor.py:208} INFO - Processing /opt/airflow/dags/first_dag.py took 0.360 seconds
[2025-01-27T19:16:49.063+0000] {processor.py:186} INFO - Started process (PID=683) to work on /opt/airflow/dags/first_dag.py
[2025-01-27T19:16:49.065+0000] {processor.py:914} INFO - Processing file /opt/airflow/dags/first_dag.py for tasks to queue
[2025-01-27T19:16:49.071+0000] {logging_mixin.py:190} INFO - [2025-01-27T19:16:49.070+0000] {dagbag.py:588} INFO - Filling up the DagBag from /opt/airflow/dags/first_dag.py
[2025-01-27T19:16:49.099+0000] {processor.py:925} INFO - DAG(s) 'first_dag' retrieved from /opt/airflow/dags/first_dag.py
[2025-01-27T19:16:49.174+0000] {logging_mixin.py:190} INFO - [2025-01-27T19:16:49.173+0000] {dag.py:3239} INFO - Sync 1 DAGs
[2025-01-27T19:16:49.259+0000] {logging_mixin.py:190} INFO - [2025-01-27T19:16:49.259+0000] {dag.py:4180} INFO - Setting next_dagrun for first_dag to 2025-01-27 00:00:00+00:00, run_after=2025-01-28 00:00:00+00:00
[2025-01-27T19:16:49.306+0000] {processor.py:208} INFO - Processing /opt/airflow/dags/first_dag.py took 0.263 seconds
[2025-01-27T19:17:19.737+0000] {processor.py:186} INFO - Started process (PID=696) to work on /opt/airflow/dags/first_dag.py
[2025-01-27T19:17:19.739+0000] {processor.py:914} INFO - Processing file /opt/airflow/dags/first_dag.py for tasks to queue
[2025-01-27T19:17:19.746+0000] {logging_mixin.py:190} INFO - [2025-01-27T19:17:19.745+0000] {dagbag.py:588} INFO - Filling up the DagBag from /opt/airflow/dags/first_dag.py
[2025-01-27T19:17:19.780+0000] {processor.py:925} INFO - DAG(s) 'first_dag' retrieved from /opt/airflow/dags/first_dag.py
[2025-01-27T19:17:19.876+0000] {logging_mixin.py:190} INFO - [2025-01-27T19:17:19.875+0000] {dag.py:3239} INFO - Sync 1 DAGs
[2025-01-27T19:17:19.974+0000] {logging_mixin.py:190} INFO - [2025-01-27T19:17:19.974+0000] {dag.py:4180} INFO - Setting next_dagrun for first_dag to 2025-01-27 00:00:00+00:00, run_after=2025-01-28 00:00:00+00:00
[2025-01-27T19:17:20.051+0000] {processor.py:208} INFO - Processing /opt/airflow/dags/first_dag.py took 0.343 seconds
[2025-01-27T19:17:50.319+0000] {processor.py:186} INFO - Started process (PID=709) to work on /opt/airflow/dags/first_dag.py
[2025-01-27T19:17:50.321+0000] {processor.py:914} INFO - Processing file /opt/airflow/dags/first_dag.py for tasks to queue
[2025-01-27T19:17:50.328+0000] {logging_mixin.py:190} INFO - [2025-01-27T19:17:50.327+0000] {dagbag.py:588} INFO - Filling up the DagBag from /opt/airflow/dags/first_dag.py
[2025-01-27T19:17:50.359+0000] {processor.py:925} INFO - DAG(s) 'first_dag' retrieved from /opt/airflow/dags/first_dag.py
[2025-01-27T19:17:50.443+0000] {logging_mixin.py:190} INFO - [2025-01-27T19:17:50.443+0000] {dag.py:3239} INFO - Sync 1 DAGs
[2025-01-27T19:17:50.539+0000] {logging_mixin.py:190} INFO - [2025-01-27T19:17:50.539+0000] {dag.py:4180} INFO - Setting next_dagrun for first_dag to 2025-01-27 00:00:00+00:00, run_after=2025-01-28 00:00:00+00:00
[2025-01-27T19:17:50.595+0000] {processor.py:208} INFO - Processing /opt/airflow/dags/first_dag.py took 0.307 seconds
[2025-01-27T19:18:20.921+0000] {processor.py:186} INFO - Started process (PID=722) to work on /opt/airflow/dags/first_dag.py
[2025-01-27T19:18:20.923+0000] {processor.py:914} INFO - Processing file /opt/airflow/dags/first_dag.py for tasks to queue
[2025-01-27T19:18:20.929+0000] {logging_mixin.py:190} INFO - [2025-01-27T19:18:20.928+0000] {dagbag.py:588} INFO - Filling up the DagBag from /opt/airflow/dags/first_dag.py
[2025-01-27T19:18:20.959+0000] {processor.py:925} INFO - DAG(s) 'first_dag' retrieved from /opt/airflow/dags/first_dag.py
[2025-01-27T19:18:21.044+0000] {logging_mixin.py:190} INFO - [2025-01-27T19:18:21.043+0000] {dag.py:3239} INFO - Sync 1 DAGs
[2025-01-27T19:18:21.140+0000] {logging_mixin.py:190} INFO - [2025-01-27T19:18:21.140+0000] {dag.py:4180} INFO - Setting next_dagrun for first_dag to 2025-01-27 00:00:00+00:00, run_after=2025-01-28 00:00:00+00:00
[2025-01-27T19:18:21.195+0000] {processor.py:208} INFO - Processing /opt/airflow/dags/first_dag.py took 0.305 seconds
[2025-01-27T19:18:51.985+0000] {processor.py:186} INFO - Started process (PID=735) to work on /opt/airflow/dags/first_dag.py
[2025-01-27T19:18:51.987+0000] {processor.py:914} INFO - Processing file /opt/airflow/dags/first_dag.py for tasks to queue
[2025-01-27T19:18:51.993+0000] {logging_mixin.py:190} INFO - [2025-01-27T19:18:51.992+0000] {dagbag.py:588} INFO - Filling up the DagBag from /opt/airflow/dags/first_dag.py
[2025-01-27T19:18:52.021+0000] {processor.py:925} INFO - DAG(s) 'first_dag' retrieved from /opt/airflow/dags/first_dag.py
[2025-01-27T19:18:52.097+0000] {logging_mixin.py:190} INFO - [2025-01-27T19:18:52.096+0000] {dag.py:3239} INFO - Sync 1 DAGs
[2025-01-27T19:18:52.181+0000] {logging_mixin.py:190} INFO - [2025-01-27T19:18:52.181+0000] {dag.py:4180} INFO - Setting next_dagrun for first_dag to 2025-01-27 00:00:00+00:00, run_after=2025-01-28 00:00:00+00:00
[2025-01-27T19:18:52.241+0000] {processor.py:208} INFO - Processing /opt/airflow/dags/first_dag.py took 0.285 seconds
[2025-01-27T19:19:23.281+0000] {processor.py:186} INFO - Started process (PID=748) to work on /opt/airflow/dags/first_dag.py
[2025-01-27T19:19:23.283+0000] {processor.py:914} INFO - Processing file /opt/airflow/dags/first_dag.py for tasks to queue
[2025-01-27T19:19:23.289+0000] {logging_mixin.py:190} INFO - [2025-01-27T19:19:23.288+0000] {dagbag.py:588} INFO - Filling up the DagBag from /opt/airflow/dags/first_dag.py
[2025-01-27T19:19:23.317+0000] {processor.py:925} INFO - DAG(s) 'first_dag' retrieved from /opt/airflow/dags/first_dag.py
[2025-01-27T19:19:23.398+0000] {logging_mixin.py:190} INFO - [2025-01-27T19:19:23.398+0000] {dag.py:3239} INFO - Sync 1 DAGs
[2025-01-27T19:19:23.482+0000] {logging_mixin.py:190} INFO - [2025-01-27T19:19:23.481+0000] {dag.py:4180} INFO - Setting next_dagrun for first_dag to 2025-01-27 00:00:00+00:00, run_after=2025-01-28 00:00:00+00:00
[2025-01-27T19:19:23.527+0000] {processor.py:208} INFO - Processing /opt/airflow/dags/first_dag.py took 0.268 seconds
[2025-01-27T19:19:56.045+0000] {processor.py:186} INFO - Started process (PID=761) to work on /opt/airflow/dags/first_dag.py
[2025-01-27T19:19:56.046+0000] {processor.py:914} INFO - Processing file /opt/airflow/dags/first_dag.py for tasks to queue
[2025-01-27T19:19:56.052+0000] {logging_mixin.py:190} INFO - [2025-01-27T19:19:56.051+0000] {dagbag.py:588} INFO - Filling up the DagBag from /opt/airflow/dags/first_dag.py
[2025-01-27T19:19:56.081+0000] {processor.py:925} INFO - DAG(s) 'first_dag' retrieved from /opt/airflow/dags/first_dag.py
[2025-01-27T19:19:56.159+0000] {logging_mixin.py:190} INFO - [2025-01-27T19:19:56.158+0000] {dag.py:3239} INFO - Sync 1 DAGs
[2025-01-27T19:19:56.269+0000] {logging_mixin.py:190} INFO - [2025-01-27T19:19:56.268+0000] {dag.py:4180} INFO - Setting next_dagrun for first_dag to 2025-01-27 00:00:00+00:00, run_after=2025-01-28 00:00:00+00:00
[2025-01-27T19:19:56.328+0000] {processor.py:208} INFO - Processing /opt/airflow/dags/first_dag.py took 0.312 seconds
[2025-01-27T19:20:28.750+0000] {processor.py:186} INFO - Started process (PID=774) to work on /opt/airflow/dags/first_dag.py
[2025-01-27T19:20:28.751+0000] {processor.py:914} INFO - Processing file /opt/airflow/dags/first_dag.py for tasks to queue
[2025-01-27T19:20:28.758+0000] {logging_mixin.py:190} INFO - [2025-01-27T19:20:28.757+0000] {dagbag.py:588} INFO - Filling up the DagBag from /opt/airflow/dags/first_dag.py
[2025-01-27T19:20:28.791+0000] {processor.py:925} INFO - DAG(s) 'first_dag' retrieved from /opt/airflow/dags/first_dag.py
[2025-01-27T19:20:28.883+0000] {logging_mixin.py:190} INFO - [2025-01-27T19:20:28.882+0000] {dag.py:3239} INFO - Sync 1 DAGs
[2025-01-27T19:20:29.017+0000] {logging_mixin.py:190} INFO - [2025-01-27T19:20:29.017+0000] {dag.py:4180} INFO - Setting next_dagrun for first_dag to 2025-01-27 00:00:00+00:00, run_after=2025-01-28 00:00:00+00:00
[2025-01-27T19:20:29.070+0000] {processor.py:208} INFO - Processing /opt/airflow/dags/first_dag.py took 0.355 seconds
[2025-01-27T19:21:01.445+0000] {processor.py:186} INFO - Started process (PID=787) to work on /opt/airflow/dags/first_dag.py
[2025-01-27T19:21:01.447+0000] {processor.py:914} INFO - Processing file /opt/airflow/dags/first_dag.py for tasks to queue
[2025-01-27T19:21:01.454+0000] {logging_mixin.py:190} INFO - [2025-01-27T19:21:01.453+0000] {dagbag.py:588} INFO - Filling up the DagBag from /opt/airflow/dags/first_dag.py
[2025-01-27T19:21:01.485+0000] {processor.py:925} INFO - DAG(s) 'first_dag' retrieved from /opt/airflow/dags/first_dag.py
[2025-01-27T19:21:01.575+0000] {logging_mixin.py:190} INFO - [2025-01-27T19:21:01.575+0000] {dag.py:3239} INFO - Sync 1 DAGs
[2025-01-27T19:21:01.678+0000] {logging_mixin.py:190} INFO - [2025-01-27T19:21:01.678+0000] {dag.py:4180} INFO - Setting next_dagrun for first_dag to 2025-01-27 00:00:00+00:00, run_after=2025-01-28 00:00:00+00:00
[2025-01-27T19:21:01.727+0000] {processor.py:208} INFO - Processing /opt/airflow/dags/first_dag.py took 0.310 seconds
[2025-01-27T19:21:33.571+0000] {processor.py:186} INFO - Started process (PID=800) to work on /opt/airflow/dags/first_dag.py
[2025-01-27T19:21:33.573+0000] {processor.py:914} INFO - Processing file /opt/airflow/dags/first_dag.py for tasks to queue
[2025-01-27T19:21:33.579+0000] {logging_mixin.py:190} INFO - [2025-01-27T19:21:33.578+0000] {dagbag.py:588} INFO - Filling up the DagBag from /opt/airflow/dags/first_dag.py
[2025-01-27T19:21:33.609+0000] {processor.py:925} INFO - DAG(s) 'first_dag' retrieved from /opt/airflow/dags/first_dag.py
[2025-01-27T19:21:33.681+0000] {logging_mixin.py:190} INFO - [2025-01-27T19:21:33.681+0000] {dag.py:3239} INFO - Sync 1 DAGs
[2025-01-27T19:21:33.769+0000] {logging_mixin.py:190} INFO - [2025-01-27T19:21:33.768+0000] {dag.py:4180} INFO - Setting next_dagrun for first_dag to 2025-01-27 00:00:00+00:00, run_after=2025-01-28 00:00:00+00:00
[2025-01-27T19:21:33.816+0000] {processor.py:208} INFO - Processing /opt/airflow/dags/first_dag.py took 0.269 seconds
[2025-01-27T19:22:05.400+0000] {processor.py:186} INFO - Started process (PID=813) to work on /opt/airflow/dags/first_dag.py
[2025-01-27T19:22:05.402+0000] {processor.py:914} INFO - Processing file /opt/airflow/dags/first_dag.py for tasks to queue
[2025-01-27T19:22:05.407+0000] {logging_mixin.py:190} INFO - [2025-01-27T19:22:05.406+0000] {dagbag.py:588} INFO - Filling up the DagBag from /opt/airflow/dags/first_dag.py
[2025-01-27T19:22:05.434+0000] {processor.py:925} INFO - DAG(s) 'first_dag' retrieved from /opt/airflow/dags/first_dag.py
[2025-01-27T19:22:05.508+0000] {logging_mixin.py:190} INFO - [2025-01-27T19:22:05.507+0000] {dag.py:3239} INFO - Sync 1 DAGs
[2025-01-27T19:22:05.594+0000] {logging_mixin.py:190} INFO - [2025-01-27T19:22:05.593+0000] {dag.py:4180} INFO - Setting next_dagrun for first_dag to 2025-01-27 00:00:00+00:00, run_after=2025-01-28 00:00:00+00:00
[2025-01-27T19:22:05.644+0000] {processor.py:208} INFO - Processing /opt/airflow/dags/first_dag.py took 0.264 seconds
[2025-01-27T19:22:37.394+0000] {processor.py:186} INFO - Started process (PID=826) to work on /opt/airflow/dags/first_dag.py
[2025-01-27T19:22:37.396+0000] {processor.py:914} INFO - Processing file /opt/airflow/dags/first_dag.py for tasks to queue
[2025-01-27T19:22:37.402+0000] {logging_mixin.py:190} INFO - [2025-01-27T19:22:37.401+0000] {dagbag.py:588} INFO - Filling up the DagBag from /opt/airflow/dags/first_dag.py
[2025-01-27T19:22:37.430+0000] {processor.py:925} INFO - DAG(s) 'first_dag' retrieved from /opt/airflow/dags/first_dag.py
[2025-01-27T19:22:37.518+0000] {logging_mixin.py:190} INFO - [2025-01-27T19:22:37.517+0000] {dag.py:3239} INFO - Sync 1 DAGs
[2025-01-27T19:22:37.613+0000] {logging_mixin.py:190} INFO - [2025-01-27T19:22:37.612+0000] {dag.py:4180} INFO - Setting next_dagrun for first_dag to 2025-01-27 00:00:00+00:00, run_after=2025-01-28 00:00:00+00:00
[2025-01-27T19:22:37.662+0000] {processor.py:208} INFO - Processing /opt/airflow/dags/first_dag.py took 0.289 seconds
[2025-01-27T19:23:07.861+0000] {processor.py:186} INFO - Started process (PID=837) to work on /opt/airflow/dags/first_dag.py
[2025-01-27T19:23:07.863+0000] {processor.py:914} INFO - Processing file /opt/airflow/dags/first_dag.py for tasks to queue
[2025-01-27T19:23:07.869+0000] {logging_mixin.py:190} INFO - [2025-01-27T19:23:07.868+0000] {dagbag.py:588} INFO - Filling up the DagBag from /opt/airflow/dags/first_dag.py
[2025-01-27T19:23:07.902+0000] {processor.py:925} INFO - DAG(s) 'first_dag' retrieved from /opt/airflow/dags/first_dag.py
[2025-01-27T19:23:07.992+0000] {logging_mixin.py:190} INFO - [2025-01-27T19:23:07.991+0000] {dag.py:3239} INFO - Sync 1 DAGs
[2025-01-27T19:23:08.087+0000] {logging_mixin.py:190} INFO - [2025-01-27T19:23:08.087+0000] {dag.py:4180} INFO - Setting next_dagrun for first_dag to 2025-01-27 00:00:00+00:00, run_after=2025-01-28 00:00:00+00:00
[2025-01-27T19:23:08.141+0000] {processor.py:208} INFO - Processing /opt/airflow/dags/first_dag.py took 0.310 seconds
[2025-01-27T19:23:38.368+0000] {processor.py:186} INFO - Started process (PID=848) to work on /opt/airflow/dags/first_dag.py
[2025-01-27T19:23:38.370+0000] {processor.py:914} INFO - Processing file /opt/airflow/dags/first_dag.py for tasks to queue
[2025-01-27T19:23:38.376+0000] {logging_mixin.py:190} INFO - [2025-01-27T19:23:38.376+0000] {dagbag.py:588} INFO - Filling up the DagBag from /opt/airflow/dags/first_dag.py
[2025-01-27T19:23:38.403+0000] {processor.py:925} INFO - DAG(s) 'first_dag' retrieved from /opt/airflow/dags/first_dag.py
[2025-01-27T19:23:38.481+0000] {logging_mixin.py:190} INFO - [2025-01-27T19:23:38.480+0000] {dag.py:3239} INFO - Sync 1 DAGs
[2025-01-27T19:23:38.567+0000] {logging_mixin.py:190} INFO - [2025-01-27T19:23:38.566+0000] {dag.py:4180} INFO - Setting next_dagrun for first_dag to 2025-01-27 00:00:00+00:00, run_after=2025-01-28 00:00:00+00:00
[2025-01-27T19:23:38.609+0000] {processor.py:208} INFO - Processing /opt/airflow/dags/first_dag.py took 0.266 seconds
[2025-01-27T19:24:08.791+0000] {processor.py:186} INFO - Started process (PID=861) to work on /opt/airflow/dags/first_dag.py
[2025-01-27T19:24:08.793+0000] {processor.py:914} INFO - Processing file /opt/airflow/dags/first_dag.py for tasks to queue
[2025-01-27T19:24:08.799+0000] {logging_mixin.py:190} INFO - [2025-01-27T19:24:08.798+0000] {dagbag.py:588} INFO - Filling up the DagBag from /opt/airflow/dags/first_dag.py
[2025-01-27T19:24:08.836+0000] {processor.py:925} INFO - DAG(s) 'first_dag' retrieved from /opt/airflow/dags/first_dag.py
[2025-01-27T19:24:08.947+0000] {logging_mixin.py:190} INFO - [2025-01-27T19:24:08.947+0000] {dag.py:3239} INFO - Sync 1 DAGs
[2025-01-27T19:24:09.060+0000] {logging_mixin.py:190} INFO - [2025-01-27T19:24:09.059+0000] {dag.py:4180} INFO - Setting next_dagrun for first_dag to 2025-01-27 00:00:00+00:00, run_after=2025-01-28 00:00:00+00:00
[2025-01-27T19:24:09.116+0000] {processor.py:208} INFO - Processing /opt/airflow/dags/first_dag.py took 0.352 seconds
[2025-01-27T19:24:39.267+0000] {processor.py:186} INFO - Started process (PID=874) to work on /opt/airflow/dags/first_dag.py
[2025-01-27T19:24:39.269+0000] {processor.py:914} INFO - Processing file /opt/airflow/dags/first_dag.py for tasks to queue
[2025-01-27T19:24:39.276+0000] {logging_mixin.py:190} INFO - [2025-01-27T19:24:39.275+0000] {dagbag.py:588} INFO - Filling up the DagBag from /opt/airflow/dags/first_dag.py
[2025-01-27T19:24:39.308+0000] {processor.py:925} INFO - DAG(s) 'first_dag' retrieved from /opt/airflow/dags/first_dag.py
[2025-01-27T19:24:39.401+0000] {logging_mixin.py:190} INFO - [2025-01-27T19:24:39.400+0000] {dag.py:3239} INFO - Sync 1 DAGs
[2025-01-27T19:24:39.531+0000] {logging_mixin.py:190} INFO - [2025-01-27T19:24:39.530+0000] {dag.py:4180} INFO - Setting next_dagrun for first_dag to 2025-01-27 00:00:00+00:00, run_after=2025-01-28 00:00:00+00:00
[2025-01-27T19:24:39.591+0000] {processor.py:208} INFO - Processing /opt/airflow/dags/first_dag.py took 0.354 seconds
[2025-01-27T19:25:09.683+0000] {processor.py:186} INFO - Started process (PID=887) to work on /opt/airflow/dags/first_dag.py
[2025-01-27T19:25:09.685+0000] {processor.py:914} INFO - Processing file /opt/airflow/dags/first_dag.py for tasks to queue
[2025-01-27T19:25:09.693+0000] {logging_mixin.py:190} INFO - [2025-01-27T19:25:09.692+0000] {dagbag.py:588} INFO - Filling up the DagBag from /opt/airflow/dags/first_dag.py
[2025-01-27T19:25:09.723+0000] {processor.py:925} INFO - DAG(s) 'first_dag' retrieved from /opt/airflow/dags/first_dag.py
[2025-01-27T19:25:09.809+0000] {logging_mixin.py:190} INFO - [2025-01-27T19:25:09.808+0000] {dag.py:3239} INFO - Sync 1 DAGs
[2025-01-27T19:25:09.908+0000] {logging_mixin.py:190} INFO - [2025-01-27T19:25:09.907+0000] {dag.py:4180} INFO - Setting next_dagrun for first_dag to 2025-01-27 00:00:00+00:00, run_after=2025-01-28 00:00:00+00:00
[2025-01-27T19:25:09.954+0000] {processor.py:208} INFO - Processing /opt/airflow/dags/first_dag.py took 0.293 seconds
[2025-01-27T19:25:40.461+0000] {processor.py:186} INFO - Started process (PID=900) to work on /opt/airflow/dags/first_dag.py
[2025-01-27T19:25:40.463+0000] {processor.py:914} INFO - Processing file /opt/airflow/dags/first_dag.py for tasks to queue
[2025-01-27T19:25:40.474+0000] {logging_mixin.py:190} INFO - [2025-01-27T19:25:40.474+0000] {dagbag.py:588} INFO - Filling up the DagBag from /opt/airflow/dags/first_dag.py
[2025-01-27T19:25:40.506+0000] {processor.py:925} INFO - DAG(s) 'first_dag' retrieved from /opt/airflow/dags/first_dag.py
[2025-01-27T19:25:40.594+0000] {logging_mixin.py:190} INFO - [2025-01-27T19:25:40.593+0000] {dag.py:3239} INFO - Sync 1 DAGs
[2025-01-27T19:25:40.686+0000] {logging_mixin.py:190} INFO - [2025-01-27T19:25:40.685+0000] {dag.py:4180} INFO - Setting next_dagrun for first_dag to 2025-01-27 00:00:00+00:00, run_after=2025-01-28 00:00:00+00:00
[2025-01-27T19:25:40.731+0000] {processor.py:208} INFO - Processing /opt/airflow/dags/first_dag.py took 0.299 seconds
[2025-01-27T19:26:11.354+0000] {processor.py:186} INFO - Started process (PID=913) to work on /opt/airflow/dags/first_dag.py
[2025-01-27T19:26:11.356+0000] {processor.py:914} INFO - Processing file /opt/airflow/dags/first_dag.py for tasks to queue
[2025-01-27T19:26:11.364+0000] {logging_mixin.py:190} INFO - [2025-01-27T19:26:11.363+0000] {dagbag.py:588} INFO - Filling up the DagBag from /opt/airflow/dags/first_dag.py
[2025-01-27T19:26:11.394+0000] {processor.py:925} INFO - DAG(s) 'first_dag' retrieved from /opt/airflow/dags/first_dag.py
[2025-01-27T19:26:11.483+0000] {logging_mixin.py:190} INFO - [2025-01-27T19:26:11.482+0000] {dag.py:3239} INFO - Sync 1 DAGs
[2025-01-27T19:26:11.578+0000] {logging_mixin.py:190} INFO - [2025-01-27T19:26:11.577+0000] {dag.py:4180} INFO - Setting next_dagrun for first_dag to 2025-01-27 00:00:00+00:00, run_after=2025-01-28 00:00:00+00:00
[2025-01-27T19:26:11.635+0000] {processor.py:208} INFO - Processing /opt/airflow/dags/first_dag.py took 0.313 seconds
[2025-01-27T19:26:42.126+0000] {processor.py:186} INFO - Started process (PID=926) to work on /opt/airflow/dags/first_dag.py
[2025-01-27T19:26:42.128+0000] {processor.py:914} INFO - Processing file /opt/airflow/dags/first_dag.py for tasks to queue
[2025-01-27T19:26:42.138+0000] {logging_mixin.py:190} INFO - [2025-01-27T19:26:42.137+0000] {dagbag.py:588} INFO - Filling up the DagBag from /opt/airflow/dags/first_dag.py
[2025-01-27T19:26:42.172+0000] {processor.py:925} INFO - DAG(s) 'first_dag' retrieved from /opt/airflow/dags/first_dag.py
[2025-01-27T19:26:42.268+0000] {logging_mixin.py:190} INFO - [2025-01-27T19:26:42.267+0000] {dag.py:3239} INFO - Sync 1 DAGs
[2025-01-27T19:26:42.389+0000] {logging_mixin.py:190} INFO - [2025-01-27T19:26:42.389+0000] {dag.py:4180} INFO - Setting next_dagrun for first_dag to 2025-01-27 00:00:00+00:00, run_after=2025-01-28 00:00:00+00:00
[2025-01-27T19:26:42.442+0000] {processor.py:208} INFO - Processing /opt/airflow/dags/first_dag.py took 0.342 seconds
[2025-01-27T19:27:12.956+0000] {processor.py:186} INFO - Started process (PID=939) to work on /opt/airflow/dags/first_dag.py
[2025-01-27T19:27:12.958+0000] {processor.py:914} INFO - Processing file /opt/airflow/dags/first_dag.py for tasks to queue
[2025-01-27T19:27:12.967+0000] {logging_mixin.py:190} INFO - [2025-01-27T19:27:12.966+0000] {dagbag.py:588} INFO - Filling up the DagBag from /opt/airflow/dags/first_dag.py
[2025-01-27T19:27:13.001+0000] {processor.py:925} INFO - DAG(s) 'first_dag' retrieved from /opt/airflow/dags/first_dag.py
[2025-01-27T19:27:13.102+0000] {logging_mixin.py:190} INFO - [2025-01-27T19:27:13.102+0000] {dag.py:3239} INFO - Sync 1 DAGs
[2025-01-27T19:27:13.210+0000] {logging_mixin.py:190} INFO - [2025-01-27T19:27:13.209+0000] {dag.py:4180} INFO - Setting next_dagrun for first_dag to 2025-01-27 00:00:00+00:00, run_after=2025-01-28 00:00:00+00:00
[2025-01-27T19:27:13.266+0000] {processor.py:208} INFO - Processing /opt/airflow/dags/first_dag.py took 0.339 seconds
[2025-01-27T19:27:43.731+0000] {processor.py:186} INFO - Started process (PID=952) to work on /opt/airflow/dags/first_dag.py
[2025-01-27T19:27:43.733+0000] {processor.py:914} INFO - Processing file /opt/airflow/dags/first_dag.py for tasks to queue
[2025-01-27T19:27:43.739+0000] {logging_mixin.py:190} INFO - [2025-01-27T19:27:43.738+0000] {dagbag.py:588} INFO - Filling up the DagBag from /opt/airflow/dags/first_dag.py
[2025-01-27T19:27:43.772+0000] {processor.py:925} INFO - DAG(s) 'first_dag' retrieved from /opt/airflow/dags/first_dag.py
[2025-01-27T19:27:43.861+0000] {logging_mixin.py:190} INFO - [2025-01-27T19:27:43.860+0000] {dag.py:3239} INFO - Sync 1 DAGs
[2025-01-27T19:27:43.961+0000] {logging_mixin.py:190} INFO - [2025-01-27T19:27:43.961+0000] {dag.py:4180} INFO - Setting next_dagrun for first_dag to 2025-01-27 00:00:00+00:00, run_after=2025-01-28 00:00:00+00:00
[2025-01-27T19:27:44.014+0000] {processor.py:208} INFO - Processing /opt/airflow/dags/first_dag.py took 0.312 seconds
[2025-01-27T19:28:14.147+0000] {processor.py:186} INFO - Started process (PID=965) to work on /opt/airflow/dags/first_dag.py
[2025-01-27T19:28:14.149+0000] {processor.py:914} INFO - Processing file /opt/airflow/dags/first_dag.py for tasks to queue
[2025-01-27T19:28:14.156+0000] {logging_mixin.py:190} INFO - [2025-01-27T19:28:14.155+0000] {dagbag.py:588} INFO - Filling up the DagBag from /opt/airflow/dags/first_dag.py
[2025-01-27T19:28:14.195+0000] {processor.py:925} INFO - DAG(s) 'first_dag' retrieved from /opt/airflow/dags/first_dag.py
[2025-01-27T19:28:14.275+0000] {logging_mixin.py:190} INFO - [2025-01-27T19:28:14.274+0000] {dag.py:3239} INFO - Sync 1 DAGs
[2025-01-27T19:28:14.369+0000] {logging_mixin.py:190} INFO - [2025-01-27T19:28:14.369+0000] {dag.py:4180} INFO - Setting next_dagrun for first_dag to 2025-01-27 00:00:00+00:00, run_after=2025-01-28 00:00:00+00:00
[2025-01-27T19:28:14.426+0000] {processor.py:208} INFO - Processing /opt/airflow/dags/first_dag.py took 0.308 seconds
[2025-01-27T19:28:44.565+0000] {processor.py:186} INFO - Started process (PID=979) to work on /opt/airflow/dags/first_dag.py
[2025-01-27T19:28:44.567+0000] {processor.py:914} INFO - Processing file /opt/airflow/dags/first_dag.py for tasks to queue
[2025-01-27T19:28:44.573+0000] {logging_mixin.py:190} INFO - [2025-01-27T19:28:44.572+0000] {dagbag.py:588} INFO - Filling up the DagBag from /opt/airflow/dags/first_dag.py
[2025-01-27T19:28:44.607+0000] {processor.py:925} INFO - DAG(s) 'first_dag' retrieved from /opt/airflow/dags/first_dag.py
[2025-01-27T19:28:44.697+0000] {logging_mixin.py:190} INFO - [2025-01-27T19:28:44.697+0000] {dag.py:3239} INFO - Sync 1 DAGs
[2025-01-27T19:28:44.802+0000] {logging_mixin.py:190} INFO - [2025-01-27T19:28:44.802+0000] {dag.py:4180} INFO - Setting next_dagrun for first_dag to 2025-01-27 00:00:00+00:00, run_after=2025-01-28 00:00:00+00:00
[2025-01-27T19:28:44.852+0000] {processor.py:208} INFO - Processing /opt/airflow/dags/first_dag.py took 0.311 seconds
[2025-01-27T19:29:15.537+0000] {processor.py:186} INFO - Started process (PID=992) to work on /opt/airflow/dags/first_dag.py
[2025-01-27T19:29:15.539+0000] {processor.py:914} INFO - Processing file /opt/airflow/dags/first_dag.py for tasks to queue
[2025-01-27T19:29:15.547+0000] {logging_mixin.py:190} INFO - [2025-01-27T19:29:15.546+0000] {dagbag.py:588} INFO - Filling up the DagBag from /opt/airflow/dags/first_dag.py
[2025-01-27T19:29:15.582+0000] {processor.py:925} INFO - DAG(s) 'first_dag' retrieved from /opt/airflow/dags/first_dag.py
[2025-01-27T19:29:15.671+0000] {logging_mixin.py:190} INFO - [2025-01-27T19:29:15.670+0000] {dag.py:3239} INFO - Sync 1 DAGs
[2025-01-27T19:29:15.768+0000] {logging_mixin.py:190} INFO - [2025-01-27T19:29:15.768+0000] {dag.py:4180} INFO - Setting next_dagrun for first_dag to 2025-01-27 00:00:00+00:00, run_after=2025-01-28 00:00:00+00:00
[2025-01-27T19:29:15.823+0000] {processor.py:208} INFO - Processing /opt/airflow/dags/first_dag.py took 0.313 seconds
[2025-01-27T19:29:46.217+0000] {processor.py:186} INFO - Started process (PID=1005) to work on /opt/airflow/dags/first_dag.py
[2025-01-27T19:29:46.220+0000] {processor.py:914} INFO - Processing file /opt/airflow/dags/first_dag.py for tasks to queue
[2025-01-27T19:29:46.227+0000] {logging_mixin.py:190} INFO - [2025-01-27T19:29:46.226+0000] {dagbag.py:588} INFO - Filling up the DagBag from /opt/airflow/dags/first_dag.py
[2025-01-27T19:29:46.260+0000] {processor.py:925} INFO - DAG(s) 'first_dag' retrieved from /opt/airflow/dags/first_dag.py
[2025-01-27T19:29:46.351+0000] {logging_mixin.py:190} INFO - [2025-01-27T19:29:46.350+0000] {dag.py:3239} INFO - Sync 1 DAGs
[2025-01-27T19:29:46.450+0000] {logging_mixin.py:190} INFO - [2025-01-27T19:29:46.449+0000] {dag.py:4180} INFO - Setting next_dagrun for first_dag to 2025-01-27 00:00:00+00:00, run_after=2025-01-28 00:00:00+00:00
[2025-01-27T19:29:46.526+0000] {processor.py:208} INFO - Processing /opt/airflow/dags/first_dag.py took 0.333 seconds
[2025-01-27T19:30:16.961+0000] {processor.py:186} INFO - Started process (PID=1018) to work on /opt/airflow/dags/first_dag.py
[2025-01-27T19:30:16.963+0000] {processor.py:914} INFO - Processing file /opt/airflow/dags/first_dag.py for tasks to queue
[2025-01-27T19:30:16.970+0000] {logging_mixin.py:190} INFO - [2025-01-27T19:30:16.969+0000] {dagbag.py:588} INFO - Filling up the DagBag from /opt/airflow/dags/first_dag.py
[2025-01-27T19:30:17.004+0000] {processor.py:925} INFO - DAG(s) 'first_dag' retrieved from /opt/airflow/dags/first_dag.py
[2025-01-27T19:30:17.096+0000] {logging_mixin.py:190} INFO - [2025-01-27T19:30:17.096+0000] {dag.py:3239} INFO - Sync 1 DAGs
[2025-01-27T19:30:17.184+0000] {logging_mixin.py:190} INFO - [2025-01-27T19:30:17.184+0000] {dag.py:4180} INFO - Setting next_dagrun for first_dag to 2025-01-27 00:00:00+00:00, run_after=2025-01-28 00:00:00+00:00
[2025-01-27T19:30:17.234+0000] {processor.py:208} INFO - Processing /opt/airflow/dags/first_dag.py took 0.297 seconds
[2025-01-27T19:30:47.769+0000] {processor.py:186} INFO - Started process (PID=1030) to work on /opt/airflow/dags/first_dag.py
[2025-01-27T19:30:47.771+0000] {processor.py:914} INFO - Processing file /opt/airflow/dags/first_dag.py for tasks to queue
[2025-01-27T19:30:47.778+0000] {logging_mixin.py:190} INFO - [2025-01-27T19:30:47.777+0000] {dagbag.py:588} INFO - Filling up the DagBag from /opt/airflow/dags/first_dag.py
[2025-01-27T19:30:47.810+0000] {processor.py:925} INFO - DAG(s) 'first_dag' retrieved from /opt/airflow/dags/first_dag.py
[2025-01-27T19:30:47.912+0000] {logging_mixin.py:190} INFO - [2025-01-27T19:30:47.911+0000] {dag.py:3239} INFO - Sync 1 DAGs
[2025-01-27T19:30:48.044+0000] {logging_mixin.py:190} INFO - [2025-01-27T19:30:48.043+0000] {dag.py:4180} INFO - Setting next_dagrun for first_dag to 2025-01-27 00:00:00+00:00, run_after=2025-01-28 00:00:00+00:00
[2025-01-27T19:30:48.095+0000] {processor.py:208} INFO - Processing /opt/airflow/dags/first_dag.py took 0.363 seconds
[2025-01-27T19:31:18.773+0000] {processor.py:186} INFO - Started process (PID=1044) to work on /opt/airflow/dags/first_dag.py
[2025-01-27T19:31:18.775+0000] {processor.py:914} INFO - Processing file /opt/airflow/dags/first_dag.py for tasks to queue
[2025-01-27T19:31:18.782+0000] {logging_mixin.py:190} INFO - [2025-01-27T19:31:18.782+0000] {dagbag.py:588} INFO - Filling up the DagBag from /opt/airflow/dags/first_dag.py
[2025-01-27T19:31:18.814+0000] {processor.py:925} INFO - DAG(s) 'first_dag' retrieved from /opt/airflow/dags/first_dag.py
[2025-01-27T19:31:18.901+0000] {logging_mixin.py:190} INFO - [2025-01-27T19:31:18.900+0000] {dag.py:3239} INFO - Sync 1 DAGs
[2025-01-27T19:31:19.000+0000] {logging_mixin.py:190} INFO - [2025-01-27T19:31:18.999+0000] {dag.py:4180} INFO - Setting next_dagrun for first_dag to 2025-01-27 00:00:00+00:00, run_after=2025-01-28 00:00:00+00:00
[2025-01-27T19:31:19.055+0000] {processor.py:208} INFO - Processing /opt/airflow/dags/first_dag.py took 0.313 seconds
[2025-01-27T19:31:50.027+0000] {processor.py:186} INFO - Started process (PID=1057) to work on /opt/airflow/dags/first_dag.py
[2025-01-27T19:31:50.030+0000] {processor.py:914} INFO - Processing file /opt/airflow/dags/first_dag.py for tasks to queue
[2025-01-27T19:31:50.037+0000] {logging_mixin.py:190} INFO - [2025-01-27T19:31:50.036+0000] {dagbag.py:588} INFO - Filling up the DagBag from /opt/airflow/dags/first_dag.py
[2025-01-27T19:31:50.070+0000] {processor.py:925} INFO - DAG(s) 'first_dag' retrieved from /opt/airflow/dags/first_dag.py
[2025-01-27T19:31:50.163+0000] {logging_mixin.py:190} INFO - [2025-01-27T19:31:50.163+0000] {dag.py:3239} INFO - Sync 1 DAGs
[2025-01-27T19:31:50.266+0000] {logging_mixin.py:190} INFO - [2025-01-27T19:31:50.265+0000] {dag.py:4180} INFO - Setting next_dagrun for first_dag to 2025-01-27 00:00:00+00:00, run_after=2025-01-28 00:00:00+00:00
[2025-01-27T19:31:50.349+0000] {processor.py:208} INFO - Processing /opt/airflow/dags/first_dag.py took 0.351 seconds
[2025-01-27T19:32:20.993+0000] {processor.py:186} INFO - Started process (PID=1070) to work on /opt/airflow/dags/first_dag.py
[2025-01-27T19:32:20.995+0000] {processor.py:914} INFO - Processing file /opt/airflow/dags/first_dag.py for tasks to queue
[2025-01-27T19:32:21.002+0000] {logging_mixin.py:190} INFO - [2025-01-27T19:32:21.001+0000] {dagbag.py:588} INFO - Filling up the DagBag from /opt/airflow/dags/first_dag.py
[2025-01-27T19:32:21.037+0000] {processor.py:925} INFO - DAG(s) 'first_dag' retrieved from /opt/airflow/dags/first_dag.py
[2025-01-27T19:32:21.119+0000] {logging_mixin.py:190} INFO - [2025-01-27T19:32:21.119+0000] {dag.py:3239} INFO - Sync 1 DAGs
[2025-01-27T19:32:21.216+0000] {logging_mixin.py:190} INFO - [2025-01-27T19:32:21.215+0000] {dag.py:4180} INFO - Setting next_dagrun for first_dag to 2025-01-27 00:00:00+00:00, run_after=2025-01-28 00:00:00+00:00
[2025-01-27T19:32:21.270+0000] {processor.py:208} INFO - Processing /opt/airflow/dags/first_dag.py took 0.309 seconds
[2025-01-27T19:32:51.361+0000] {processor.py:186} INFO - Started process (PID=1084) to work on /opt/airflow/dags/first_dag.py
[2025-01-27T19:32:51.364+0000] {processor.py:914} INFO - Processing file /opt/airflow/dags/first_dag.py for tasks to queue
[2025-01-27T19:32:51.374+0000] {logging_mixin.py:190} INFO - [2025-01-27T19:32:51.373+0000] {dagbag.py:588} INFO - Filling up the DagBag from /opt/airflow/dags/first_dag.py
[2025-01-27T19:32:51.407+0000] {processor.py:925} INFO - DAG(s) 'first_dag' retrieved from /opt/airflow/dags/first_dag.py
[2025-01-27T19:32:51.493+0000] {logging_mixin.py:190} INFO - [2025-01-27T19:32:51.492+0000] {dag.py:3239} INFO - Sync 1 DAGs
[2025-01-27T19:32:51.601+0000] {logging_mixin.py:190} INFO - [2025-01-27T19:32:51.600+0000] {dag.py:4180} INFO - Setting next_dagrun for first_dag to 2025-01-27 00:00:00+00:00, run_after=2025-01-28 00:00:00+00:00
[2025-01-27T19:32:51.669+0000] {processor.py:208} INFO - Processing /opt/airflow/dags/first_dag.py took 0.333 seconds
[2025-01-27T19:33:22.012+0000] {processor.py:186} INFO - Started process (PID=1097) to work on /opt/airflow/dags/first_dag.py
[2025-01-27T19:33:22.014+0000] {processor.py:914} INFO - Processing file /opt/airflow/dags/first_dag.py for tasks to queue
[2025-01-27T19:33:22.019+0000] {logging_mixin.py:190} INFO - [2025-01-27T19:33:22.019+0000] {dagbag.py:588} INFO - Filling up the DagBag from /opt/airflow/dags/first_dag.py
[2025-01-27T19:33:22.049+0000] {processor.py:925} INFO - DAG(s) 'first_dag' retrieved from /opt/airflow/dags/first_dag.py
[2025-01-27T19:33:22.136+0000] {logging_mixin.py:190} INFO - [2025-01-27T19:33:22.135+0000] {dag.py:3239} INFO - Sync 1 DAGs
[2025-01-27T19:33:22.233+0000] {logging_mixin.py:190} INFO - [2025-01-27T19:33:22.232+0000] {dag.py:4180} INFO - Setting next_dagrun for first_dag to 2025-01-27 00:00:00+00:00, run_after=2025-01-28 00:00:00+00:00
[2025-01-27T19:33:22.283+0000] {processor.py:208} INFO - Processing /opt/airflow/dags/first_dag.py took 0.299 seconds
[2025-01-27T19:33:52.849+0000] {processor.py:186} INFO - Started process (PID=1108) to work on /opt/airflow/dags/first_dag.py
[2025-01-27T19:33:52.852+0000] {processor.py:914} INFO - Processing file /opt/airflow/dags/first_dag.py for tasks to queue
[2025-01-27T19:33:52.862+0000] {logging_mixin.py:190} INFO - [2025-01-27T19:33:52.861+0000] {dagbag.py:588} INFO - Filling up the DagBag from /opt/airflow/dags/first_dag.py
[2025-01-27T19:33:52.896+0000] {processor.py:925} INFO - DAG(s) 'first_dag' retrieved from /opt/airflow/dags/first_dag.py
[2025-01-27T19:33:52.991+0000] {logging_mixin.py:190} INFO - [2025-01-27T19:33:52.990+0000] {dag.py:3239} INFO - Sync 1 DAGs
[2025-01-27T19:33:53.097+0000] {logging_mixin.py:190} INFO - [2025-01-27T19:33:53.097+0000] {dag.py:4180} INFO - Setting next_dagrun for first_dag to 2025-01-27 00:00:00+00:00, run_after=2025-01-28 00:00:00+00:00
[2025-01-27T19:33:53.175+0000] {processor.py:208} INFO - Processing /opt/airflow/dags/first_dag.py took 0.358 seconds
[2025-01-27T19:34:23.540+0000] {processor.py:186} INFO - Started process (PID=1121) to work on /opt/airflow/dags/first_dag.py
[2025-01-27T19:34:23.542+0000] {processor.py:914} INFO - Processing file /opt/airflow/dags/first_dag.py for tasks to queue
[2025-01-27T19:34:23.551+0000] {logging_mixin.py:190} INFO - [2025-01-27T19:34:23.550+0000] {dagbag.py:588} INFO - Filling up the DagBag from /opt/airflow/dags/first_dag.py
[2025-01-27T19:34:23.583+0000] {processor.py:925} INFO - DAG(s) 'first_dag' retrieved from /opt/airflow/dags/first_dag.py
[2025-01-27T19:34:23.677+0000] {logging_mixin.py:190} INFO - [2025-01-27T19:34:23.676+0000] {dag.py:3239} INFO - Sync 1 DAGs
[2025-01-27T19:34:23.768+0000] {logging_mixin.py:190} INFO - [2025-01-27T19:34:23.767+0000] {dag.py:4180} INFO - Setting next_dagrun for first_dag to 2025-01-27 00:00:00+00:00, run_after=2025-01-28 00:00:00+00:00
[2025-01-27T19:34:23.821+0000] {processor.py:208} INFO - Processing /opt/airflow/dags/first_dag.py took 0.307 seconds
[2025-01-27T19:34:54.160+0000] {processor.py:186} INFO - Started process (PID=1134) to work on /opt/airflow/dags/first_dag.py
[2025-01-27T19:34:54.162+0000] {processor.py:914} INFO - Processing file /opt/airflow/dags/first_dag.py for tasks to queue
[2025-01-27T19:34:54.169+0000] {logging_mixin.py:190} INFO - [2025-01-27T19:34:54.168+0000] {dagbag.py:588} INFO - Filling up the DagBag from /opt/airflow/dags/first_dag.py
[2025-01-27T19:34:54.199+0000] {processor.py:925} INFO - DAG(s) 'first_dag' retrieved from /opt/airflow/dags/first_dag.py
[2025-01-27T19:34:54.288+0000] {logging_mixin.py:190} INFO - [2025-01-27T19:34:54.287+0000] {dag.py:3239} INFO - Sync 1 DAGs
[2025-01-27T19:34:54.381+0000] {logging_mixin.py:190} INFO - [2025-01-27T19:34:54.381+0000] {dag.py:4180} INFO - Setting next_dagrun for first_dag to 2025-01-27 00:00:00+00:00, run_after=2025-01-28 00:00:00+00:00
[2025-01-27T19:34:54.431+0000] {processor.py:208} INFO - Processing /opt/airflow/dags/first_dag.py took 0.305 seconds
[2025-01-27T19:35:24.729+0000] {processor.py:186} INFO - Started process (PID=1145) to work on /opt/airflow/dags/first_dag.py
[2025-01-27T19:35:24.732+0000] {processor.py:914} INFO - Processing file /opt/airflow/dags/first_dag.py for tasks to queue
[2025-01-27T19:35:24.738+0000] {logging_mixin.py:190} INFO - [2025-01-27T19:35:24.738+0000] {dagbag.py:588} INFO - Filling up the DagBag from /opt/airflow/dags/first_dag.py
[2025-01-27T19:35:24.773+0000] {processor.py:925} INFO - DAG(s) 'first_dag' retrieved from /opt/airflow/dags/first_dag.py
[2025-01-27T19:35:24.866+0000] {logging_mixin.py:190} INFO - [2025-01-27T19:35:24.865+0000] {dag.py:3239} INFO - Sync 1 DAGs
[2025-01-27T19:35:24.970+0000] {logging_mixin.py:190} INFO - [2025-01-27T19:35:24.970+0000] {dag.py:4180} INFO - Setting next_dagrun for first_dag to 2025-01-27 00:00:00+00:00, run_after=2025-01-28 00:00:00+00:00
[2025-01-27T19:35:25.033+0000] {processor.py:208} INFO - Processing /opt/airflow/dags/first_dag.py took 0.341 seconds
[2025-01-27T19:35:55.366+0000] {processor.py:186} INFO - Started process (PID=1158) to work on /opt/airflow/dags/first_dag.py
[2025-01-27T19:35:55.368+0000] {processor.py:914} INFO - Processing file /opt/airflow/dags/first_dag.py for tasks to queue
[2025-01-27T19:35:55.376+0000] {logging_mixin.py:190} INFO - [2025-01-27T19:35:55.375+0000] {dagbag.py:588} INFO - Filling up the DagBag from /opt/airflow/dags/first_dag.py
[2025-01-27T19:35:55.409+0000] {processor.py:925} INFO - DAG(s) 'first_dag' retrieved from /opt/airflow/dags/first_dag.py
[2025-01-27T19:35:55.501+0000] {logging_mixin.py:190} INFO - [2025-01-27T19:35:55.501+0000] {dag.py:3239} INFO - Sync 1 DAGs
[2025-01-27T19:35:55.602+0000] {logging_mixin.py:190} INFO - [2025-01-27T19:35:55.602+0000] {dag.py:4180} INFO - Setting next_dagrun for first_dag to 2025-01-27 00:00:00+00:00, run_after=2025-01-28 00:00:00+00:00
[2025-01-27T19:35:55.654+0000] {processor.py:208} INFO - Processing /opt/airflow/dags/first_dag.py took 0.319 seconds
[2025-01-27T19:36:25.997+0000] {processor.py:186} INFO - Started process (PID=1171) to work on /opt/airflow/dags/first_dag.py
[2025-01-27T19:36:26.000+0000] {processor.py:914} INFO - Processing file /opt/airflow/dags/first_dag.py for tasks to queue
[2025-01-27T19:36:26.007+0000] {logging_mixin.py:190} INFO - [2025-01-27T19:36:26.006+0000] {dagbag.py:588} INFO - Filling up the DagBag from /opt/airflow/dags/first_dag.py
[2025-01-27T19:36:26.042+0000] {processor.py:925} INFO - DAG(s) 'first_dag' retrieved from /opt/airflow/dags/first_dag.py
[2025-01-27T19:36:26.136+0000] {logging_mixin.py:190} INFO - [2025-01-27T19:36:26.135+0000] {dag.py:3239} INFO - Sync 1 DAGs
[2025-01-27T19:36:26.238+0000] {logging_mixin.py:190} INFO - [2025-01-27T19:36:26.238+0000] {dag.py:4180} INFO - Setting next_dagrun for first_dag to 2025-01-27 00:00:00+00:00, run_after=2025-01-28 00:00:00+00:00
[2025-01-27T19:36:26.305+0000] {processor.py:208} INFO - Processing /opt/airflow/dags/first_dag.py took 0.340 seconds
