[2025-01-31T21:32:25.554+0000] {local_task_job_runner.py:123} INFO - ::group::Pre task execution logs
[2025-01-31T21:32:25.608+0000] {taskinstance.py:2613} INFO - Dependencies all met for dep_context=non-requeueable deps ti=<TaskInstance: etl_processing.dds-fact-load scheduled__2025-01-31T21:30:00+00:00 [queued]>
[2025-01-31T21:32:25.633+0000] {taskinstance.py:2613} INFO - Dependencies all met for dep_context=requeueable deps ti=<TaskInstance: etl_processing.dds-fact-load scheduled__2025-01-31T21:30:00+00:00 [queued]>
[2025-01-31T21:32:25.633+0000] {taskinstance.py:2866} INFO - Starting attempt 1 of 1
[2025-01-31T21:32:25.670+0000] {taskinstance.py:2889} INFO - Executing <Task(SQLExecuteQueryOperator): dds-fact-load> on 2025-01-31 21:30:00+00:00
[2025-01-31T21:32:25.686+0000] {warnings.py:112} WARNING - /home/***/.local/lib/python3.12/site-packages/***/task/task_runner/standard_task_runner.py:70: DeprecationWarning: This process (pid=2834) is multi-threaded, use of fork() may lead to deadlocks in the child.
  pid = os.fork()

[2025-01-31T21:32:25.689+0000] {standard_task_runner.py:72} INFO - Started process 2836 to run task
[2025-01-31T21:32:25.699+0000] {standard_task_runner.py:104} INFO - Running: ['***', 'tasks', 'run', 'etl_processing', 'dds-fact-load', 'scheduled__2025-01-31T21:30:00+00:00', '--job-id', '627', '--raw', '--subdir', 'DAGS_FOLDER/DAG_etl.py', '--cfg-path', '/tmp/tmp3d54bdu7']
[2025-01-31T21:32:25.706+0000] {standard_task_runner.py:105} INFO - Job 627: Subtask dds-fact-load
[2025-01-31T21:32:25.847+0000] {task_command.py:467} INFO - Running <TaskInstance: etl_processing.dds-fact-load scheduled__2025-01-31T21:30:00+00:00 [running]> on host a664bcf281bf
[2025-01-31T21:32:26.560+0000] {taskinstance.py:3132} INFO - Exporting env vars: AIRFLOW_CTX_DAG_OWNER='***' AIRFLOW_CTX_DAG_ID='etl_processing' AIRFLOW_CTX_TASK_ID='dds-fact-load' AIRFLOW_CTX_EXECUTION_DATE='2025-01-31T21:30:00+00:00' AIRFLOW_CTX_TRY_NUMBER='1' AIRFLOW_CTX_DAG_RUN_ID='scheduled__2025-01-31T21:30:00+00:00'
[2025-01-31T21:32:26.562+0000] {taskinstance.py:731} INFO - ::endgroup::
[2025-01-31T21:32:26.604+0000] {sql.py:278} INFO - Executing: 
    insert into dds.fact_sales_branch (invoice_id, branch, city, customer_type, gender, product_line, unit_price, quantity, "tax_5%",
        total, date, time, payment, cogs, gross_margin_percentage, gross_income, rating)
        (select distinct 
            invoice_id, branch, city, customer_type, gender, 
            product_line, unit_price, quantity, "tax_5%", total, date::date,
            time, payment, cogs, gross_margin_percentage, gross_income, rating 
        from nds.fact_sales_branch where invoice_id not in (select distinct invoice_id FROM dds.fact_sales_branch));
[2025-01-31T21:32:26.638+0000] {base.py:84} INFO - Retrieving connection 'DB_connect'
[2025-01-31T21:32:26.659+0000] {base.py:84} INFO - Retrieving connection 'DB_connect'
[2025-01-31T21:32:26.669+0000] {sql.py:544} INFO - Running statement: 
    insert into dds.fact_sales_branch (invoice_id, branch, city, customer_type, gender, product_line, unit_price, quantity, "tax_5%",
        total, date, time, payment, cogs, gross_margin_percentage, gross_income, rating)
        (select distinct 
            invoice_id, branch, city, customer_type, gender, 
            product_line, unit_price, quantity, "tax_5%", total, date::date,
            time, payment, cogs, gross_margin_percentage, gross_income, rating 
        from nds.fact_sales_branch where invoice_id not in (select distinct invoice_id FROM dds.fact_sales_branch));, parameters: None
[2025-01-31T21:32:26.696+0000] {sql.py:553} INFO - Rows affected: 20
[2025-01-31T21:32:26.733+0000] {taskinstance.py:340} INFO - ::group::Post task execution logs
[2025-01-31T21:32:26.734+0000] {taskinstance.py:352} INFO - Marking task as SUCCESS. dag_id=etl_processing, task_id=dds-fact-load, run_id=scheduled__2025-01-31T21:30:00+00:00, execution_date=20250131T213000, start_date=20250131T213225, end_date=20250131T213226
[2025-01-31T21:32:26.805+0000] {local_task_job_runner.py:266} INFO - Task exited with return code 0
[2025-01-31T21:32:26.858+0000] {taskinstance.py:3895} INFO - 0 downstream tasks scheduled from follow-on schedule check
[2025-01-31T21:32:26.861+0000] {local_task_job_runner.py:245} INFO - ::endgroup::
