[2025-01-31T21:00:19.830+0000] {local_task_job_runner.py:123} INFO - ::group::Pre task execution logs
[2025-01-31T21:00:19.900+0000] {taskinstance.py:2613} INFO - Dependencies all met for dep_context=non-requeueable deps ti=<TaskInstance: etl_processing.dds-meas-load scheduled__2025-01-31T20:58:00+00:00 [queued]>
[2025-01-31T21:00:19.927+0000] {taskinstance.py:2613} INFO - Dependencies all met for dep_context=requeueable deps ti=<TaskInstance: etl_processing.dds-meas-load scheduled__2025-01-31T20:58:00+00:00 [queued]>
[2025-01-31T21:00:19.928+0000] {taskinstance.py:2866} INFO - Starting attempt 1 of 1
[2025-01-31T21:00:19.975+0000] {taskinstance.py:2889} INFO - Executing <Task(SQLExecuteQueryOperator): dds-meas-load> on 2025-01-31 20:58:00+00:00
[2025-01-31T21:00:19.992+0000] {warnings.py:112} WARNING - /home/***/.local/lib/python3.12/site-packages/***/task/task_runner/standard_task_runner.py:70: DeprecationWarning: This process (pid=2292) is multi-threaded, use of fork() may lead to deadlocks in the child.
  pid = os.fork()

[2025-01-31T21:00:19.995+0000] {standard_task_runner.py:72} INFO - Started process 2294 to run task
[2025-01-31T21:00:19.998+0000] {standard_task_runner.py:104} INFO - Running: ['***', 'tasks', 'run', 'etl_processing', 'dds-meas-load', 'scheduled__2025-01-31T20:58:00+00:00', '--job-id', '576', '--raw', '--subdir', 'DAGS_FOLDER/DAG_etl.py', '--cfg-path', '/tmp/tmpary0l0ie']
[2025-01-31T21:00:20.008+0000] {standard_task_runner.py:105} INFO - Job 576: Subtask dds-meas-load
[2025-01-31T21:00:20.156+0000] {task_command.py:467} INFO - Running <TaskInstance: etl_processing.dds-meas-load scheduled__2025-01-31T20:58:00+00:00 [running]> on host a664bcf281bf
[2025-01-31T21:00:20.958+0000] {taskinstance.py:3132} INFO - Exporting env vars: AIRFLOW_CTX_DAG_OWNER='***' AIRFLOW_CTX_DAG_ID='etl_processing' AIRFLOW_CTX_TASK_ID='dds-meas-load' AIRFLOW_CTX_EXECUTION_DATE='2025-01-31T20:58:00+00:00' AIRFLOW_CTX_TRY_NUMBER='1' AIRFLOW_CTX_DAG_RUN_ID='scheduled__2025-01-31T20:58:00+00:00'
[2025-01-31T21:00:20.961+0000] {taskinstance.py:731} INFO - ::endgroup::
[2025-01-31T21:00:21.013+0000] {sql.py:278} INFO - Executing: 
    insert into dds.branch (branch)
        (select branch from nds.branch where branch not in (select branch from dds.branch));

    insert into dds.city (city)
        (select city from nds.city where city not in (select city from dds.city));

    insert into dds.customer_type (customer_type)
        (select customer_type from nds.customer_type where customer_type not in (select customer_type from dds.customer_type));

    insert into dds.gender (gender)
        (select gender from nds.gender where gender not in (select gender from dds.gender));

    insert into dds.product_line (product_line)
        (select product_line from nds.product_line where product_line not in (select product_line from dds.product_line));

    insert into dds.payment (payment)
        (select payment from nds.payment where payment not in (select payment from dds.payment));
[2025-01-31T21:00:21.047+0000] {base.py:84} INFO - Retrieving connection 'DB_connect'
[2025-01-31T21:00:21.076+0000] {base.py:84} INFO - Retrieving connection 'DB_connect'
[2025-01-31T21:00:21.087+0000] {sql.py:544} INFO - Running statement: 
    insert into dds.branch (branch)
        (select branch from nds.branch where branch not in (select branch from dds.branch));

    insert into dds.city (city)
        (select city from nds.city where city not in (select city from dds.city));

    insert into dds.customer_type (customer_type)
        (select customer_type from nds.customer_type where customer_type not in (select customer_type from dds.customer_type));

    insert into dds.gender (gender)
        (select gender from nds.gender where gender not in (select gender from dds.gender));

    insert into dds.product_line (product_line)
        (select product_line from nds.product_line where product_line not in (select product_line from dds.product_line));

    insert into dds.payment (payment)
        (select payment from nds.payment where payment not in (select payment from dds.payment));, parameters: None
[2025-01-31T21:00:21.096+0000] {sql.py:553} INFO - Rows affected: 0
[2025-01-31T21:00:21.126+0000] {taskinstance.py:340} INFO - ::group::Post task execution logs
[2025-01-31T21:00:21.127+0000] {taskinstance.py:352} INFO - Marking task as SUCCESS. dag_id=etl_processing, task_id=dds-meas-load, run_id=scheduled__2025-01-31T20:58:00+00:00, execution_date=20250131T205800, start_date=20250131T210019, end_date=20250131T210021
[2025-01-31T21:00:21.195+0000] {local_task_job_runner.py:266} INFO - Task exited with return code 0
[2025-01-31T21:00:21.264+0000] {taskinstance.py:3895} INFO - 1 downstream tasks scheduled from follow-on schedule check
[2025-01-31T21:00:21.267+0000] {local_task_job_runner.py:245} INFO - ::endgroup::
