[2025-01-31T21:38:06.235+0000] {local_task_job_runner.py:123} INFO - ::group::Pre task execution logs
[2025-01-31T21:38:06.291+0000] {taskinstance.py:2613} INFO - Dependencies all met for dep_context=non-requeueable deps ti=<TaskInstance: etl_processing.schema_create scheduled__2025-01-31T21:36:00+00:00 [queued]>
[2025-01-31T21:38:06.317+0000] {taskinstance.py:2613} INFO - Dependencies all met for dep_context=requeueable deps ti=<TaskInstance: etl_processing.schema_create scheduled__2025-01-31T21:36:00+00:00 [queued]>
[2025-01-31T21:38:06.318+0000] {taskinstance.py:2866} INFO - Starting attempt 1 of 1
[2025-01-31T21:38:06.370+0000] {taskinstance.py:2889} INFO - Executing <Task(SQLExecuteQueryOperator): schema_create> on 2025-01-31 21:36:00+00:00
[2025-01-31T21:38:06.388+0000] {warnings.py:112} WARNING - /home/***/.local/lib/python3.12/site-packages/***/task/task_runner/standard_task_runner.py:70: DeprecationWarning: This process (pid=2984) is multi-threaded, use of fork() may lead to deadlocks in the child.
  pid = os.fork()

[2025-01-31T21:38:06.392+0000] {standard_task_runner.py:72} INFO - Started process 2992 to run task
[2025-01-31T21:38:06.393+0000] {standard_task_runner.py:104} INFO - Running: ['***', 'tasks', 'run', 'etl_processing', 'schema_create', 'scheduled__2025-01-31T21:36:00+00:00', '--job-id', '652', '--raw', '--subdir', 'DAGS_FOLDER/DAG_etl.py', '--cfg-path', '/tmp/tmpzo3u9618']
[2025-01-31T21:38:06.399+0000] {standard_task_runner.py:105} INFO - Job 652: Subtask schema_create
[2025-01-31T21:38:06.540+0000] {task_command.py:467} INFO - Running <TaskInstance: etl_processing.schema_create scheduled__2025-01-31T21:36:00+00:00 [running]> on host a664bcf281bf
[2025-01-31T21:38:07.762+0000] {taskinstance.py:3132} INFO - Exporting env vars: AIRFLOW_CTX_DAG_OWNER='***' AIRFLOW_CTX_DAG_ID='etl_processing' AIRFLOW_CTX_TASK_ID='schema_create' AIRFLOW_CTX_EXECUTION_DATE='2025-01-31T21:36:00+00:00' AIRFLOW_CTX_TRY_NUMBER='1' AIRFLOW_CTX_DAG_RUN_ID='scheduled__2025-01-31T21:36:00+00:00'
[2025-01-31T21:38:07.765+0000] {taskinstance.py:731} INFO - ::endgroup::
[2025-01-31T21:38:07.811+0000] {sql.py:278} INFO - Executing: 
    create schema if not exists nds;
    create schema if not exists dds;
    create schema if not exists stg;
[2025-01-31T21:38:07.829+0000] {base.py:84} INFO - Retrieving connection 'DB_connect'
[2025-01-31T21:38:07.861+0000] {base.py:84} INFO - Retrieving connection 'DB_connect'
[2025-01-31T21:38:07.869+0000] {sql.py:544} INFO - Running statement: 
    create schema if not exists nds;
    create schema if not exists dds;
    create schema if not exists stg;, parameters: None
[2025-01-31T21:38:07.897+0000] {taskinstance.py:340} INFO - ::group::Post task execution logs
[2025-01-31T21:38:07.898+0000] {taskinstance.py:352} INFO - Marking task as SUCCESS. dag_id=etl_processing, task_id=schema_create, run_id=scheduled__2025-01-31T21:36:00+00:00, execution_date=20250131T213600, start_date=20250131T213806, end_date=20250131T213807
[2025-01-31T21:38:08.447+0000] {local_task_job_runner.py:266} INFO - Task exited with return code 0
[2025-01-31T21:38:08.543+0000] {taskinstance.py:3895} INFO - 1 downstream tasks scheduled from follow-on schedule check
[2025-01-31T21:38:08.546+0000] {local_task_job_runner.py:245} INFO - ::endgroup::
