[2025-01-26T22:05:47.550+0000] {local_task_job_runner.py:123} INFO - ::group::Pre task execution logs
[2025-01-26T22:05:47.603+0000] {taskinstance.py:2613} INFO - Dependencies all met for dep_context=non-requeueable deps ti=<TaskInstance: etl_processing.dds-meas-load scheduled__2025-01-26T22:02:00+00:00 [queued]>
[2025-01-26T22:05:47.627+0000] {taskinstance.py:2613} INFO - Dependencies all met for dep_context=requeueable deps ti=<TaskInstance: etl_processing.dds-meas-load scheduled__2025-01-26T22:02:00+00:00 [queued]>
[2025-01-26T22:05:47.628+0000] {taskinstance.py:2866} INFO - Starting attempt 1 of 1
[2025-01-26T22:05:47.669+0000] {taskinstance.py:2889} INFO - Executing <Task(SQLExecuteQueryOperator): dds-meas-load> on 2025-01-26 22:02:00+00:00
[2025-01-26T22:05:47.685+0000] {warnings.py:112} WARNING - /home/***/.local/lib/python3.12/site-packages/***/task/task_runner/standard_task_runner.py:70: DeprecationWarning: This process (pid=1634) is multi-threaded, use of fork() may lead to deadlocks in the child.
  pid = os.fork()

[2025-01-26T22:05:47.688+0000] {standard_task_runner.py:72} INFO - Started process 1636 to run task
[2025-01-26T22:05:47.690+0000] {standard_task_runner.py:104} INFO - Running: ['***', 'tasks', 'run', 'etl_processing', 'dds-meas-load', 'scheduled__2025-01-26T22:02:00+00:00', '--job-id', '410', '--raw', '--subdir', 'DAGS_FOLDER/DAG_etl.py', '--cfg-path', '/tmp/tmppfx4q4gf']
[2025-01-26T22:05:47.697+0000] {standard_task_runner.py:105} INFO - Job 410: Subtask dds-meas-load
[2025-01-26T22:05:47.832+0000] {task_command.py:467} INFO - Running <TaskInstance: etl_processing.dds-meas-load scheduled__2025-01-26T22:02:00+00:00 [running]> on host a664bcf281bf
[2025-01-26T22:05:48.516+0000] {taskinstance.py:3132} INFO - Exporting env vars: AIRFLOW_CTX_DAG_OWNER='***' AIRFLOW_CTX_DAG_ID='etl_processing' AIRFLOW_CTX_TASK_ID='dds-meas-load' AIRFLOW_CTX_EXECUTION_DATE='2025-01-26T22:02:00+00:00' AIRFLOW_CTX_TRY_NUMBER='1' AIRFLOW_CTX_DAG_RUN_ID='scheduled__2025-01-26T22:02:00+00:00'
[2025-01-26T22:05:48.518+0000] {taskinstance.py:731} INFO - ::endgroup::
[2025-01-26T22:05:48.561+0000] {sql.py:278} INFO - Executing: 
    insert into dds.branch (branch)
        (select branch from nds.branch where branch not in (select branch from dds.branch));

    insert into dds.city (city)
        (select city from nds.city where city not in (select city from dds.city));

    insert into dds.customer_type (customer_type)
        (select customer_type from nds.customer_type where customer_type not in (select customer_type from dds.customer_type));

    insert into dds.gender (gender)
        (select gender from nds.gender where gender not in (select gender from dds.gender));

    insert into dds.product_line (product_line)
        (select product_line from nds.product_line where product_line not in (select product_line from dds.product_line));

    insert into dds.payment (payment)
        (select payment from nds.payment where payment not in (select payment from dds.payment));
[2025-01-26T22:05:48.584+0000] {base.py:84} INFO - Retrieving connection 'DB_connect'
[2025-01-26T22:05:48.609+0000] {base.py:84} INFO - Retrieving connection 'DB_connect'
[2025-01-26T22:05:48.618+0000] {sql.py:544} INFO - Running statement: 
    insert into dds.branch (branch)
        (select branch from nds.branch where branch not in (select branch from dds.branch));

    insert into dds.city (city)
        (select city from nds.city where city not in (select city from dds.city));

    insert into dds.customer_type (customer_type)
        (select customer_type from nds.customer_type where customer_type not in (select customer_type from dds.customer_type));

    insert into dds.gender (gender)
        (select gender from nds.gender where gender not in (select gender from dds.gender));

    insert into dds.product_line (product_line)
        (select product_line from nds.product_line where product_line not in (select product_line from dds.product_line));

    insert into dds.payment (payment)
        (select payment from nds.payment where payment not in (select payment from dds.payment));, parameters: None
[2025-01-26T22:05:48.628+0000] {sql.py:553} INFO - Rows affected: 0
[2025-01-26T22:05:48.658+0000] {taskinstance.py:340} INFO - ::group::Post task execution logs
[2025-01-26T22:05:48.659+0000] {taskinstance.py:352} INFO - Marking task as SUCCESS. dag_id=etl_processing, task_id=dds-meas-load, run_id=scheduled__2025-01-26T22:02:00+00:00, execution_date=20250126T220200, start_date=20250126T220547, end_date=20250126T220548
[2025-01-26T22:05:48.762+0000] {local_task_job_runner.py:266} INFO - Task exited with return code 0
[2025-01-26T22:05:48.824+0000] {taskinstance.py:3895} INFO - 1 downstream tasks scheduled from follow-on schedule check
[2025-01-26T22:05:48.828+0000] {local_task_job_runner.py:245} INFO - ::endgroup::
