[2025-01-31T21:32:04.530+0000] {local_task_job_runner.py:123} INFO - ::group::Pre task execution logs
[2025-01-31T21:32:04.584+0000] {taskinstance.py:2613} INFO - Dependencies all met for dep_context=non-requeueable deps ti=<TaskInstance: etl_processing.schema_create scheduled__2025-01-31T21:30:00+00:00 [queued]>
[2025-01-31T21:32:04.607+0000] {taskinstance.py:2613} INFO - Dependencies all met for dep_context=requeueable deps ti=<TaskInstance: etl_processing.schema_create scheduled__2025-01-31T21:30:00+00:00 [queued]>
[2025-01-31T21:32:04.608+0000] {taskinstance.py:2866} INFO - Starting attempt 1 of 1
[2025-01-31T21:32:04.648+0000] {taskinstance.py:2889} INFO - Executing <Task(SQLExecuteQueryOperator): schema_create> on 2025-01-31 21:30:00+00:00
[2025-01-31T21:32:04.669+0000] {warnings.py:112} WARNING - /home/***/.local/lib/python3.12/site-packages/***/task/task_runner/standard_task_runner.py:70: DeprecationWarning: This process (pid=2801) is multi-threaded, use of fork() may lead to deadlocks in the child.
  pid = os.fork()

[2025-01-31T21:32:04.673+0000] {standard_task_runner.py:72} INFO - Started process 2807 to run task
[2025-01-31T21:32:04.675+0000] {standard_task_runner.py:104} INFO - Running: ['***', 'tasks', 'run', 'etl_processing', 'schema_create', 'scheduled__2025-01-31T21:30:00+00:00', '--job-id', '621', '--raw', '--subdir', 'DAGS_FOLDER/DAG_etl.py', '--cfg-path', '/tmp/tmp9pth3u4c']
[2025-01-31T21:32:04.681+0000] {standard_task_runner.py:105} INFO - Job 621: Subtask schema_create
[2025-01-31T21:32:04.798+0000] {task_command.py:467} INFO - Running <TaskInstance: etl_processing.schema_create scheduled__2025-01-31T21:30:00+00:00 [running]> on host a664bcf281bf
[2025-01-31T21:32:05.499+0000] {taskinstance.py:3132} INFO - Exporting env vars: AIRFLOW_CTX_DAG_OWNER='***' AIRFLOW_CTX_DAG_ID='etl_processing' AIRFLOW_CTX_TASK_ID='schema_create' AIRFLOW_CTX_EXECUTION_DATE='2025-01-31T21:30:00+00:00' AIRFLOW_CTX_TRY_NUMBER='1' AIRFLOW_CTX_DAG_RUN_ID='scheduled__2025-01-31T21:30:00+00:00'
[2025-01-31T21:32:05.501+0000] {taskinstance.py:731} INFO - ::endgroup::
[2025-01-31T21:32:05.542+0000] {sql.py:278} INFO - Executing: 
    create schema if not exists nds;
    create schema if not exists dds;
    create schema if not exists stg;
[2025-01-31T21:32:05.566+0000] {base.py:84} INFO - Retrieving connection 'DB_connect'
[2025-01-31T21:32:05.587+0000] {base.py:84} INFO - Retrieving connection 'DB_connect'
[2025-01-31T21:32:05.597+0000] {sql.py:544} INFO - Running statement: 
    create schema if not exists nds;
    create schema if not exists dds;
    create schema if not exists stg;, parameters: None
[2025-01-31T21:32:05.628+0000] {taskinstance.py:340} INFO - ::group::Post task execution logs
[2025-01-31T21:32:05.629+0000] {taskinstance.py:352} INFO - Marking task as SUCCESS. dag_id=etl_processing, task_id=schema_create, run_id=scheduled__2025-01-31T21:30:00+00:00, execution_date=20250131T213000, start_date=20250131T213204, end_date=20250131T213205
[2025-01-31T21:32:05.706+0000] {local_task_job_runner.py:266} INFO - Task exited with return code 0
[2025-01-31T21:32:05.813+0000] {taskinstance.py:3895} INFO - 1 downstream tasks scheduled from follow-on schedule check
[2025-01-31T21:32:05.817+0000] {local_task_job_runner.py:245} INFO - ::endgroup::
