[2025-01-26T21:29:47.866+0000] {local_task_job_runner.py:123} INFO - ::group::Pre task execution logs
[2025-01-26T21:29:47.923+0000] {taskinstance.py:2613} INFO - Dependencies all met for dep_context=non-requeueable deps ti=<TaskInstance: etl_processing.nds-load scheduled__2025-01-26T21:26:00+00:00 [queued]>
[2025-01-26T21:29:47.945+0000] {taskinstance.py:2613} INFO - Dependencies all met for dep_context=requeueable deps ti=<TaskInstance: etl_processing.nds-load scheduled__2025-01-26T21:26:00+00:00 [queued]>
[2025-01-26T21:29:47.946+0000] {taskinstance.py:2866} INFO - Starting attempt 1 of 1
[2025-01-26T21:29:47.987+0000] {taskinstance.py:2889} INFO - Executing <Task(PythonOperator): nds-load> on 2025-01-26 21:26:00+00:00
[2025-01-26T21:29:48.005+0000] {warnings.py:112} WARNING - /home/***/.local/lib/python3.12/site-packages/***/task/task_runner/standard_task_runner.py:70: DeprecationWarning: This process (pid=1099) is multi-threaded, use of fork() may lead to deadlocks in the child.
  pid = os.fork()

[2025-01-26T21:29:48.009+0000] {standard_task_runner.py:72} INFO - Started process 1101 to run task
[2025-01-26T21:29:48.010+0000] {standard_task_runner.py:104} INFO - Running: ['***', 'tasks', 'run', 'etl_processing', 'nds-load', 'scheduled__2025-01-26T21:26:00+00:00', '--job-id', '371', '--raw', '--subdir', 'DAGS_FOLDER/DAG_etl.py', '--cfg-path', '/tmp/tmpb4lycuyt']
[2025-01-26T21:29:48.016+0000] {standard_task_runner.py:105} INFO - Job 371: Subtask nds-load
[2025-01-26T21:29:48.143+0000] {task_command.py:467} INFO - Running <TaskInstance: etl_processing.nds-load scheduled__2025-01-26T21:26:00+00:00 [running]> on host a664bcf281bf
[2025-01-26T21:29:48.834+0000] {taskinstance.py:3132} INFO - Exporting env vars: AIRFLOW_CTX_DAG_OWNER='***' AIRFLOW_CTX_DAG_ID='etl_processing' AIRFLOW_CTX_TASK_ID='nds-load' AIRFLOW_CTX_EXECUTION_DATE='2025-01-26T21:26:00+00:00' AIRFLOW_CTX_TRY_NUMBER='1' AIRFLOW_CTX_DAG_RUN_ID='scheduled__2025-01-26T21:26:00+00:00'
[2025-01-26T21:29:48.836+0000] {taskinstance.py:731} INFO - ::endgroup::
[2025-01-26T21:29:48.902+0000] {base.py:84} INFO - Retrieving connection 'DB_connect'
[2025-01-26T21:29:48.966+0000] {base.py:84} INFO - Retrieving connection 'DB_connect'
[2025-01-26T21:29:49.139+0000] {base.py:84} INFO - Retrieving connection 'DB_connect'
[2025-01-26T21:29:49.295+0000] {base.py:84} INFO - Retrieving connection 'DB_connect'
[2025-01-26T21:29:49.431+0000] {base.py:84} INFO - Retrieving connection 'DB_connect'
[2025-01-26T21:29:49.568+0000] {base.py:84} INFO - Retrieving connection 'DB_connect'
[2025-01-26T21:29:49.693+0000] {base.py:84} INFO - Retrieving connection 'DB_connect'
[2025-01-26T21:29:49.827+0000] {base.py:84} INFO - Retrieving connection 'DB_connect'
[2025-01-26T21:29:49.997+0000] {base.py:84} INFO - Retrieving connection 'DB_connect'
[2025-01-26T21:29:50.217+0000] {python.py:240} INFO - Done. Returned value was: None
[2025-01-26T21:29:50.253+0000] {taskinstance.py:340} INFO - ::group::Post task execution logs
[2025-01-26T21:29:50.254+0000] {taskinstance.py:352} INFO - Marking task as SUCCESS. dag_id=etl_processing, task_id=nds-load, run_id=scheduled__2025-01-26T21:26:00+00:00, execution_date=20250126T212600, start_date=20250126T212947, end_date=20250126T212950
[2025-01-26T21:29:50.339+0000] {local_task_job_runner.py:266} INFO - Task exited with return code 0
[2025-01-26T21:29:50.366+0000] {local_task_job_runner.py:245} INFO - ::endgroup::
