[2025-01-29T22:14:09.649+0000] {local_task_job_runner.py:123} INFO - ::group::Pre task execution logs
[2025-01-29T22:14:09.692+0000] {taskinstance.py:2613} INFO - Dependencies all met for dep_context=non-requeueable deps ti=<TaskInstance: etl_processing.nds-load scheduled__2025-01-29T22:12:00+00:00 [queued]>
[2025-01-29T22:14:09.711+0000] {taskinstance.py:2613} INFO - Dependencies all met for dep_context=requeueable deps ti=<TaskInstance: etl_processing.nds-load scheduled__2025-01-29T22:12:00+00:00 [queued]>
[2025-01-29T22:14:09.712+0000] {taskinstance.py:2866} INFO - Starting attempt 1 of 1
[2025-01-29T22:14:09.761+0000] {taskinstance.py:2889} INFO - Executing <Task(PythonOperator): nds-load> on 2025-01-29 22:12:00+00:00
[2025-01-29T22:14:09.776+0000] {warnings.py:112} WARNING - /home/***/.local/lib/python3.12/site-packages/***/task/task_runner/standard_task_runner.py:70: DeprecationWarning: This process (pid=2254) is multi-threaded, use of fork() may lead to deadlocks in the child.
  pid = os.fork()

[2025-01-29T22:14:09.780+0000] {standard_task_runner.py:72} INFO - Started process 2258 to run task
[2025-01-29T22:14:09.782+0000] {standard_task_runner.py:104} INFO - Running: ['***', 'tasks', 'run', 'etl_processing', 'nds-load', 'scheduled__2025-01-29T22:12:00+00:00', '--job-id', '534', '--raw', '--subdir', 'DAGS_FOLDER/DAG_etl.py', '--cfg-path', '/tmp/tmp2u4hxqn4']
[2025-01-29T22:14:09.788+0000] {standard_task_runner.py:105} INFO - Job 534: Subtask nds-load
[2025-01-29T22:14:09.905+0000] {task_command.py:467} INFO - Running <TaskInstance: etl_processing.nds-load scheduled__2025-01-29T22:12:00+00:00 [running]> on host a664bcf281bf
[2025-01-29T22:14:10.575+0000] {taskinstance.py:3132} INFO - Exporting env vars: AIRFLOW_CTX_DAG_OWNER='***' AIRFLOW_CTX_DAG_ID='etl_processing' AIRFLOW_CTX_TASK_ID='nds-load' AIRFLOW_CTX_EXECUTION_DATE='2025-01-29T22:12:00+00:00' AIRFLOW_CTX_TRY_NUMBER='1' AIRFLOW_CTX_DAG_RUN_ID='scheduled__2025-01-29T22:12:00+00:00'
[2025-01-29T22:14:10.577+0000] {taskinstance.py:731} INFO - ::endgroup::
[2025-01-29T22:14:10.646+0000] {base.py:84} INFO - Retrieving connection 'DB_connect'
[2025-01-29T22:14:10.720+0000] {base.py:84} INFO - Retrieving connection 'DB_connect'
[2025-01-29T22:14:10.875+0000] {base.py:84} INFO - Retrieving connection 'DB_connect'
[2025-01-29T22:14:11.025+0000] {base.py:84} INFO - Retrieving connection 'DB_connect'
[2025-01-29T22:14:11.185+0000] {base.py:84} INFO - Retrieving connection 'DB_connect'
[2025-01-29T22:14:11.302+0000] {base.py:84} INFO - Retrieving connection 'DB_connect'
[2025-01-29T22:14:11.454+0000] {base.py:84} INFO - Retrieving connection 'DB_connect'
[2025-01-29T22:14:11.585+0000] {base.py:84} INFO - Retrieving connection 'DB_connect'
[2025-01-29T22:14:11.794+0000] {base.py:84} INFO - Retrieving connection 'DB_connect'
[2025-01-29T22:14:11.940+0000] {python.py:240} INFO - Done. Returned value was: None
[2025-01-29T22:14:11.974+0000] {taskinstance.py:340} INFO - ::group::Post task execution logs
[2025-01-29T22:14:11.975+0000] {taskinstance.py:352} INFO - Marking task as SUCCESS. dag_id=etl_processing, task_id=nds-load, run_id=scheduled__2025-01-29T22:12:00+00:00, execution_date=20250129T221200, start_date=20250129T221409, end_date=20250129T221411
[2025-01-29T22:14:12.048+0000] {local_task_job_runner.py:266} INFO - Task exited with return code 0
[2025-01-29T22:14:12.074+0000] {local_task_job_runner.py:245} INFO - ::endgroup::
