[2025-01-29T22:14:19.883+0000] {local_task_job_runner.py:123} INFO - ::group::Pre task execution logs
[2025-01-29T22:14:19.947+0000] {taskinstance.py:2613} INFO - Dependencies all met for dep_context=non-requeueable deps ti=<TaskInstance: etl_processing.dds-meas-load scheduled__2025-01-29T22:12:00+00:00 [queued]>
[2025-01-29T22:14:19.972+0000] {taskinstance.py:2613} INFO - Dependencies all met for dep_context=requeueable deps ti=<TaskInstance: etl_processing.dds-meas-load scheduled__2025-01-29T22:12:00+00:00 [queued]>
[2025-01-29T22:14:19.973+0000] {taskinstance.py:2866} INFO - Starting attempt 1 of 1
[2025-01-29T22:14:20.012+0000] {taskinstance.py:2889} INFO - Executing <Task(SQLExecuteQueryOperator): dds-meas-load> on 2025-01-29 22:12:00+00:00
[2025-01-29T22:14:20.028+0000] {warnings.py:112} WARNING - /home/***/.local/lib/python3.12/site-packages/***/task/task_runner/standard_task_runner.py:70: DeprecationWarning: This process (pid=2264) is multi-threaded, use of fork() may lead to deadlocks in the child.
  pid = os.fork()

[2025-01-29T22:14:20.032+0000] {standard_task_runner.py:72} INFO - Started process 2266 to run task
[2025-01-29T22:14:20.033+0000] {standard_task_runner.py:104} INFO - Running: ['***', 'tasks', 'run', 'etl_processing', 'dds-meas-load', 'scheduled__2025-01-29T22:12:00+00:00', '--job-id', '536', '--raw', '--subdir', 'DAGS_FOLDER/DAG_etl.py', '--cfg-path', '/tmp/tmpkidb7o8a']
[2025-01-29T22:14:20.039+0000] {standard_task_runner.py:105} INFO - Job 536: Subtask dds-meas-load
[2025-01-29T22:14:20.172+0000] {task_command.py:467} INFO - Running <TaskInstance: etl_processing.dds-meas-load scheduled__2025-01-29T22:12:00+00:00 [running]> on host a664bcf281bf
[2025-01-29T22:14:20.863+0000] {taskinstance.py:3132} INFO - Exporting env vars: AIRFLOW_CTX_DAG_OWNER='***' AIRFLOW_CTX_DAG_ID='etl_processing' AIRFLOW_CTX_TASK_ID='dds-meas-load' AIRFLOW_CTX_EXECUTION_DATE='2025-01-29T22:12:00+00:00' AIRFLOW_CTX_TRY_NUMBER='1' AIRFLOW_CTX_DAG_RUN_ID='scheduled__2025-01-29T22:12:00+00:00'
[2025-01-29T22:14:20.866+0000] {taskinstance.py:731} INFO - ::endgroup::
[2025-01-29T22:14:20.914+0000] {sql.py:278} INFO - Executing: 
    insert into dds.branch (branch)
        (select branch from nds.branch where branch not in (select branch from dds.branch));

    insert into dds.city (city)
        (select city from nds.city where city not in (select city from dds.city));

    insert into dds.customer_type (customer_type)
        (select customer_type from nds.customer_type where customer_type not in (select customer_type from dds.customer_type));

    insert into dds.gender (gender)
        (select gender from nds.gender where gender not in (select gender from dds.gender));

    insert into dds.product_line (product_line)
        (select product_line from nds.product_line where product_line not in (select product_line from dds.product_line));

    insert into dds.payment (payment)
        (select payment from nds.payment where payment not in (select payment from dds.payment));
[2025-01-29T22:14:20.940+0000] {base.py:84} INFO - Retrieving connection 'DB_connect'
[2025-01-29T22:14:20.960+0000] {base.py:84} INFO - Retrieving connection 'DB_connect'
[2025-01-29T22:14:20.976+0000] {sql.py:544} INFO - Running statement: 
    insert into dds.branch (branch)
        (select branch from nds.branch where branch not in (select branch from dds.branch));

    insert into dds.city (city)
        (select city from nds.city where city not in (select city from dds.city));

    insert into dds.customer_type (customer_type)
        (select customer_type from nds.customer_type where customer_type not in (select customer_type from dds.customer_type));

    insert into dds.gender (gender)
        (select gender from nds.gender where gender not in (select gender from dds.gender));

    insert into dds.product_line (product_line)
        (select product_line from nds.product_line where product_line not in (select product_line from dds.product_line));

    insert into dds.payment (payment)
        (select payment from nds.payment where payment not in (select payment from dds.payment));, parameters: None
[2025-01-29T22:14:20.987+0000] {sql.py:553} INFO - Rows affected: 0
[2025-01-29T22:14:21.016+0000] {taskinstance.py:340} INFO - ::group::Post task execution logs
[2025-01-29T22:14:21.017+0000] {taskinstance.py:352} INFO - Marking task as SUCCESS. dag_id=etl_processing, task_id=dds-meas-load, run_id=scheduled__2025-01-29T22:12:00+00:00, execution_date=20250129T221200, start_date=20250129T221419, end_date=20250129T221421
[2025-01-29T22:14:21.112+0000] {local_task_job_runner.py:266} INFO - Task exited with return code 0
[2025-01-29T22:14:21.192+0000] {taskinstance.py:3895} INFO - 1 downstream tasks scheduled from follow-on schedule check
[2025-01-29T22:14:21.195+0000] {local_task_job_runner.py:245} INFO - ::endgroup::
