[2025-01-26T22:04:16.087+0000] {local_task_job_runner.py:123} INFO - ::group::Pre task execution logs
[2025-01-26T22:04:16.137+0000] {taskinstance.py:2613} INFO - Dependencies all met for dep_context=non-requeueable deps ti=<TaskInstance: load_gener_data.create_tables scheduled__2025-01-26T22:03:00+00:00 [queued]>
[2025-01-26T22:04:16.156+0000] {taskinstance.py:2613} INFO - Dependencies all met for dep_context=requeueable deps ti=<TaskInstance: load_gener_data.create_tables scheduled__2025-01-26T22:03:00+00:00 [queued]>
[2025-01-26T22:04:16.157+0000] {taskinstance.py:2866} INFO - Starting attempt 1 of 1
[2025-01-26T22:04:16.190+0000] {taskinstance.py:2889} INFO - Executing <Task(SQLExecuteQueryOperator): create_tables> on 2025-01-26 22:03:00+00:00
[2025-01-26T22:04:16.204+0000] {warnings.py:112} WARNING - /home/***/.local/lib/python3.12/site-packages/***/task/task_runner/standard_task_runner.py:70: DeprecationWarning: This process (pid=1581) is multi-threaded, use of fork() may lead to deadlocks in the child.
  pid = os.fork()

[2025-01-26T22:04:16.207+0000] {standard_task_runner.py:72} INFO - Started process 1583 to run task
[2025-01-26T22:04:16.210+0000] {standard_task_runner.py:104} INFO - Running: ['***', 'tasks', 'run', 'load_gener_data', 'create_tables', 'scheduled__2025-01-26T22:03:00+00:00', '--job-id', '402', '--raw', '--subdir', 'DAGS_FOLDER/DAG_test_data.py', '--cfg-path', '/tmp/tmprqe3rwpp']
[2025-01-26T22:04:16.216+0000] {standard_task_runner.py:105} INFO - Job 402: Subtask create_tables
[2025-01-26T22:04:16.352+0000] {task_command.py:467} INFO - Running <TaskInstance: load_gener_data.create_tables scheduled__2025-01-26T22:03:00+00:00 [running]> on host a664bcf281bf
[2025-01-26T22:04:17.006+0000] {taskinstance.py:3132} INFO - Exporting env vars: AIRFLOW_CTX_DAG_OWNER='***' AIRFLOW_CTX_DAG_ID='load_gener_data' AIRFLOW_CTX_TASK_ID='create_tables' AIRFLOW_CTX_EXECUTION_DATE='2025-01-26T22:03:00+00:00' AIRFLOW_CTX_TRY_NUMBER='1' AIRFLOW_CTX_DAG_RUN_ID='scheduled__2025-01-26T22:03:00+00:00'
[2025-01-26T22:04:17.008+0000] {taskinstance.py:731} INFO - ::endgroup::
[2025-01-26T22:04:17.051+0000] {sql.py:278} INFO - Executing: 
        create schema if not exists stg;

        create table if not exists stg.test_data_gener(
        	id serial primary key,
		    invoice_id varchar(15),
        	branch varchar(2),
        	city varchar(100),
        	customer_type varchar(10),
        	gender varchar(10),
        	product_line varchar(150),
        	unit_price varchar(10),
        	quantity varchar(3),
        	"tax_5%" varchar(10),
        	total varchar(15),
        	date varchar(15),
        	time varchar(10),
        	payment varchar(150),
        	cogs varchar(15),
        	gross_margin_percentage varchar(15),
        	gross_income varchar(10),
        	rating varchar(4)
    		);
		
	    create table if not exists stg.temp_var(
                last_value_id integer
 		);

[2025-01-26T22:04:17.077+0000] {base.py:84} INFO - Retrieving connection 'DB_connect'
[2025-01-26T22:04:17.095+0000] {base.py:84} INFO - Retrieving connection 'DB_connect'
[2025-01-26T22:04:17.106+0000] {sql.py:544} INFO - Running statement: 
        create schema if not exists stg;

        create table if not exists stg.test_data_gener(
        	id serial primary key,
		    invoice_id varchar(15),
        	branch varchar(2),
        	city varchar(100),
        	customer_type varchar(10),
        	gender varchar(10),
        	product_line varchar(150),
        	unit_price varchar(10),
        	quantity varchar(3),
        	"tax_5%" varchar(10),
        	total varchar(15),
        	date varchar(15),
        	time varchar(10),
        	payment varchar(150),
        	cogs varchar(15),
        	gross_margin_percentage varchar(15),
        	gross_income varchar(10),
        	rating varchar(4)
    		);
		
	    create table if not exists stg.temp_var(
                last_value_id integer
 		);
, parameters: None
[2025-01-26T22:04:17.197+0000] {taskinstance.py:340} INFO - ::group::Post task execution logs
[2025-01-26T22:04:17.198+0000] {taskinstance.py:352} INFO - Marking task as SUCCESS. dag_id=load_gener_data, task_id=create_tables, run_id=scheduled__2025-01-26T22:03:00+00:00, execution_date=20250126T220300, start_date=20250126T220416, end_date=20250126T220417
[2025-01-26T22:04:17.291+0000] {local_task_job_runner.py:266} INFO - Task exited with return code 0
[2025-01-26T22:04:17.426+0000] {taskinstance.py:3895} INFO - 1 downstream tasks scheduled from follow-on schedule check
[2025-01-26T22:04:17.429+0000] {local_task_job_runner.py:245} INFO - ::endgroup::
