[2025-01-31T21:27:04.174+0000] {local_task_job_runner.py:123} INFO - ::group::Pre task execution logs
[2025-01-31T21:27:04.227+0000] {taskinstance.py:2613} INFO - Dependencies all met for dep_context=non-requeueable deps ti=<TaskInstance: etl_processing.dds-meas-load scheduled__2025-01-31T21:24:00+00:00 [queued]>
[2025-01-31T21:27:04.250+0000] {taskinstance.py:2613} INFO - Dependencies all met for dep_context=requeueable deps ti=<TaskInstance: etl_processing.dds-meas-load scheduled__2025-01-31T21:24:00+00:00 [queued]>
[2025-01-31T21:27:04.251+0000] {taskinstance.py:2866} INFO - Starting attempt 1 of 1
[2025-01-31T21:27:04.286+0000] {taskinstance.py:2889} INFO - Executing <Task(SQLExecuteQueryOperator): dds-meas-load> on 2025-01-31 21:24:00+00:00
[2025-01-31T21:27:04.301+0000] {warnings.py:112} WARNING - /home/***/.local/lib/python3.12/site-packages/***/task/task_runner/standard_task_runner.py:70: DeprecationWarning: This process (pid=2654) is multi-threaded, use of fork() may lead to deadlocks in the child.
  pid = os.fork()

[2025-01-31T21:27:04.305+0000] {standard_task_runner.py:72} INFO - Started process 2658 to run task
[2025-01-31T21:27:04.309+0000] {standard_task_runner.py:104} INFO - Running: ['***', 'tasks', 'run', 'etl_processing', 'dds-meas-load', 'scheduled__2025-01-31T21:24:00+00:00', '--job-id', '596', '--raw', '--subdir', 'DAGS_FOLDER/DAG_etl.py', '--cfg-path', '/tmp/tmp9ud1gm12']
[2025-01-31T21:27:04.315+0000] {standard_task_runner.py:105} INFO - Job 596: Subtask dds-meas-load
[2025-01-31T21:27:04.486+0000] {task_command.py:467} INFO - Running <TaskInstance: etl_processing.dds-meas-load scheduled__2025-01-31T21:24:00+00:00 [running]> on host a664bcf281bf
[2025-01-31T21:27:05.243+0000] {taskinstance.py:3132} INFO - Exporting env vars: AIRFLOW_CTX_DAG_OWNER='***' AIRFLOW_CTX_DAG_ID='etl_processing' AIRFLOW_CTX_TASK_ID='dds-meas-load' AIRFLOW_CTX_EXECUTION_DATE='2025-01-31T21:24:00+00:00' AIRFLOW_CTX_TRY_NUMBER='1' AIRFLOW_CTX_DAG_RUN_ID='scheduled__2025-01-31T21:24:00+00:00'
[2025-01-31T21:27:05.246+0000] {taskinstance.py:731} INFO - ::endgroup::
[2025-01-31T21:27:05.290+0000] {sql.py:278} INFO - Executing: 
    insert into dds.branch (branch)
        (select branch from nds.branch where branch not in (select branch from dds.branch));

    insert into dds.city (city)
        (select city from nds.city where city not in (select city from dds.city));

    insert into dds.customer_type (customer_type)
        (select customer_type from nds.customer_type where customer_type not in (select customer_type from dds.customer_type));

    insert into dds.gender (gender)
        (select gender from nds.gender where gender not in (select gender from dds.gender));

    insert into dds.product_line (product_line)
        (select product_line from nds.product_line where product_line not in (select product_line from dds.product_line));

    insert into dds.payment (payment)
        (select payment from nds.payment where payment not in (select payment from dds.payment));
[2025-01-31T21:27:05.313+0000] {base.py:84} INFO - Retrieving connection 'DB_connect'
[2025-01-31T21:27:05.347+0000] {base.py:84} INFO - Retrieving connection 'DB_connect'
[2025-01-31T21:27:05.356+0000] {sql.py:544} INFO - Running statement: 
    insert into dds.branch (branch)
        (select branch from nds.branch where branch not in (select branch from dds.branch));

    insert into dds.city (city)
        (select city from nds.city where city not in (select city from dds.city));

    insert into dds.customer_type (customer_type)
        (select customer_type from nds.customer_type where customer_type not in (select customer_type from dds.customer_type));

    insert into dds.gender (gender)
        (select gender from nds.gender where gender not in (select gender from dds.gender));

    insert into dds.product_line (product_line)
        (select product_line from nds.product_line where product_line not in (select product_line from dds.product_line));

    insert into dds.payment (payment)
        (select payment from nds.payment where payment not in (select payment from dds.payment));, parameters: None
[2025-01-31T21:27:05.367+0000] {sql.py:553} INFO - Rows affected: 0
[2025-01-31T21:27:05.397+0000] {taskinstance.py:340} INFO - ::group::Post task execution logs
[2025-01-31T21:27:05.398+0000] {taskinstance.py:352} INFO - Marking task as SUCCESS. dag_id=etl_processing, task_id=dds-meas-load, run_id=scheduled__2025-01-31T21:24:00+00:00, execution_date=20250131T212400, start_date=20250131T212704, end_date=20250131T212705
[2025-01-31T21:27:05.502+0000] {local_task_job_runner.py:266} INFO - Task exited with return code 0
[2025-01-31T21:27:05.595+0000] {taskinstance.py:3895} INFO - 1 downstream tasks scheduled from follow-on schedule check
[2025-01-31T21:27:05.598+0000] {local_task_job_runner.py:245} INFO - ::endgroup::
