[2025-01-31T21:28:08.546+0000] {local_task_job_runner.py:123} INFO - ::group::Pre task execution logs
[2025-01-31T21:28:08.615+0000] {taskinstance.py:2613} INFO - Dependencies all met for dep_context=non-requeueable deps ti=<TaskInstance: etl_processing.nds-load scheduled__2025-01-31T21:26:00+00:00 [queued]>
[2025-01-31T21:28:08.643+0000] {taskinstance.py:2613} INFO - Dependencies all met for dep_context=requeueable deps ti=<TaskInstance: etl_processing.nds-load scheduled__2025-01-31T21:26:00+00:00 [queued]>
[2025-01-31T21:28:08.644+0000] {taskinstance.py:2866} INFO - Starting attempt 1 of 1
[2025-01-31T21:28:08.690+0000] {taskinstance.py:2889} INFO - Executing <Task(PythonOperator): nds-load> on 2025-01-31 21:26:00+00:00
[2025-01-31T21:28:08.713+0000] {warnings.py:112} WARNING - /home/***/.local/lib/python3.12/site-packages/***/task/task_runner/standard_task_runner.py:70: DeprecationWarning: This process (pid=2689) is multi-threaded, use of fork() may lead to deadlocks in the child.
  pid = os.fork()

[2025-01-31T21:28:08.716+0000] {standard_task_runner.py:72} INFO - Started process 2693 to run task
[2025-01-31T21:28:08.725+0000] {standard_task_runner.py:104} INFO - Running: ['***', 'tasks', 'run', 'etl_processing', 'nds-load', 'scheduled__2025-01-31T21:26:00+00:00', '--job-id', '603', '--raw', '--subdir', 'DAGS_FOLDER/DAG_etl.py', '--cfg-path', '/tmp/tmp4t35z3e0']
[2025-01-31T21:28:08.738+0000] {standard_task_runner.py:105} INFO - Job 603: Subtask nds-load
[2025-01-31T21:28:08.910+0000] {task_command.py:467} INFO - Running <TaskInstance: etl_processing.nds-load scheduled__2025-01-31T21:26:00+00:00 [running]> on host a664bcf281bf
[2025-01-31T21:28:09.625+0000] {taskinstance.py:3132} INFO - Exporting env vars: AIRFLOW_CTX_DAG_OWNER='***' AIRFLOW_CTX_DAG_ID='etl_processing' AIRFLOW_CTX_TASK_ID='nds-load' AIRFLOW_CTX_EXECUTION_DATE='2025-01-31T21:26:00+00:00' AIRFLOW_CTX_TRY_NUMBER='1' AIRFLOW_CTX_DAG_RUN_ID='scheduled__2025-01-31T21:26:00+00:00'
[2025-01-31T21:28:09.627+0000] {taskinstance.py:731} INFO - ::endgroup::
[2025-01-31T21:28:09.697+0000] {base.py:84} INFO - Retrieving connection 'DB_connect'
[2025-01-31T21:28:09.747+0000] {base.py:84} INFO - Retrieving connection 'DB_connect'
[2025-01-31T21:28:09.857+0000] {base.py:84} INFO - Retrieving connection 'DB_connect'
[2025-01-31T21:28:09.966+0000] {base.py:84} INFO - Retrieving connection 'DB_connect'
[2025-01-31T21:28:10.079+0000] {base.py:84} INFO - Retrieving connection 'DB_connect'
[2025-01-31T21:28:10.197+0000] {base.py:84} INFO - Retrieving connection 'DB_connect'
[2025-01-31T21:28:10.300+0000] {base.py:84} INFO - Retrieving connection 'DB_connect'
[2025-01-31T21:28:10.403+0000] {base.py:84} INFO - Retrieving connection 'DB_connect'
[2025-01-31T21:28:10.592+0000] {base.py:84} INFO - Retrieving connection 'DB_connect'
[2025-01-31T21:28:10.924+0000] {python.py:240} INFO - Done. Returned value was: None
[2025-01-31T21:28:10.967+0000] {taskinstance.py:340} INFO - ::group::Post task execution logs
[2025-01-31T21:28:10.968+0000] {taskinstance.py:352} INFO - Marking task as SUCCESS. dag_id=etl_processing, task_id=nds-load, run_id=scheduled__2025-01-31T21:26:00+00:00, execution_date=20250131T212600, start_date=20250131T212808, end_date=20250131T212810
[2025-01-31T21:28:11.049+0000] {local_task_job_runner.py:266} INFO - Task exited with return code 0
[2025-01-31T21:28:11.129+0000] {taskinstance.py:3895} INFO - 1 downstream tasks scheduled from follow-on schedule check
[2025-01-31T21:28:11.134+0000] {local_task_job_runner.py:245} INFO - ::endgroup::
