[2025-01-27T18:53:22.024+0000] {processor.py:186} INFO - Started process (PID=80) to work on /opt/airflow/dags/tasks/etl/etl_nds_def.py
[2025-01-27T18:53:22.025+0000] {processor.py:914} INFO - Processing file /opt/airflow/dags/tasks/etl/etl_nds_def.py for tasks to queue
[2025-01-27T18:53:22.032+0000] {logging_mixin.py:190} INFO - [2025-01-27T18:53:22.031+0000] {dagbag.py:588} INFO - Filling up the DagBag from /opt/airflow/dags/tasks/etl/etl_nds_def.py
[2025-01-27T18:53:33.256+0000] {processor.py:927} WARNING - No viable dags retrieved from /opt/airflow/dags/tasks/etl/etl_nds_def.py
[2025-01-27T18:53:33.292+0000] {processor.py:208} INFO - Processing /opt/airflow/dags/tasks/etl/etl_nds_def.py took 11.299 seconds
[2025-01-27T18:54:04.151+0000] {processor.py:186} INFO - Started process (PID=93) to work on /opt/airflow/dags/tasks/etl/etl_nds_def.py
[2025-01-27T18:54:04.163+0000] {processor.py:914} INFO - Processing file /opt/airflow/dags/tasks/etl/etl_nds_def.py for tasks to queue
[2025-01-27T18:54:04.171+0000] {logging_mixin.py:190} INFO - [2025-01-27T18:54:04.171+0000] {dagbag.py:588} INFO - Filling up the DagBag from /opt/airflow/dags/tasks/etl/etl_nds_def.py
[2025-01-27T18:54:05.676+0000] {processor.py:927} WARNING - No viable dags retrieved from /opt/airflow/dags/tasks/etl/etl_nds_def.py
[2025-01-27T18:54:05.699+0000] {processor.py:208} INFO - Processing /opt/airflow/dags/tasks/etl/etl_nds_def.py took 1.572 seconds
[2025-01-27T18:54:36.039+0000] {processor.py:186} INFO - Started process (PID=106) to work on /opt/airflow/dags/tasks/etl/etl_nds_def.py
[2025-01-27T18:54:36.072+0000] {processor.py:914} INFO - Processing file /opt/airflow/dags/tasks/etl/etl_nds_def.py for tasks to queue
[2025-01-27T18:54:36.085+0000] {logging_mixin.py:190} INFO - [2025-01-27T18:54:36.083+0000] {dagbag.py:588} INFO - Filling up the DagBag from /opt/airflow/dags/tasks/etl/etl_nds_def.py
[2025-01-27T18:54:37.628+0000] {processor.py:927} WARNING - No viable dags retrieved from /opt/airflow/dags/tasks/etl/etl_nds_def.py
[2025-01-27T18:54:37.662+0000] {processor.py:208} INFO - Processing /opt/airflow/dags/tasks/etl/etl_nds_def.py took 1.647 seconds
[2025-01-27T18:55:08.118+0000] {processor.py:186} INFO - Started process (PID=119) to work on /opt/airflow/dags/tasks/etl/etl_nds_def.py
[2025-01-27T18:55:08.141+0000] {processor.py:914} INFO - Processing file /opt/airflow/dags/tasks/etl/etl_nds_def.py for tasks to queue
[2025-01-27T18:55:08.147+0000] {logging_mixin.py:190} INFO - [2025-01-27T18:55:08.146+0000] {dagbag.py:588} INFO - Filling up the DagBag from /opt/airflow/dags/tasks/etl/etl_nds_def.py
[2025-01-27T18:55:09.755+0000] {processor.py:927} WARNING - No viable dags retrieved from /opt/airflow/dags/tasks/etl/etl_nds_def.py
[2025-01-27T18:55:09.778+0000] {processor.py:208} INFO - Processing /opt/airflow/dags/tasks/etl/etl_nds_def.py took 1.689 seconds
[2025-01-27T18:55:39.905+0000] {processor.py:186} INFO - Started process (PID=138) to work on /opt/airflow/dags/tasks/etl/etl_nds_def.py
[2025-01-27T18:55:39.943+0000] {processor.py:914} INFO - Processing file /opt/airflow/dags/tasks/etl/etl_nds_def.py for tasks to queue
[2025-01-27T18:55:39.951+0000] {logging_mixin.py:190} INFO - [2025-01-27T18:55:39.949+0000] {dagbag.py:588} INFO - Filling up the DagBag from /opt/airflow/dags/tasks/etl/etl_nds_def.py
[2025-01-27T18:55:41.460+0000] {processor.py:927} WARNING - No viable dags retrieved from /opt/airflow/dags/tasks/etl/etl_nds_def.py
[2025-01-27T18:55:41.495+0000] {processor.py:208} INFO - Processing /opt/airflow/dags/tasks/etl/etl_nds_def.py took 1.612 seconds
[2025-01-27T18:56:11.975+0000] {processor.py:186} INFO - Started process (PID=151) to work on /opt/airflow/dags/tasks/etl/etl_nds_def.py
[2025-01-27T18:56:11.986+0000] {processor.py:914} INFO - Processing file /opt/airflow/dags/tasks/etl/etl_nds_def.py for tasks to queue
[2025-01-27T18:56:11.992+0000] {logging_mixin.py:190} INFO - [2025-01-27T18:56:11.991+0000] {dagbag.py:588} INFO - Filling up the DagBag from /opt/airflow/dags/tasks/etl/etl_nds_def.py
[2025-01-27T18:56:13.179+0000] {processor.py:927} WARNING - No viable dags retrieved from /opt/airflow/dags/tasks/etl/etl_nds_def.py
[2025-01-27T18:56:13.233+0000] {processor.py:208} INFO - Processing /opt/airflow/dags/tasks/etl/etl_nds_def.py took 1.278 seconds
[2025-01-27T18:56:43.706+0000] {processor.py:186} INFO - Started process (PID=172) to work on /opt/airflow/dags/tasks/etl/etl_nds_def.py
[2025-01-27T18:56:43.726+0000] {processor.py:914} INFO - Processing file /opt/airflow/dags/tasks/etl/etl_nds_def.py for tasks to queue
[2025-01-27T18:56:43.740+0000] {logging_mixin.py:190} INFO - [2025-01-27T18:56:43.739+0000] {dagbag.py:588} INFO - Filling up the DagBag from /opt/airflow/dags/tasks/etl/etl_nds_def.py
[2025-01-27T18:56:45.032+0000] {processor.py:927} WARNING - No viable dags retrieved from /opt/airflow/dags/tasks/etl/etl_nds_def.py
[2025-01-27T18:56:45.070+0000] {processor.py:208} INFO - Processing /opt/airflow/dags/tasks/etl/etl_nds_def.py took 1.399 seconds
[2025-01-27T18:57:15.422+0000] {processor.py:186} INFO - Started process (PID=185) to work on /opt/airflow/dags/tasks/etl/etl_nds_def.py
[2025-01-27T18:57:15.425+0000] {processor.py:914} INFO - Processing file /opt/airflow/dags/tasks/etl/etl_nds_def.py for tasks to queue
[2025-01-27T18:57:15.431+0000] {logging_mixin.py:190} INFO - [2025-01-27T18:57:15.430+0000] {dagbag.py:588} INFO - Filling up the DagBag from /opt/airflow/dags/tasks/etl/etl_nds_def.py
[2025-01-27T18:57:16.503+0000] {processor.py:927} WARNING - No viable dags retrieved from /opt/airflow/dags/tasks/etl/etl_nds_def.py
[2025-01-27T18:57:16.539+0000] {processor.py:208} INFO - Processing /opt/airflow/dags/tasks/etl/etl_nds_def.py took 1.139 seconds
[2025-01-27T18:57:46.731+0000] {processor.py:186} INFO - Started process (PID=198) to work on /opt/airflow/dags/tasks/etl/etl_nds_def.py
[2025-01-27T18:57:46.734+0000] {processor.py:914} INFO - Processing file /opt/airflow/dags/tasks/etl/etl_nds_def.py for tasks to queue
[2025-01-27T18:57:46.740+0000] {logging_mixin.py:190} INFO - [2025-01-27T18:57:46.739+0000] {dagbag.py:588} INFO - Filling up the DagBag from /opt/airflow/dags/tasks/etl/etl_nds_def.py
[2025-01-27T18:57:47.957+0000] {processor.py:927} WARNING - No viable dags retrieved from /opt/airflow/dags/tasks/etl/etl_nds_def.py
[2025-01-27T18:57:47.992+0000] {processor.py:208} INFO - Processing /opt/airflow/dags/tasks/etl/etl_nds_def.py took 1.290 seconds
[2025-01-27T18:58:18.347+0000] {processor.py:186} INFO - Started process (PID=211) to work on /opt/airflow/dags/tasks/etl/etl_nds_def.py
[2025-01-27T18:58:18.349+0000] {processor.py:914} INFO - Processing file /opt/airflow/dags/tasks/etl/etl_nds_def.py for tasks to queue
[2025-01-27T18:58:18.359+0000] {logging_mixin.py:190} INFO - [2025-01-27T18:58:18.358+0000] {dagbag.py:588} INFO - Filling up the DagBag from /opt/airflow/dags/tasks/etl/etl_nds_def.py
[2025-01-27T18:58:19.604+0000] {processor.py:927} WARNING - No viable dags retrieved from /opt/airflow/dags/tasks/etl/etl_nds_def.py
[2025-01-27T18:58:19.634+0000] {processor.py:208} INFO - Processing /opt/airflow/dags/tasks/etl/etl_nds_def.py took 1.317 seconds
[2025-01-27T18:58:50.264+0000] {processor.py:186} INFO - Started process (PID=224) to work on /opt/airflow/dags/tasks/etl/etl_nds_def.py
[2025-01-27T18:58:50.266+0000] {processor.py:914} INFO - Processing file /opt/airflow/dags/tasks/etl/etl_nds_def.py for tasks to queue
[2025-01-27T18:58:50.273+0000] {logging_mixin.py:190} INFO - [2025-01-27T18:58:50.272+0000] {dagbag.py:588} INFO - Filling up the DagBag from /opt/airflow/dags/tasks/etl/etl_nds_def.py
[2025-01-27T18:58:51.460+0000] {processor.py:927} WARNING - No viable dags retrieved from /opt/airflow/dags/tasks/etl/etl_nds_def.py
[2025-01-27T18:58:51.497+0000] {processor.py:208} INFO - Processing /opt/airflow/dags/tasks/etl/etl_nds_def.py took 1.259 seconds
[2025-01-27T18:59:22.321+0000] {processor.py:186} INFO - Started process (PID=237) to work on /opt/airflow/dags/tasks/etl/etl_nds_def.py
[2025-01-27T18:59:22.323+0000] {processor.py:914} INFO - Processing file /opt/airflow/dags/tasks/etl/etl_nds_def.py for tasks to queue
[2025-01-27T18:59:22.329+0000] {logging_mixin.py:190} INFO - [2025-01-27T18:59:22.328+0000] {dagbag.py:588} INFO - Filling up the DagBag from /opt/airflow/dags/tasks/etl/etl_nds_def.py
[2025-01-27T18:59:23.513+0000] {processor.py:927} WARNING - No viable dags retrieved from /opt/airflow/dags/tasks/etl/etl_nds_def.py
[2025-01-27T18:59:23.554+0000] {processor.py:208} INFO - Processing /opt/airflow/dags/tasks/etl/etl_nds_def.py took 1.254 seconds
[2025-01-27T18:59:53.739+0000] {processor.py:186} INFO - Started process (PID=250) to work on /opt/airflow/dags/tasks/etl/etl_nds_def.py
[2025-01-27T18:59:53.742+0000] {processor.py:914} INFO - Processing file /opt/airflow/dags/tasks/etl/etl_nds_def.py for tasks to queue
[2025-01-27T18:59:53.749+0000] {logging_mixin.py:190} INFO - [2025-01-27T18:59:53.748+0000] {dagbag.py:588} INFO - Filling up the DagBag from /opt/airflow/dags/tasks/etl/etl_nds_def.py
[2025-01-27T18:59:54.905+0000] {processor.py:927} WARNING - No viable dags retrieved from /opt/airflow/dags/tasks/etl/etl_nds_def.py
[2025-01-27T18:59:54.954+0000] {processor.py:208} INFO - Processing /opt/airflow/dags/tasks/etl/etl_nds_def.py took 1.257 seconds
[2025-01-27T19:00:25.529+0000] {processor.py:186} INFO - Started process (PID=263) to work on /opt/airflow/dags/tasks/etl/etl_nds_def.py
[2025-01-27T19:00:25.531+0000] {processor.py:914} INFO - Processing file /opt/airflow/dags/tasks/etl/etl_nds_def.py for tasks to queue
[2025-01-27T19:00:25.538+0000] {logging_mixin.py:190} INFO - [2025-01-27T19:00:25.537+0000] {dagbag.py:588} INFO - Filling up the DagBag from /opt/airflow/dags/tasks/etl/etl_nds_def.py
[2025-01-27T19:00:26.662+0000] {processor.py:927} WARNING - No viable dags retrieved from /opt/airflow/dags/tasks/etl/etl_nds_def.py
[2025-01-27T19:00:26.692+0000] {processor.py:208} INFO - Processing /opt/airflow/dags/tasks/etl/etl_nds_def.py took 1.189 seconds
[2025-01-27T19:00:57.214+0000] {processor.py:186} INFO - Started process (PID=277) to work on /opt/airflow/dags/tasks/etl/etl_nds_def.py
[2025-01-27T19:00:57.215+0000] {processor.py:914} INFO - Processing file /opt/airflow/dags/tasks/etl/etl_nds_def.py for tasks to queue
[2025-01-27T19:00:57.230+0000] {logging_mixin.py:190} INFO - [2025-01-27T19:00:57.221+0000] {dagbag.py:588} INFO - Filling up the DagBag from /opt/airflow/dags/tasks/etl/etl_nds_def.py
[2025-01-27T19:00:58.410+0000] {processor.py:927} WARNING - No viable dags retrieved from /opt/airflow/dags/tasks/etl/etl_nds_def.py
[2025-01-27T19:00:58.436+0000] {processor.py:208} INFO - Processing /opt/airflow/dags/tasks/etl/etl_nds_def.py took 1.265 seconds
[2025-01-27T19:01:29.345+0000] {processor.py:186} INFO - Started process (PID=290) to work on /opt/airflow/dags/tasks/etl/etl_nds_def.py
[2025-01-27T19:01:29.347+0000] {processor.py:914} INFO - Processing file /opt/airflow/dags/tasks/etl/etl_nds_def.py for tasks to queue
[2025-01-27T19:01:29.354+0000] {logging_mixin.py:190} INFO - [2025-01-27T19:01:29.354+0000] {dagbag.py:588} INFO - Filling up the DagBag from /opt/airflow/dags/tasks/etl/etl_nds_def.py
[2025-01-27T19:01:30.604+0000] {processor.py:927} WARNING - No viable dags retrieved from /opt/airflow/dags/tasks/etl/etl_nds_def.py
[2025-01-27T19:01:30.646+0000] {processor.py:208} INFO - Processing /opt/airflow/dags/tasks/etl/etl_nds_def.py took 1.339 seconds
[2025-01-27T19:02:01.292+0000] {processor.py:186} INFO - Started process (PID=303) to work on /opt/airflow/dags/tasks/etl/etl_nds_def.py
[2025-01-27T19:02:01.294+0000] {processor.py:914} INFO - Processing file /opt/airflow/dags/tasks/etl/etl_nds_def.py for tasks to queue
[2025-01-27T19:02:01.301+0000] {logging_mixin.py:190} INFO - [2025-01-27T19:02:01.300+0000] {dagbag.py:588} INFO - Filling up the DagBag from /opt/airflow/dags/tasks/etl/etl_nds_def.py
[2025-01-27T19:02:02.439+0000] {processor.py:927} WARNING - No viable dags retrieved from /opt/airflow/dags/tasks/etl/etl_nds_def.py
[2025-01-27T19:02:02.473+0000] {processor.py:208} INFO - Processing /opt/airflow/dags/tasks/etl/etl_nds_def.py took 1.211 seconds
[2025-01-27T19:02:33.104+0000] {processor.py:186} INFO - Started process (PID=316) to work on /opt/airflow/dags/tasks/etl/etl_nds_def.py
[2025-01-27T19:02:33.106+0000] {processor.py:914} INFO - Processing file /opt/airflow/dags/tasks/etl/etl_nds_def.py for tasks to queue
[2025-01-27T19:02:33.113+0000] {logging_mixin.py:190} INFO - [2025-01-27T19:02:33.112+0000] {dagbag.py:588} INFO - Filling up the DagBag from /opt/airflow/dags/tasks/etl/etl_nds_def.py
[2025-01-27T19:02:34.368+0000] {processor.py:927} WARNING - No viable dags retrieved from /opt/airflow/dags/tasks/etl/etl_nds_def.py
[2025-01-27T19:02:34.406+0000] {processor.py:208} INFO - Processing /opt/airflow/dags/tasks/etl/etl_nds_def.py took 1.326 seconds
[2025-01-27T19:03:04.577+0000] {processor.py:186} INFO - Started process (PID=329) to work on /opt/airflow/dags/tasks/etl/etl_nds_def.py
[2025-01-27T19:03:04.579+0000] {processor.py:914} INFO - Processing file /opt/airflow/dags/tasks/etl/etl_nds_def.py for tasks to queue
[2025-01-27T19:03:04.586+0000] {logging_mixin.py:190} INFO - [2025-01-27T19:03:04.585+0000] {dagbag.py:588} INFO - Filling up the DagBag from /opt/airflow/dags/tasks/etl/etl_nds_def.py
[2025-01-27T19:03:05.662+0000] {processor.py:927} WARNING - No viable dags retrieved from /opt/airflow/dags/tasks/etl/etl_nds_def.py
[2025-01-27T19:03:05.699+0000] {processor.py:208} INFO - Processing /opt/airflow/dags/tasks/etl/etl_nds_def.py took 1.151 seconds
[2025-01-27T19:03:36.377+0000] {processor.py:186} INFO - Started process (PID=342) to work on /opt/airflow/dags/tasks/etl/etl_nds_def.py
[2025-01-27T19:03:36.380+0000] {processor.py:914} INFO - Processing file /opt/airflow/dags/tasks/etl/etl_nds_def.py for tasks to queue
[2025-01-27T19:03:36.387+0000] {logging_mixin.py:190} INFO - [2025-01-27T19:03:36.386+0000] {dagbag.py:588} INFO - Filling up the DagBag from /opt/airflow/dags/tasks/etl/etl_nds_def.py
[2025-01-27T19:03:37.520+0000] {processor.py:927} WARNING - No viable dags retrieved from /opt/airflow/dags/tasks/etl/etl_nds_def.py
[2025-01-27T19:03:37.557+0000] {processor.py:208} INFO - Processing /opt/airflow/dags/tasks/etl/etl_nds_def.py took 1.206 seconds
[2025-01-27T19:04:08.194+0000] {processor.py:186} INFO - Started process (PID=356) to work on /opt/airflow/dags/tasks/etl/etl_nds_def.py
[2025-01-27T19:04:08.196+0000] {processor.py:914} INFO - Processing file /opt/airflow/dags/tasks/etl/etl_nds_def.py for tasks to queue
[2025-01-27T19:04:08.202+0000] {logging_mixin.py:190} INFO - [2025-01-27T19:04:08.201+0000] {dagbag.py:588} INFO - Filling up the DagBag from /opt/airflow/dags/tasks/etl/etl_nds_def.py
[2025-01-27T19:04:09.375+0000] {processor.py:927} WARNING - No viable dags retrieved from /opt/airflow/dags/tasks/etl/etl_nds_def.py
[2025-01-27T19:04:09.409+0000] {processor.py:208} INFO - Processing /opt/airflow/dags/tasks/etl/etl_nds_def.py took 1.242 seconds
[2025-01-27T19:04:40.175+0000] {processor.py:186} INFO - Started process (PID=369) to work on /opt/airflow/dags/tasks/etl/etl_nds_def.py
[2025-01-27T19:04:40.177+0000] {processor.py:914} INFO - Processing file /opt/airflow/dags/tasks/etl/etl_nds_def.py for tasks to queue
[2025-01-27T19:04:40.183+0000] {logging_mixin.py:190} INFO - [2025-01-27T19:04:40.182+0000] {dagbag.py:588} INFO - Filling up the DagBag from /opt/airflow/dags/tasks/etl/etl_nds_def.py
[2025-01-27T19:04:41.345+0000] {processor.py:927} WARNING - No viable dags retrieved from /opt/airflow/dags/tasks/etl/etl_nds_def.py
[2025-01-27T19:04:41.382+0000] {processor.py:208} INFO - Processing /opt/airflow/dags/tasks/etl/etl_nds_def.py took 1.234 seconds
[2025-01-27T19:05:12.339+0000] {processor.py:186} INFO - Started process (PID=382) to work on /opt/airflow/dags/tasks/etl/etl_nds_def.py
[2025-01-27T19:05:12.341+0000] {processor.py:914} INFO - Processing file /opt/airflow/dags/tasks/etl/etl_nds_def.py for tasks to queue
[2025-01-27T19:05:12.348+0000] {logging_mixin.py:190} INFO - [2025-01-27T19:05:12.348+0000] {dagbag.py:588} INFO - Filling up the DagBag from /opt/airflow/dags/tasks/etl/etl_nds_def.py
[2025-01-27T19:05:13.488+0000] {processor.py:927} WARNING - No viable dags retrieved from /opt/airflow/dags/tasks/etl/etl_nds_def.py
[2025-01-27T19:05:13.523+0000] {processor.py:208} INFO - Processing /opt/airflow/dags/tasks/etl/etl_nds_def.py took 1.209 seconds
[2025-01-27T19:05:44.340+0000] {processor.py:186} INFO - Started process (PID=401) to work on /opt/airflow/dags/tasks/etl/etl_nds_def.py
[2025-01-27T19:05:44.343+0000] {processor.py:914} INFO - Processing file /opt/airflow/dags/tasks/etl/etl_nds_def.py for tasks to queue
[2025-01-27T19:05:44.350+0000] {logging_mixin.py:190} INFO - [2025-01-27T19:05:44.349+0000] {dagbag.py:588} INFO - Filling up the DagBag from /opt/airflow/dags/tasks/etl/etl_nds_def.py
[2025-01-27T19:05:45.487+0000] {processor.py:927} WARNING - No viable dags retrieved from /opt/airflow/dags/tasks/etl/etl_nds_def.py
[2025-01-27T19:05:45.523+0000] {processor.py:208} INFO - Processing /opt/airflow/dags/tasks/etl/etl_nds_def.py took 1.214 seconds
[2025-01-27T19:06:16.361+0000] {processor.py:186} INFO - Started process (PID=415) to work on /opt/airflow/dags/tasks/etl/etl_nds_def.py
[2025-01-27T19:06:16.363+0000] {processor.py:914} INFO - Processing file /opt/airflow/dags/tasks/etl/etl_nds_def.py for tasks to queue
[2025-01-27T19:06:16.370+0000] {logging_mixin.py:190} INFO - [2025-01-27T19:06:16.369+0000] {dagbag.py:588} INFO - Filling up the DagBag from /opt/airflow/dags/tasks/etl/etl_nds_def.py
[2025-01-27T19:06:17.441+0000] {processor.py:927} WARNING - No viable dags retrieved from /opt/airflow/dags/tasks/etl/etl_nds_def.py
[2025-01-27T19:06:17.477+0000] {processor.py:208} INFO - Processing /opt/airflow/dags/tasks/etl/etl_nds_def.py took 1.141 seconds
[2025-01-27T19:06:48.266+0000] {processor.py:186} INFO - Started process (PID=429) to work on /opt/airflow/dags/tasks/etl/etl_nds_def.py
[2025-01-27T19:06:48.268+0000] {processor.py:914} INFO - Processing file /opt/airflow/dags/tasks/etl/etl_nds_def.py for tasks to queue
[2025-01-27T19:06:48.275+0000] {logging_mixin.py:190} INFO - [2025-01-27T19:06:48.274+0000] {dagbag.py:588} INFO - Filling up the DagBag from /opt/airflow/dags/tasks/etl/etl_nds_def.py
[2025-01-27T19:06:49.388+0000] {processor.py:927} WARNING - No viable dags retrieved from /opt/airflow/dags/tasks/etl/etl_nds_def.py
[2025-01-27T19:06:49.423+0000] {processor.py:208} INFO - Processing /opt/airflow/dags/tasks/etl/etl_nds_def.py took 1.187 seconds
[2025-01-27T19:07:20.067+0000] {processor.py:186} INFO - Started process (PID=442) to work on /opt/airflow/dags/tasks/etl/etl_nds_def.py
[2025-01-27T19:07:20.069+0000] {processor.py:914} INFO - Processing file /opt/airflow/dags/tasks/etl/etl_nds_def.py for tasks to queue
[2025-01-27T19:07:20.076+0000] {logging_mixin.py:190} INFO - [2025-01-27T19:07:20.075+0000] {dagbag.py:588} INFO - Filling up the DagBag from /opt/airflow/dags/tasks/etl/etl_nds_def.py
[2025-01-27T19:07:21.102+0000] {processor.py:927} WARNING - No viable dags retrieved from /opt/airflow/dags/tasks/etl/etl_nds_def.py
[2025-01-27T19:07:21.136+0000] {processor.py:208} INFO - Processing /opt/airflow/dags/tasks/etl/etl_nds_def.py took 1.097 seconds
[2025-01-27T19:07:51.577+0000] {processor.py:186} INFO - Started process (PID=455) to work on /opt/airflow/dags/tasks/etl/etl_nds_def.py
[2025-01-27T19:07:51.580+0000] {processor.py:914} INFO - Processing file /opt/airflow/dags/tasks/etl/etl_nds_def.py for tasks to queue
[2025-01-27T19:07:51.587+0000] {logging_mixin.py:190} INFO - [2025-01-27T19:07:51.586+0000] {dagbag.py:588} INFO - Filling up the DagBag from /opt/airflow/dags/tasks/etl/etl_nds_def.py
[2025-01-27T19:07:52.697+0000] {processor.py:927} WARNING - No viable dags retrieved from /opt/airflow/dags/tasks/etl/etl_nds_def.py
[2025-01-27T19:07:52.732+0000] {processor.py:208} INFO - Processing /opt/airflow/dags/tasks/etl/etl_nds_def.py took 1.180 seconds
[2025-01-27T19:08:23.048+0000] {processor.py:186} INFO - Started process (PID=468) to work on /opt/airflow/dags/tasks/etl/etl_nds_def.py
[2025-01-27T19:08:23.050+0000] {processor.py:914} INFO - Processing file /opt/airflow/dags/tasks/etl/etl_nds_def.py for tasks to queue
[2025-01-27T19:08:23.057+0000] {logging_mixin.py:190} INFO - [2025-01-27T19:08:23.056+0000] {dagbag.py:588} INFO - Filling up the DagBag from /opt/airflow/dags/tasks/etl/etl_nds_def.py
[2025-01-27T19:08:24.115+0000] {processor.py:927} WARNING - No viable dags retrieved from /opt/airflow/dags/tasks/etl/etl_nds_def.py
[2025-01-27T19:08:24.147+0000] {processor.py:208} INFO - Processing /opt/airflow/dags/tasks/etl/etl_nds_def.py took 1.125 seconds
[2025-01-27T19:08:54.796+0000] {processor.py:186} INFO - Started process (PID=482) to work on /opt/airflow/dags/tasks/etl/etl_nds_def.py
[2025-01-27T19:08:54.799+0000] {processor.py:914} INFO - Processing file /opt/airflow/dags/tasks/etl/etl_nds_def.py for tasks to queue
[2025-01-27T19:08:54.807+0000] {logging_mixin.py:190} INFO - [2025-01-27T19:08:54.806+0000] {dagbag.py:588} INFO - Filling up the DagBag from /opt/airflow/dags/tasks/etl/etl_nds_def.py
[2025-01-27T19:08:55.914+0000] {processor.py:927} WARNING - No viable dags retrieved from /opt/airflow/dags/tasks/etl/etl_nds_def.py
[2025-01-27T19:08:55.944+0000] {processor.py:208} INFO - Processing /opt/airflow/dags/tasks/etl/etl_nds_def.py took 1.178 seconds
[2025-01-27T19:09:26.615+0000] {processor.py:186} INFO - Started process (PID=495) to work on /opt/airflow/dags/tasks/etl/etl_nds_def.py
[2025-01-27T19:09:26.618+0000] {processor.py:914} INFO - Processing file /opt/airflow/dags/tasks/etl/etl_nds_def.py for tasks to queue
[2025-01-27T19:09:26.624+0000] {logging_mixin.py:190} INFO - [2025-01-27T19:09:26.624+0000] {dagbag.py:588} INFO - Filling up the DagBag from /opt/airflow/dags/tasks/etl/etl_nds_def.py
[2025-01-27T19:09:27.811+0000] {processor.py:927} WARNING - No viable dags retrieved from /opt/airflow/dags/tasks/etl/etl_nds_def.py
[2025-01-27T19:09:27.860+0000] {processor.py:208} INFO - Processing /opt/airflow/dags/tasks/etl/etl_nds_def.py took 1.288 seconds
[2025-01-27T19:09:58.151+0000] {processor.py:186} INFO - Started process (PID=508) to work on /opt/airflow/dags/tasks/etl/etl_nds_def.py
[2025-01-27T19:09:58.153+0000] {processor.py:914} INFO - Processing file /opt/airflow/dags/tasks/etl/etl_nds_def.py for tasks to queue
[2025-01-27T19:09:58.166+0000] {logging_mixin.py:190} INFO - [2025-01-27T19:09:58.164+0000] {dagbag.py:588} INFO - Filling up the DagBag from /opt/airflow/dags/tasks/etl/etl_nds_def.py
[2025-01-27T19:09:59.392+0000] {processor.py:927} WARNING - No viable dags retrieved from /opt/airflow/dags/tasks/etl/etl_nds_def.py
[2025-01-27T19:09:59.428+0000] {processor.py:208} INFO - Processing /opt/airflow/dags/tasks/etl/etl_nds_def.py took 1.304 seconds
[2025-01-27T19:10:29.695+0000] {processor.py:186} INFO - Started process (PID=521) to work on /opt/airflow/dags/tasks/etl/etl_nds_def.py
[2025-01-27T19:10:29.697+0000] {processor.py:914} INFO - Processing file /opt/airflow/dags/tasks/etl/etl_nds_def.py for tasks to queue
[2025-01-27T19:10:29.703+0000] {logging_mixin.py:190} INFO - [2025-01-27T19:10:29.702+0000] {dagbag.py:588} INFO - Filling up the DagBag from /opt/airflow/dags/tasks/etl/etl_nds_def.py
[2025-01-27T19:10:30.804+0000] {processor.py:927} WARNING - No viable dags retrieved from /opt/airflow/dags/tasks/etl/etl_nds_def.py
[2025-01-27T19:10:30.836+0000] {processor.py:208} INFO - Processing /opt/airflow/dags/tasks/etl/etl_nds_def.py took 1.165 seconds
[2025-01-27T19:11:01.146+0000] {processor.py:186} INFO - Started process (PID=534) to work on /opt/airflow/dags/tasks/etl/etl_nds_def.py
[2025-01-27T19:11:01.148+0000] {processor.py:914} INFO - Processing file /opt/airflow/dags/tasks/etl/etl_nds_def.py for tasks to queue
[2025-01-27T19:11:01.154+0000] {logging_mixin.py:190} INFO - [2025-01-27T19:11:01.153+0000] {dagbag.py:588} INFO - Filling up the DagBag from /opt/airflow/dags/tasks/etl/etl_nds_def.py
[2025-01-27T19:11:02.371+0000] {processor.py:927} WARNING - No viable dags retrieved from /opt/airflow/dags/tasks/etl/etl_nds_def.py
[2025-01-27T19:11:02.411+0000] {processor.py:208} INFO - Processing /opt/airflow/dags/tasks/etl/etl_nds_def.py took 1.288 seconds
[2025-01-27T19:11:32.853+0000] {processor.py:186} INFO - Started process (PID=547) to work on /opt/airflow/dags/tasks/etl/etl_nds_def.py
[2025-01-27T19:11:32.856+0000] {processor.py:914} INFO - Processing file /opt/airflow/dags/tasks/etl/etl_nds_def.py for tasks to queue
[2025-01-27T19:11:32.862+0000] {logging_mixin.py:190} INFO - [2025-01-27T19:11:32.861+0000] {dagbag.py:588} INFO - Filling up the DagBag from /opt/airflow/dags/tasks/etl/etl_nds_def.py
[2025-01-27T19:11:34.093+0000] {processor.py:927} WARNING - No viable dags retrieved from /opt/airflow/dags/tasks/etl/etl_nds_def.py
[2025-01-27T19:11:34.132+0000] {processor.py:208} INFO - Processing /opt/airflow/dags/tasks/etl/etl_nds_def.py took 1.316 seconds
[2025-01-27T19:12:04.462+0000] {processor.py:186} INFO - Started process (PID=560) to work on /opt/airflow/dags/tasks/etl/etl_nds_def.py
[2025-01-27T19:12:04.464+0000] {processor.py:914} INFO - Processing file /opt/airflow/dags/tasks/etl/etl_nds_def.py for tasks to queue
[2025-01-27T19:12:04.471+0000] {logging_mixin.py:190} INFO - [2025-01-27T19:12:04.470+0000] {dagbag.py:588} INFO - Filling up the DagBag from /opt/airflow/dags/tasks/etl/etl_nds_def.py
[2025-01-27T19:12:05.628+0000] {processor.py:927} WARNING - No viable dags retrieved from /opt/airflow/dags/tasks/etl/etl_nds_def.py
[2025-01-27T19:12:05.654+0000] {processor.py:208} INFO - Processing /opt/airflow/dags/tasks/etl/etl_nds_def.py took 1.229 seconds
[2025-01-27T19:12:35.800+0000] {processor.py:186} INFO - Started process (PID=573) to work on /opt/airflow/dags/tasks/etl/etl_nds_def.py
[2025-01-27T19:12:35.802+0000] {processor.py:914} INFO - Processing file /opt/airflow/dags/tasks/etl/etl_nds_def.py for tasks to queue
[2025-01-27T19:12:35.809+0000] {logging_mixin.py:190} INFO - [2025-01-27T19:12:35.808+0000] {dagbag.py:588} INFO - Filling up the DagBag from /opt/airflow/dags/tasks/etl/etl_nds_def.py
[2025-01-27T19:12:36.964+0000] {processor.py:927} WARNING - No viable dags retrieved from /opt/airflow/dags/tasks/etl/etl_nds_def.py
[2025-01-27T19:12:37.002+0000] {processor.py:208} INFO - Processing /opt/airflow/dags/tasks/etl/etl_nds_def.py took 1.224 seconds
[2025-01-27T19:13:07.450+0000] {processor.py:186} INFO - Started process (PID=586) to work on /opt/airflow/dags/tasks/etl/etl_nds_def.py
[2025-01-27T19:13:07.453+0000] {processor.py:914} INFO - Processing file /opt/airflow/dags/tasks/etl/etl_nds_def.py for tasks to queue
[2025-01-27T19:13:07.459+0000] {logging_mixin.py:190} INFO - [2025-01-27T19:13:07.458+0000] {dagbag.py:588} INFO - Filling up the DagBag from /opt/airflow/dags/tasks/etl/etl_nds_def.py
[2025-01-27T19:13:08.661+0000] {processor.py:927} WARNING - No viable dags retrieved from /opt/airflow/dags/tasks/etl/etl_nds_def.py
[2025-01-27T19:13:08.696+0000] {processor.py:208} INFO - Processing /opt/airflow/dags/tasks/etl/etl_nds_def.py took 1.268 seconds
[2025-01-27T19:13:39.149+0000] {processor.py:186} INFO - Started process (PID=599) to work on /opt/airflow/dags/tasks/etl/etl_nds_def.py
[2025-01-27T19:13:39.152+0000] {processor.py:914} INFO - Processing file /opt/airflow/dags/tasks/etl/etl_nds_def.py for tasks to queue
[2025-01-27T19:13:39.160+0000] {logging_mixin.py:190} INFO - [2025-01-27T19:13:39.159+0000] {dagbag.py:588} INFO - Filling up the DagBag from /opt/airflow/dags/tasks/etl/etl_nds_def.py
[2025-01-27T19:13:40.388+0000] {processor.py:927} WARNING - No viable dags retrieved from /opt/airflow/dags/tasks/etl/etl_nds_def.py
[2025-01-27T19:13:40.425+0000] {processor.py:208} INFO - Processing /opt/airflow/dags/tasks/etl/etl_nds_def.py took 1.307 seconds
[2025-01-27T19:14:10.914+0000] {processor.py:186} INFO - Started process (PID=612) to work on /opt/airflow/dags/tasks/etl/etl_nds_def.py
[2025-01-27T19:14:10.916+0000] {processor.py:914} INFO - Processing file /opt/airflow/dags/tasks/etl/etl_nds_def.py for tasks to queue
[2025-01-27T19:14:10.924+0000] {logging_mixin.py:190} INFO - [2025-01-27T19:14:10.923+0000] {dagbag.py:588} INFO - Filling up the DagBag from /opt/airflow/dags/tasks/etl/etl_nds_def.py
[2025-01-27T19:14:12.105+0000] {processor.py:927} WARNING - No viable dags retrieved from /opt/airflow/dags/tasks/etl/etl_nds_def.py
[2025-01-27T19:14:12.141+0000] {processor.py:208} INFO - Processing /opt/airflow/dags/tasks/etl/etl_nds_def.py took 1.257 seconds
[2025-01-27T19:14:42.730+0000] {processor.py:186} INFO - Started process (PID=625) to work on /opt/airflow/dags/tasks/etl/etl_nds_def.py
[2025-01-27T19:14:42.732+0000] {processor.py:914} INFO - Processing file /opt/airflow/dags/tasks/etl/etl_nds_def.py for tasks to queue
[2025-01-27T19:14:42.739+0000] {logging_mixin.py:190} INFO - [2025-01-27T19:14:42.738+0000] {dagbag.py:588} INFO - Filling up the DagBag from /opt/airflow/dags/tasks/etl/etl_nds_def.py
[2025-01-27T19:14:43.946+0000] {processor.py:927} WARNING - No viable dags retrieved from /opt/airflow/dags/tasks/etl/etl_nds_def.py
[2025-01-27T19:14:43.981+0000] {processor.py:208} INFO - Processing /opt/airflow/dags/tasks/etl/etl_nds_def.py took 1.276 seconds
[2025-01-27T19:15:14.470+0000] {processor.py:186} INFO - Started process (PID=638) to work on /opt/airflow/dags/tasks/etl/etl_nds_def.py
[2025-01-27T19:15:14.472+0000] {processor.py:914} INFO - Processing file /opt/airflow/dags/tasks/etl/etl_nds_def.py for tasks to queue
[2025-01-27T19:15:14.479+0000] {logging_mixin.py:190} INFO - [2025-01-27T19:15:14.478+0000] {dagbag.py:588} INFO - Filling up the DagBag from /opt/airflow/dags/tasks/etl/etl_nds_def.py
[2025-01-27T19:15:15.646+0000] {processor.py:927} WARNING - No viable dags retrieved from /opt/airflow/dags/tasks/etl/etl_nds_def.py
[2025-01-27T19:15:15.681+0000] {processor.py:208} INFO - Processing /opt/airflow/dags/tasks/etl/etl_nds_def.py took 1.234 seconds
[2025-01-27T19:15:46.042+0000] {processor.py:186} INFO - Started process (PID=651) to work on /opt/airflow/dags/tasks/etl/etl_nds_def.py
[2025-01-27T19:15:46.044+0000] {processor.py:914} INFO - Processing file /opt/airflow/dags/tasks/etl/etl_nds_def.py for tasks to queue
[2025-01-27T19:15:46.050+0000] {logging_mixin.py:190} INFO - [2025-01-27T19:15:46.049+0000] {dagbag.py:588} INFO - Filling up the DagBag from /opt/airflow/dags/tasks/etl/etl_nds_def.py
[2025-01-27T19:15:47.237+0000] {processor.py:927} WARNING - No viable dags retrieved from /opt/airflow/dags/tasks/etl/etl_nds_def.py
[2025-01-27T19:15:47.274+0000] {processor.py:208} INFO - Processing /opt/airflow/dags/tasks/etl/etl_nds_def.py took 1.269 seconds
[2025-01-27T19:16:17.697+0000] {processor.py:186} INFO - Started process (PID=664) to work on /opt/airflow/dags/tasks/etl/etl_nds_def.py
[2025-01-27T19:16:17.699+0000] {processor.py:914} INFO - Processing file /opt/airflow/dags/tasks/etl/etl_nds_def.py for tasks to queue
[2025-01-27T19:16:17.709+0000] {logging_mixin.py:190} INFO - [2025-01-27T19:16:17.707+0000] {dagbag.py:588} INFO - Filling up the DagBag from /opt/airflow/dags/tasks/etl/etl_nds_def.py
[2025-01-27T19:16:18.959+0000] {processor.py:927} WARNING - No viable dags retrieved from /opt/airflow/dags/tasks/etl/etl_nds_def.py
[2025-01-27T19:16:18.989+0000] {processor.py:208} INFO - Processing /opt/airflow/dags/tasks/etl/etl_nds_def.py took 1.324 seconds
[2025-01-27T19:16:49.133+0000] {processor.py:186} INFO - Started process (PID=684) to work on /opt/airflow/dags/tasks/etl/etl_nds_def.py
[2025-01-27T19:16:49.135+0000] {processor.py:914} INFO - Processing file /opt/airflow/dags/tasks/etl/etl_nds_def.py for tasks to queue
[2025-01-27T19:16:49.141+0000] {logging_mixin.py:190} INFO - [2025-01-27T19:16:49.140+0000] {dagbag.py:588} INFO - Filling up the DagBag from /opt/airflow/dags/tasks/etl/etl_nds_def.py
[2025-01-27T19:16:50.372+0000] {processor.py:927} WARNING - No viable dags retrieved from /opt/airflow/dags/tasks/etl/etl_nds_def.py
[2025-01-27T19:16:50.407+0000] {processor.py:208} INFO - Processing /opt/airflow/dags/tasks/etl/etl_nds_def.py took 1.307 seconds
[2025-01-27T19:17:20.904+0000] {processor.py:186} INFO - Started process (PID=697) to work on /opt/airflow/dags/tasks/etl/etl_nds_def.py
[2025-01-27T19:17:20.906+0000] {processor.py:914} INFO - Processing file /opt/airflow/dags/tasks/etl/etl_nds_def.py for tasks to queue
[2025-01-27T19:17:20.913+0000] {logging_mixin.py:190} INFO - [2025-01-27T19:17:20.912+0000] {dagbag.py:588} INFO - Filling up the DagBag from /opt/airflow/dags/tasks/etl/etl_nds_def.py
[2025-01-27T19:17:22.119+0000] {processor.py:927} WARNING - No viable dags retrieved from /opt/airflow/dags/tasks/etl/etl_nds_def.py
[2025-01-27T19:17:22.156+0000] {processor.py:208} INFO - Processing /opt/airflow/dags/tasks/etl/etl_nds_def.py took 1.276 seconds
[2025-01-27T19:17:52.464+0000] {processor.py:186} INFO - Started process (PID=710) to work on /opt/airflow/dags/tasks/etl/etl_nds_def.py
[2025-01-27T19:17:52.466+0000] {processor.py:914} INFO - Processing file /opt/airflow/dags/tasks/etl/etl_nds_def.py for tasks to queue
[2025-01-27T19:17:52.473+0000] {logging_mixin.py:190} INFO - [2025-01-27T19:17:52.472+0000] {dagbag.py:588} INFO - Filling up the DagBag from /opt/airflow/dags/tasks/etl/etl_nds_def.py
[2025-01-27T19:17:53.672+0000] {processor.py:927} WARNING - No viable dags retrieved from /opt/airflow/dags/tasks/etl/etl_nds_def.py
[2025-01-27T19:17:53.711+0000] {processor.py:208} INFO - Processing /opt/airflow/dags/tasks/etl/etl_nds_def.py took 1.278 seconds
[2025-01-27T19:18:24.024+0000] {processor.py:186} INFO - Started process (PID=723) to work on /opt/airflow/dags/tasks/etl/etl_nds_def.py
[2025-01-27T19:18:24.026+0000] {processor.py:914} INFO - Processing file /opt/airflow/dags/tasks/etl/etl_nds_def.py for tasks to queue
[2025-01-27T19:18:24.032+0000] {logging_mixin.py:190} INFO - [2025-01-27T19:18:24.032+0000] {dagbag.py:588} INFO - Filling up the DagBag from /opt/airflow/dags/tasks/etl/etl_nds_def.py
[2025-01-27T19:18:25.104+0000] {processor.py:927} WARNING - No viable dags retrieved from /opt/airflow/dags/tasks/etl/etl_nds_def.py
[2025-01-27T19:18:25.143+0000] {processor.py:208} INFO - Processing /opt/airflow/dags/tasks/etl/etl_nds_def.py took 1.149 seconds
[2025-01-27T19:18:55.383+0000] {processor.py:186} INFO - Started process (PID=736) to work on /opt/airflow/dags/tasks/etl/etl_nds_def.py
[2025-01-27T19:18:57.825+0000] {processor.py:914} INFO - Processing file /opt/airflow/dags/tasks/etl/etl_nds_def.py for tasks to queue
[2025-01-27T19:18:57.838+0000] {logging_mixin.py:190} INFO - [2025-01-27T19:18:57.836+0000] {dagbag.py:588} INFO - Filling up the DagBag from /opt/airflow/dags/tasks/etl/etl_nds_def.py
[2025-01-27T19:18:58.975+0000] {processor.py:927} WARNING - No viable dags retrieved from /opt/airflow/dags/tasks/etl/etl_nds_def.py
[2025-01-27T19:18:59.012+0000] {processor.py:208} INFO - Processing /opt/airflow/dags/tasks/etl/etl_nds_def.py took 3.651 seconds
[2025-01-27T19:19:29.689+0000] {processor.py:186} INFO - Started process (PID=749) to work on /opt/airflow/dags/tasks/etl/etl_nds_def.py
[2025-01-27T19:19:29.691+0000] {processor.py:914} INFO - Processing file /opt/airflow/dags/tasks/etl/etl_nds_def.py for tasks to queue
[2025-01-27T19:19:29.697+0000] {logging_mixin.py:190} INFO - [2025-01-27T19:19:29.696+0000] {dagbag.py:588} INFO - Filling up the DagBag from /opt/airflow/dags/tasks/etl/etl_nds_def.py
[2025-01-27T19:19:30.766+0000] {processor.py:927} WARNING - No viable dags retrieved from /opt/airflow/dags/tasks/etl/etl_nds_def.py
[2025-01-27T19:19:30.798+0000] {processor.py:208} INFO - Processing /opt/airflow/dags/tasks/etl/etl_nds_def.py took 1.139 seconds
[2025-01-27T19:20:01.202+0000] {processor.py:186} INFO - Started process (PID=762) to work on /opt/airflow/dags/tasks/etl/etl_nds_def.py
[2025-01-27T19:20:01.205+0000] {processor.py:914} INFO - Processing file /opt/airflow/dags/tasks/etl/etl_nds_def.py for tasks to queue
[2025-01-27T19:20:01.212+0000] {logging_mixin.py:190} INFO - [2025-01-27T19:20:01.211+0000] {dagbag.py:588} INFO - Filling up the DagBag from /opt/airflow/dags/tasks/etl/etl_nds_def.py
[2025-01-27T19:20:02.482+0000] {processor.py:927} WARNING - No viable dags retrieved from /opt/airflow/dags/tasks/etl/etl_nds_def.py
[2025-01-27T19:20:02.530+0000] {processor.py:208} INFO - Processing /opt/airflow/dags/tasks/etl/etl_nds_def.py took 1.356 seconds
[2025-01-27T19:20:32.902+0000] {processor.py:186} INFO - Started process (PID=775) to work on /opt/airflow/dags/tasks/etl/etl_nds_def.py
[2025-01-27T19:20:32.904+0000] {processor.py:914} INFO - Processing file /opt/airflow/dags/tasks/etl/etl_nds_def.py for tasks to queue
[2025-01-27T19:20:32.912+0000] {logging_mixin.py:190} INFO - [2025-01-27T19:20:32.910+0000] {dagbag.py:588} INFO - Filling up the DagBag from /opt/airflow/dags/tasks/etl/etl_nds_def.py
[2025-01-27T19:20:34.183+0000] {processor.py:927} WARNING - No viable dags retrieved from /opt/airflow/dags/tasks/etl/etl_nds_def.py
[2025-01-27T19:20:34.222+0000] {processor.py:208} INFO - Processing /opt/airflow/dags/tasks/etl/etl_nds_def.py took 1.346 seconds
[2025-01-27T19:21:04.583+0000] {processor.py:186} INFO - Started process (PID=788) to work on /opt/airflow/dags/tasks/etl/etl_nds_def.py
[2025-01-27T19:21:04.585+0000] {processor.py:914} INFO - Processing file /opt/airflow/dags/tasks/etl/etl_nds_def.py for tasks to queue
[2025-01-27T19:21:04.591+0000] {logging_mixin.py:190} INFO - [2025-01-27T19:21:04.590+0000] {dagbag.py:588} INFO - Filling up the DagBag from /opt/airflow/dags/tasks/etl/etl_nds_def.py
[2025-01-27T19:21:05.734+0000] {processor.py:927} WARNING - No viable dags retrieved from /opt/airflow/dags/tasks/etl/etl_nds_def.py
[2025-01-27T19:21:05.770+0000] {processor.py:208} INFO - Processing /opt/airflow/dags/tasks/etl/etl_nds_def.py took 1.218 seconds
[2025-01-27T19:21:35.960+0000] {processor.py:186} INFO - Started process (PID=801) to work on /opt/airflow/dags/tasks/etl/etl_nds_def.py
[2025-01-27T19:21:35.962+0000] {processor.py:914} INFO - Processing file /opt/airflow/dags/tasks/etl/etl_nds_def.py for tasks to queue
[2025-01-27T19:21:35.968+0000] {logging_mixin.py:190} INFO - [2025-01-27T19:21:35.967+0000] {dagbag.py:588} INFO - Filling up the DagBag from /opt/airflow/dags/tasks/etl/etl_nds_def.py
[2025-01-27T19:21:37.118+0000] {processor.py:927} WARNING - No viable dags retrieved from /opt/airflow/dags/tasks/etl/etl_nds_def.py
[2025-01-27T19:21:37.143+0000] {processor.py:208} INFO - Processing /opt/airflow/dags/tasks/etl/etl_nds_def.py took 1.215 seconds
[2025-01-27T19:22:07.775+0000] {processor.py:186} INFO - Started process (PID=814) to work on /opt/airflow/dags/tasks/etl/etl_nds_def.py
[2025-01-27T19:22:07.777+0000] {processor.py:914} INFO - Processing file /opt/airflow/dags/tasks/etl/etl_nds_def.py for tasks to queue
[2025-01-27T19:22:07.784+0000] {logging_mixin.py:190} INFO - [2025-01-27T19:22:07.783+0000] {dagbag.py:588} INFO - Filling up the DagBag from /opt/airflow/dags/tasks/etl/etl_nds_def.py
[2025-01-27T19:22:08.915+0000] {processor.py:927} WARNING - No viable dags retrieved from /opt/airflow/dags/tasks/etl/etl_nds_def.py
[2025-01-27T19:22:08.939+0000] {processor.py:208} INFO - Processing /opt/airflow/dags/tasks/etl/etl_nds_def.py took 1.189 seconds
[2025-01-27T19:22:39.082+0000] {processor.py:186} INFO - Started process (PID=827) to work on /opt/airflow/dags/tasks/etl/etl_nds_def.py
[2025-01-27T19:22:39.085+0000] {processor.py:914} INFO - Processing file /opt/airflow/dags/tasks/etl/etl_nds_def.py for tasks to queue
[2025-01-27T19:22:39.092+0000] {logging_mixin.py:190} INFO - [2025-01-27T19:22:39.091+0000] {dagbag.py:588} INFO - Filling up the DagBag from /opt/airflow/dags/tasks/etl/etl_nds_def.py
[2025-01-27T19:22:40.303+0000] {processor.py:927} WARNING - No viable dags retrieved from /opt/airflow/dags/tasks/etl/etl_nds_def.py
[2025-01-27T19:22:40.333+0000] {processor.py:208} INFO - Processing /opt/airflow/dags/tasks/etl/etl_nds_def.py took 1.282 seconds
[2025-01-27T19:23:10.942+0000] {processor.py:186} INFO - Started process (PID=840) to work on /opt/airflow/dags/tasks/etl/etl_nds_def.py
[2025-01-27T19:23:10.944+0000] {processor.py:914} INFO - Processing file /opt/airflow/dags/tasks/etl/etl_nds_def.py for tasks to queue
[2025-01-27T19:23:10.953+0000] {logging_mixin.py:190} INFO - [2025-01-27T19:23:10.951+0000] {dagbag.py:588} INFO - Filling up the DagBag from /opt/airflow/dags/tasks/etl/etl_nds_def.py
[2025-01-27T19:23:12.025+0000] {processor.py:927} WARNING - No viable dags retrieved from /opt/airflow/dags/tasks/etl/etl_nds_def.py
[2025-01-27T19:23:12.056+0000] {processor.py:208} INFO - Processing /opt/airflow/dags/tasks/etl/etl_nds_def.py took 1.139 seconds
[2025-01-27T19:23:42.355+0000] {processor.py:186} INFO - Started process (PID=853) to work on /opt/airflow/dags/tasks/etl/etl_nds_def.py
[2025-01-27T19:23:42.358+0000] {processor.py:914} INFO - Processing file /opt/airflow/dags/tasks/etl/etl_nds_def.py for tasks to queue
[2025-01-27T19:23:42.367+0000] {logging_mixin.py:190} INFO - [2025-01-27T19:23:42.366+0000] {dagbag.py:588} INFO - Filling up the DagBag from /opt/airflow/dags/tasks/etl/etl_nds_def.py
[2025-01-27T19:23:43.418+0000] {processor.py:927} WARNING - No viable dags retrieved from /opt/airflow/dags/tasks/etl/etl_nds_def.py
[2025-01-27T19:23:43.471+0000] {processor.py:208} INFO - Processing /opt/airflow/dags/tasks/etl/etl_nds_def.py took 1.141 seconds
[2025-01-27T19:24:13.871+0000] {processor.py:186} INFO - Started process (PID=866) to work on /opt/airflow/dags/tasks/etl/etl_nds_def.py
[2025-01-27T19:24:13.873+0000] {processor.py:914} INFO - Processing file /opt/airflow/dags/tasks/etl/etl_nds_def.py for tasks to queue
[2025-01-27T19:24:13.880+0000] {logging_mixin.py:190} INFO - [2025-01-27T19:24:13.879+0000] {dagbag.py:588} INFO - Filling up the DagBag from /opt/airflow/dags/tasks/etl/etl_nds_def.py
[2025-01-27T19:24:15.134+0000] {processor.py:927} WARNING - No viable dags retrieved from /opt/airflow/dags/tasks/etl/etl_nds_def.py
[2025-01-27T19:24:15.176+0000] {processor.py:208} INFO - Processing /opt/airflow/dags/tasks/etl/etl_nds_def.py took 1.331 seconds
[2025-01-27T19:24:45.746+0000] {processor.py:186} INFO - Started process (PID=877) to work on /opt/airflow/dags/tasks/etl/etl_nds_def.py
[2025-01-27T19:24:45.748+0000] {processor.py:914} INFO - Processing file /opt/airflow/dags/tasks/etl/etl_nds_def.py for tasks to queue
[2025-01-27T19:24:45.755+0000] {logging_mixin.py:190} INFO - [2025-01-27T19:24:45.754+0000] {dagbag.py:588} INFO - Filling up the DagBag from /opt/airflow/dags/tasks/etl/etl_nds_def.py
[2025-01-27T19:24:46.871+0000] {processor.py:927} WARNING - No viable dags retrieved from /opt/airflow/dags/tasks/etl/etl_nds_def.py
[2025-01-27T19:24:46.909+0000] {processor.py:208} INFO - Processing /opt/airflow/dags/tasks/etl/etl_nds_def.py took 1.184 seconds
[2025-01-27T19:25:17.181+0000] {processor.py:186} INFO - Started process (PID=890) to work on /opt/airflow/dags/tasks/etl/etl_nds_def.py
[2025-01-27T19:25:17.183+0000] {processor.py:914} INFO - Processing file /opt/airflow/dags/tasks/etl/etl_nds_def.py for tasks to queue
[2025-01-27T19:25:17.192+0000] {logging_mixin.py:190} INFO - [2025-01-27T19:25:17.191+0000] {dagbag.py:588} INFO - Filling up the DagBag from /opt/airflow/dags/tasks/etl/etl_nds_def.py
[2025-01-27T19:25:18.475+0000] {processor.py:927} WARNING - No viable dags retrieved from /opt/airflow/dags/tasks/etl/etl_nds_def.py
[2025-01-27T19:25:18.506+0000] {processor.py:208} INFO - Processing /opt/airflow/dags/tasks/etl/etl_nds_def.py took 1.358 seconds
[2025-01-27T19:25:48.838+0000] {processor.py:186} INFO - Started process (PID=901) to work on /opt/airflow/dags/tasks/etl/etl_nds_def.py
[2025-01-27T19:25:48.841+0000] {processor.py:914} INFO - Processing file /opt/airflow/dags/tasks/etl/etl_nds_def.py for tasks to queue
[2025-01-27T19:25:48.847+0000] {logging_mixin.py:190} INFO - [2025-01-27T19:25:48.846+0000] {dagbag.py:588} INFO - Filling up the DagBag from /opt/airflow/dags/tasks/etl/etl_nds_def.py
[2025-01-27T19:25:49.925+0000] {processor.py:927} WARNING - No viable dags retrieved from /opt/airflow/dags/tasks/etl/etl_nds_def.py
[2025-01-27T19:25:49.976+0000] {processor.py:208} INFO - Processing /opt/airflow/dags/tasks/etl/etl_nds_def.py took 1.162 seconds
[2025-01-27T19:26:20.548+0000] {processor.py:186} INFO - Started process (PID=914) to work on /opt/airflow/dags/tasks/etl/etl_nds_def.py
[2025-01-27T19:26:20.550+0000] {processor.py:914} INFO - Processing file /opt/airflow/dags/tasks/etl/etl_nds_def.py for tasks to queue
[2025-01-27T19:26:20.557+0000] {logging_mixin.py:190} INFO - [2025-01-27T19:26:20.556+0000] {dagbag.py:588} INFO - Filling up the DagBag from /opt/airflow/dags/tasks/etl/etl_nds_def.py
[2025-01-27T19:26:21.606+0000] {processor.py:927} WARNING - No viable dags retrieved from /opt/airflow/dags/tasks/etl/etl_nds_def.py
[2025-01-27T19:26:21.637+0000] {processor.py:208} INFO - Processing /opt/airflow/dags/tasks/etl/etl_nds_def.py took 1.115 seconds
[2025-01-27T19:26:52.313+0000] {processor.py:186} INFO - Started process (PID=927) to work on /opt/airflow/dags/tasks/etl/etl_nds_def.py
[2025-01-27T19:26:52.315+0000] {processor.py:914} INFO - Processing file /opt/airflow/dags/tasks/etl/etl_nds_def.py for tasks to queue
[2025-01-27T19:26:52.322+0000] {logging_mixin.py:190} INFO - [2025-01-27T19:26:52.321+0000] {dagbag.py:588} INFO - Filling up the DagBag from /opt/airflow/dags/tasks/etl/etl_nds_def.py
[2025-01-27T19:26:53.501+0000] {processor.py:927} WARNING - No viable dags retrieved from /opt/airflow/dags/tasks/etl/etl_nds_def.py
[2025-01-27T19:26:53.537+0000] {processor.py:208} INFO - Processing /opt/airflow/dags/tasks/etl/etl_nds_def.py took 1.252 seconds
[2025-01-27T19:27:24.176+0000] {processor.py:186} INFO - Started process (PID=946) to work on /opt/airflow/dags/tasks/etl/etl_nds_def.py
[2025-01-27T19:27:24.178+0000] {processor.py:914} INFO - Processing file /opt/airflow/dags/tasks/etl/etl_nds_def.py for tasks to queue
[2025-01-27T19:27:24.184+0000] {logging_mixin.py:190} INFO - [2025-01-27T19:27:24.184+0000] {dagbag.py:588} INFO - Filling up the DagBag from /opt/airflow/dags/tasks/etl/etl_nds_def.py
[2025-01-27T19:27:25.353+0000] {processor.py:927} WARNING - No viable dags retrieved from /opt/airflow/dags/tasks/etl/etl_nds_def.py
[2025-01-27T19:27:25.389+0000] {processor.py:208} INFO - Processing /opt/airflow/dags/tasks/etl/etl_nds_def.py took 1.238 seconds
[2025-01-27T19:27:55.982+0000] {processor.py:186} INFO - Started process (PID=959) to work on /opt/airflow/dags/tasks/etl/etl_nds_def.py
[2025-01-27T19:27:55.984+0000] {processor.py:914} INFO - Processing file /opt/airflow/dags/tasks/etl/etl_nds_def.py for tasks to queue
[2025-01-27T19:27:55.991+0000] {logging_mixin.py:190} INFO - [2025-01-27T19:27:55.990+0000] {dagbag.py:588} INFO - Filling up the DagBag from /opt/airflow/dags/tasks/etl/etl_nds_def.py
[2025-01-27T19:27:57.107+0000] {processor.py:927} WARNING - No viable dags retrieved from /opt/airflow/dags/tasks/etl/etl_nds_def.py
[2025-01-27T19:27:57.132+0000] {processor.py:208} INFO - Processing /opt/airflow/dags/tasks/etl/etl_nds_def.py took 1.174 seconds
[2025-01-27T19:28:27.649+0000] {processor.py:186} INFO - Started process (PID=973) to work on /opt/airflow/dags/tasks/etl/etl_nds_def.py
[2025-01-27T19:28:27.651+0000] {processor.py:914} INFO - Processing file /opt/airflow/dags/tasks/etl/etl_nds_def.py for tasks to queue
[2025-01-27T19:28:27.658+0000] {logging_mixin.py:190} INFO - [2025-01-27T19:28:27.657+0000] {dagbag.py:588} INFO - Filling up the DagBag from /opt/airflow/dags/tasks/etl/etl_nds_def.py
[2025-01-27T19:28:28.747+0000] {processor.py:927} WARNING - No viable dags retrieved from /opt/airflow/dags/tasks/etl/etl_nds_def.py
[2025-01-27T19:28:28.775+0000] {processor.py:208} INFO - Processing /opt/airflow/dags/tasks/etl/etl_nds_def.py took 1.154 seconds
[2025-01-27T19:28:59.155+0000] {processor.py:186} INFO - Started process (PID=986) to work on /opt/airflow/dags/tasks/etl/etl_nds_def.py
[2025-01-27T19:28:59.158+0000] {processor.py:914} INFO - Processing file /opt/airflow/dags/tasks/etl/etl_nds_def.py for tasks to queue
[2025-01-27T19:28:59.164+0000] {logging_mixin.py:190} INFO - [2025-01-27T19:28:59.163+0000] {dagbag.py:588} INFO - Filling up the DagBag from /opt/airflow/dags/tasks/etl/etl_nds_def.py
[2025-01-27T19:29:00.373+0000] {processor.py:927} WARNING - No viable dags retrieved from /opt/airflow/dags/tasks/etl/etl_nds_def.py
[2025-01-27T19:29:00.405+0000] {processor.py:208} INFO - Processing /opt/airflow/dags/tasks/etl/etl_nds_def.py took 1.284 seconds
[2025-01-27T19:29:31.183+0000] {processor.py:186} INFO - Started process (PID=999) to work on /opt/airflow/dags/tasks/etl/etl_nds_def.py
[2025-01-27T19:29:31.186+0000] {processor.py:914} INFO - Processing file /opt/airflow/dags/tasks/etl/etl_nds_def.py for tasks to queue
[2025-01-27T19:29:31.196+0000] {logging_mixin.py:190} INFO - [2025-01-27T19:29:31.196+0000] {dagbag.py:588} INFO - Filling up the DagBag from /opt/airflow/dags/tasks/etl/etl_nds_def.py
[2025-01-27T19:29:32.302+0000] {processor.py:927} WARNING - No viable dags retrieved from /opt/airflow/dags/tasks/etl/etl_nds_def.py
[2025-01-27T19:29:32.339+0000] {processor.py:208} INFO - Processing /opt/airflow/dags/tasks/etl/etl_nds_def.py took 1.188 seconds
[2025-01-27T19:30:02.485+0000] {processor.py:186} INFO - Started process (PID=1012) to work on /opt/airflow/dags/tasks/etl/etl_nds_def.py
[2025-01-27T19:30:02.487+0000] {processor.py:914} INFO - Processing file /opt/airflow/dags/tasks/etl/etl_nds_def.py for tasks to queue
[2025-01-27T19:30:02.494+0000] {logging_mixin.py:190} INFO - [2025-01-27T19:30:02.493+0000] {dagbag.py:588} INFO - Filling up the DagBag from /opt/airflow/dags/tasks/etl/etl_nds_def.py
[2025-01-27T19:30:03.678+0000] {processor.py:927} WARNING - No viable dags retrieved from /opt/airflow/dags/tasks/etl/etl_nds_def.py
[2025-01-27T19:30:03.712+0000] {processor.py:208} INFO - Processing /opt/airflow/dags/tasks/etl/etl_nds_def.py took 1.250 seconds
[2025-01-27T19:30:34.352+0000] {processor.py:186} INFO - Started process (PID=1024) to work on /opt/airflow/dags/tasks/etl/etl_nds_def.py
[2025-01-27T19:30:34.354+0000] {processor.py:914} INFO - Processing file /opt/airflow/dags/tasks/etl/etl_nds_def.py for tasks to queue
[2025-01-27T19:30:34.361+0000] {logging_mixin.py:190} INFO - [2025-01-27T19:30:34.360+0000] {dagbag.py:588} INFO - Filling up the DagBag from /opt/airflow/dags/tasks/etl/etl_nds_def.py
[2025-01-27T19:30:35.423+0000] {processor.py:927} WARNING - No viable dags retrieved from /opt/airflow/dags/tasks/etl/etl_nds_def.py
[2025-01-27T19:30:35.449+0000] {processor.py:208} INFO - Processing /opt/airflow/dags/tasks/etl/etl_nds_def.py took 1.122 seconds
[2025-01-27T19:31:06.392+0000] {processor.py:186} INFO - Started process (PID=1038) to work on /opt/airflow/dags/tasks/etl/etl_nds_def.py
[2025-01-27T19:31:06.394+0000] {processor.py:914} INFO - Processing file /opt/airflow/dags/tasks/etl/etl_nds_def.py for tasks to queue
[2025-01-27T19:31:06.401+0000] {logging_mixin.py:190} INFO - [2025-01-27T19:31:06.400+0000] {dagbag.py:588} INFO - Filling up the DagBag from /opt/airflow/dags/tasks/etl/etl_nds_def.py
[2025-01-27T19:31:07.414+0000] {processor.py:927} WARNING - No viable dags retrieved from /opt/airflow/dags/tasks/etl/etl_nds_def.py
[2025-01-27T19:31:07.449+0000] {processor.py:208} INFO - Processing /opt/airflow/dags/tasks/etl/etl_nds_def.py took 1.081 seconds
[2025-01-27T19:31:38.095+0000] {processor.py:186} INFO - Started process (PID=1051) to work on /opt/airflow/dags/tasks/etl/etl_nds_def.py
[2025-01-27T19:31:38.096+0000] {processor.py:914} INFO - Processing file /opt/airflow/dags/tasks/etl/etl_nds_def.py for tasks to queue
[2025-01-27T19:31:38.103+0000] {logging_mixin.py:190} INFO - [2025-01-27T19:31:38.102+0000] {dagbag.py:588} INFO - Filling up the DagBag from /opt/airflow/dags/tasks/etl/etl_nds_def.py
[2025-01-27T19:31:39.232+0000] {processor.py:927} WARNING - No viable dags retrieved from /opt/airflow/dags/tasks/etl/etl_nds_def.py
[2025-01-27T19:31:39.267+0000] {processor.py:208} INFO - Processing /opt/airflow/dags/tasks/etl/etl_nds_def.py took 1.194 seconds
[2025-01-27T19:32:09.496+0000] {processor.py:186} INFO - Started process (PID=1064) to work on /opt/airflow/dags/tasks/etl/etl_nds_def.py
[2025-01-27T19:32:09.498+0000] {processor.py:914} INFO - Processing file /opt/airflow/dags/tasks/etl/etl_nds_def.py for tasks to queue
[2025-01-27T19:32:09.505+0000] {logging_mixin.py:190} INFO - [2025-01-27T19:32:09.504+0000] {dagbag.py:588} INFO - Filling up the DagBag from /opt/airflow/dags/tasks/etl/etl_nds_def.py
[2025-01-27T19:32:10.615+0000] {processor.py:927} WARNING - No viable dags retrieved from /opt/airflow/dags/tasks/etl/etl_nds_def.py
[2025-01-27T19:32:10.651+0000] {processor.py:208} INFO - Processing /opt/airflow/dags/tasks/etl/etl_nds_def.py took 1.183 seconds
[2025-01-27T19:32:41.488+0000] {processor.py:186} INFO - Started process (PID=1078) to work on /opt/airflow/dags/tasks/etl/etl_nds_def.py
[2025-01-27T19:32:41.490+0000] {processor.py:914} INFO - Processing file /opt/airflow/dags/tasks/etl/etl_nds_def.py for tasks to queue
[2025-01-27T19:32:41.497+0000] {logging_mixin.py:190} INFO - [2025-01-27T19:32:41.496+0000] {dagbag.py:588} INFO - Filling up the DagBag from /opt/airflow/dags/tasks/etl/etl_nds_def.py
[2025-01-27T19:32:42.576+0000] {processor.py:927} WARNING - No viable dags retrieved from /opt/airflow/dags/tasks/etl/etl_nds_def.py
[2025-01-27T19:32:42.613+0000] {processor.py:208} INFO - Processing /opt/airflow/dags/tasks/etl/etl_nds_def.py took 1.149 seconds
[2025-01-27T19:33:13.104+0000] {processor.py:186} INFO - Started process (PID=1091) to work on /opt/airflow/dags/tasks/etl/etl_nds_def.py
[2025-01-27T19:33:13.106+0000] {processor.py:914} INFO - Processing file /opt/airflow/dags/tasks/etl/etl_nds_def.py for tasks to queue
[2025-01-27T19:33:13.115+0000] {logging_mixin.py:190} INFO - [2025-01-27T19:33:13.114+0000] {dagbag.py:588} INFO - Filling up the DagBag from /opt/airflow/dags/tasks/etl/etl_nds_def.py
[2025-01-27T19:33:14.285+0000] {processor.py:927} WARNING - No viable dags retrieved from /opt/airflow/dags/tasks/etl/etl_nds_def.py
[2025-01-27T19:33:14.319+0000] {processor.py:208} INFO - Processing /opt/airflow/dags/tasks/etl/etl_nds_def.py took 1.241 seconds
[2025-01-27T19:33:44.763+0000] {processor.py:186} INFO - Started process (PID=1104) to work on /opt/airflow/dags/tasks/etl/etl_nds_def.py
[2025-01-27T19:33:44.765+0000] {processor.py:914} INFO - Processing file /opt/airflow/dags/tasks/etl/etl_nds_def.py for tasks to queue
[2025-01-27T19:33:44.772+0000] {logging_mixin.py:190} INFO - [2025-01-27T19:33:44.771+0000] {dagbag.py:588} INFO - Filling up the DagBag from /opt/airflow/dags/tasks/etl/etl_nds_def.py
[2025-01-27T19:33:45.870+0000] {processor.py:927} WARNING - No viable dags retrieved from /opt/airflow/dags/tasks/etl/etl_nds_def.py
[2025-01-27T19:33:45.896+0000] {processor.py:208} INFO - Processing /opt/airflow/dags/tasks/etl/etl_nds_def.py took 1.156 seconds
[2025-01-27T19:34:16.242+0000] {processor.py:186} INFO - Started process (PID=1117) to work on /opt/airflow/dags/tasks/etl/etl_nds_def.py
[2025-01-27T19:34:16.244+0000] {processor.py:914} INFO - Processing file /opt/airflow/dags/tasks/etl/etl_nds_def.py for tasks to queue
[2025-01-27T19:34:16.250+0000] {logging_mixin.py:190} INFO - [2025-01-27T19:34:16.250+0000] {dagbag.py:588} INFO - Filling up the DagBag from /opt/airflow/dags/tasks/etl/etl_nds_def.py
[2025-01-27T19:34:17.364+0000] {processor.py:927} WARNING - No viable dags retrieved from /opt/airflow/dags/tasks/etl/etl_nds_def.py
[2025-01-27T19:34:17.389+0000] {processor.py:208} INFO - Processing /opt/airflow/dags/tasks/etl/etl_nds_def.py took 1.177 seconds
[2025-01-27T19:34:47.715+0000] {processor.py:186} INFO - Started process (PID=1130) to work on /opt/airflow/dags/tasks/etl/etl_nds_def.py
[2025-01-27T19:34:47.718+0000] {processor.py:914} INFO - Processing file /opt/airflow/dags/tasks/etl/etl_nds_def.py for tasks to queue
[2025-01-27T19:34:47.725+0000] {logging_mixin.py:190} INFO - [2025-01-27T19:34:47.724+0000] {dagbag.py:588} INFO - Filling up the DagBag from /opt/airflow/dags/tasks/etl/etl_nds_def.py
[2025-01-27T19:34:48.906+0000] {processor.py:927} WARNING - No viable dags retrieved from /opt/airflow/dags/tasks/etl/etl_nds_def.py
[2025-01-27T19:34:48.941+0000] {processor.py:208} INFO - Processing /opt/airflow/dags/tasks/etl/etl_nds_def.py took 1.251 seconds
[2025-01-27T19:35:19.264+0000] {processor.py:186} INFO - Started process (PID=1143) to work on /opt/airflow/dags/tasks/etl/etl_nds_def.py
[2025-01-27T19:35:19.267+0000] {processor.py:914} INFO - Processing file /opt/airflow/dags/tasks/etl/etl_nds_def.py for tasks to queue
[2025-01-27T19:35:19.274+0000] {logging_mixin.py:190} INFO - [2025-01-27T19:35:19.273+0000] {dagbag.py:588} INFO - Filling up the DagBag from /opt/airflow/dags/tasks/etl/etl_nds_def.py
[2025-01-27T19:35:20.515+0000] {processor.py:927} WARNING - No viable dags retrieved from /opt/airflow/dags/tasks/etl/etl_nds_def.py
[2025-01-27T19:35:20.549+0000] {processor.py:208} INFO - Processing /opt/airflow/dags/tasks/etl/etl_nds_def.py took 1.309 seconds
[2025-01-27T19:35:51.058+0000] {processor.py:186} INFO - Started process (PID=1156) to work on /opt/airflow/dags/tasks/etl/etl_nds_def.py
[2025-01-27T19:35:51.060+0000] {processor.py:914} INFO - Processing file /opt/airflow/dags/tasks/etl/etl_nds_def.py for tasks to queue
[2025-01-27T19:35:51.067+0000] {logging_mixin.py:190} INFO - [2025-01-27T19:35:51.066+0000] {dagbag.py:588} INFO - Filling up the DagBag from /opt/airflow/dags/tasks/etl/etl_nds_def.py
[2025-01-27T19:35:52.258+0000] {processor.py:927} WARNING - No viable dags retrieved from /opt/airflow/dags/tasks/etl/etl_nds_def.py
[2025-01-27T19:35:52.299+0000] {processor.py:208} INFO - Processing /opt/airflow/dags/tasks/etl/etl_nds_def.py took 1.272 seconds
[2025-01-27T19:36:22.636+0000] {processor.py:186} INFO - Started process (PID=1169) to work on /opt/airflow/dags/tasks/etl/etl_nds_def.py
[2025-01-27T19:36:22.638+0000] {processor.py:914} INFO - Processing file /opt/airflow/dags/tasks/etl/etl_nds_def.py for tasks to queue
[2025-01-27T19:36:22.646+0000] {logging_mixin.py:190} INFO - [2025-01-27T19:36:22.645+0000] {dagbag.py:588} INFO - Filling up the DagBag from /opt/airflow/dags/tasks/etl/etl_nds_def.py
[2025-01-27T19:36:23.809+0000] {processor.py:927} WARNING - No viable dags retrieved from /opt/airflow/dags/tasks/etl/etl_nds_def.py
[2025-01-27T19:36:23.849+0000] {processor.py:208} INFO - Processing /opt/airflow/dags/tasks/etl/etl_nds_def.py took 1.247 seconds
[2025-01-27T19:36:54.487+0000] {processor.py:186} INFO - Started process (PID=1182) to work on /opt/airflow/dags/tasks/etl/etl_nds_def.py
[2025-01-27T19:36:54.597+0000] {processor.py:914} INFO - Processing file /opt/airflow/dags/tasks/etl/etl_nds_def.py for tasks to queue
[2025-01-27T19:36:54.607+0000] {logging_mixin.py:190} INFO - [2025-01-27T19:36:54.606+0000] {dagbag.py:588} INFO - Filling up the DagBag from /opt/airflow/dags/tasks/etl/etl_nds_def.py
