[2025-01-26T22:16:08.447+0000] {local_task_job_runner.py:123} INFO - ::group::Pre task execution logs
[2025-01-26T22:16:08.506+0000] {taskinstance.py:2613} INFO - Dependencies all met for dep_context=non-requeueable deps ti=<TaskInstance: load_gener_data.stg-load scheduled__2025-01-26T22:15:00+00:00 [queued]>
[2025-01-26T22:16:08.533+0000] {taskinstance.py:2613} INFO - Dependencies all met for dep_context=requeueable deps ti=<TaskInstance: load_gener_data.stg-load scheduled__2025-01-26T22:15:00+00:00 [queued]>
[2025-01-26T22:16:08.534+0000] {taskinstance.py:2866} INFO - Starting attempt 1 of 1
[2025-01-26T22:16:08.570+0000] {taskinstance.py:2889} INFO - Executing <Task(PythonOperator): stg-load> on 2025-01-26 22:15:00+00:00
[2025-01-26T22:16:08.587+0000] {warnings.py:112} WARNING - /home/***/.local/lib/python3.12/site-packages/***/task/task_runner/standard_task_runner.py:70: DeprecationWarning: This process (pid=1961) is multi-threaded, use of fork() may lead to deadlocks in the child.
  pid = os.fork()

[2025-01-26T22:16:08.590+0000] {standard_task_runner.py:72} INFO - Started process 1966 to run task
[2025-01-26T22:16:08.592+0000] {standard_task_runner.py:104} INFO - Running: ['***', 'tasks', 'run', 'load_gener_data', 'stg-load', 'scheduled__2025-01-26T22:15:00+00:00', '--job-id', '466', '--raw', '--subdir', 'DAGS_FOLDER/DAG_test_data.py', '--cfg-path', '/tmp/tmpv93pkll9']
[2025-01-26T22:16:08.597+0000] {standard_task_runner.py:105} INFO - Job 466: Subtask stg-load
[2025-01-26T22:16:08.733+0000] {task_command.py:467} INFO - Running <TaskInstance: load_gener_data.stg-load scheduled__2025-01-26T22:15:00+00:00 [running]> on host a664bcf281bf
[2025-01-26T22:16:09.396+0000] {taskinstance.py:3132} INFO - Exporting env vars: AIRFLOW_CTX_DAG_OWNER='***' AIRFLOW_CTX_DAG_ID='load_gener_data' AIRFLOW_CTX_TASK_ID='stg-load' AIRFLOW_CTX_EXECUTION_DATE='2025-01-26T22:15:00+00:00' AIRFLOW_CTX_TRY_NUMBER='1' AIRFLOW_CTX_DAG_RUN_ID='scheduled__2025-01-26T22:15:00+00:00'
[2025-01-26T22:16:09.397+0000] {taskinstance.py:731} INFO - ::endgroup::
[2025-01-26T22:16:09.492+0000] {base.py:84} INFO - Retrieving connection 'DB_connect'
[2025-01-26T22:16:09.579+0000] {python.py:240} INFO - Done. Returned value was: None
[2025-01-26T22:16:09.606+0000] {taskinstance.py:340} INFO - ::group::Post task execution logs
[2025-01-26T22:16:09.607+0000] {taskinstance.py:352} INFO - Marking task as SUCCESS. dag_id=load_gener_data, task_id=stg-load, run_id=scheduled__2025-01-26T22:15:00+00:00, execution_date=20250126T221500, start_date=20250126T221608, end_date=20250126T221609
[2025-01-26T22:16:09.703+0000] {local_task_job_runner.py:266} INFO - Task exited with return code 0
[2025-01-26T22:16:09.766+0000] {taskinstance.py:3895} INFO - 0 downstream tasks scheduled from follow-on schedule check
[2025-01-26T22:16:09.773+0000] {local_task_job_runner.py:245} INFO - ::endgroup::
