[2025-01-26T21:32:07.546+0000] {local_task_job_runner.py:123} INFO - ::group::Pre task execution logs
[2025-01-26T21:32:07.605+0000] {taskinstance.py:2613} INFO - Dependencies all met for dep_context=non-requeueable deps ti=<TaskInstance: load_gener_data.stg-load scheduled__2025-01-26T21:31:00+00:00 [queued]>
[2025-01-26T21:32:07.630+0000] {taskinstance.py:2613} INFO - Dependencies all met for dep_context=requeueable deps ti=<TaskInstance: load_gener_data.stg-load scheduled__2025-01-26T21:31:00+00:00 [queued]>
[2025-01-26T21:32:07.631+0000] {taskinstance.py:2866} INFO - Starting attempt 1 of 1
[2025-01-26T21:32:07.675+0000] {taskinstance.py:2889} INFO - Executing <Task(PythonOperator): stg-load> on 2025-01-26 21:31:00+00:00
[2025-01-26T21:32:07.693+0000] {warnings.py:112} WARNING - /home/***/.local/lib/python3.12/site-packages/***/task/task_runner/standard_task_runner.py:70: DeprecationWarning: This process (pid=1168) is multi-threaded, use of fork() may lead to deadlocks in the child.
  pid = os.fork()

[2025-01-26T21:32:07.697+0000] {standard_task_runner.py:72} INFO - Started process 1170 to run task
[2025-01-26T21:32:07.701+0000] {standard_task_runner.py:104} INFO - Running: ['***', 'tasks', 'run', 'load_gener_data', 'stg-load', 'scheduled__2025-01-26T21:31:00+00:00', '--job-id', '383', '--raw', '--subdir', 'DAGS_FOLDER/DAG_test_data.py', '--cfg-path', '/tmp/tmpbj53wnud']
[2025-01-26T21:32:07.706+0000] {standard_task_runner.py:105} INFO - Job 383: Subtask stg-load
[2025-01-26T21:32:07.844+0000] {task_command.py:467} INFO - Running <TaskInstance: load_gener_data.stg-load scheduled__2025-01-26T21:31:00+00:00 [running]> on host a664bcf281bf
[2025-01-26T21:32:08.531+0000] {taskinstance.py:3132} INFO - Exporting env vars: AIRFLOW_CTX_DAG_OWNER='***' AIRFLOW_CTX_DAG_ID='load_gener_data' AIRFLOW_CTX_TASK_ID='stg-load' AIRFLOW_CTX_EXECUTION_DATE='2025-01-26T21:31:00+00:00' AIRFLOW_CTX_TRY_NUMBER='1' AIRFLOW_CTX_DAG_RUN_ID='scheduled__2025-01-26T21:31:00+00:00'
[2025-01-26T21:32:08.534+0000] {taskinstance.py:731} INFO - ::endgroup::
[2025-01-26T21:32:08.644+0000] {base.py:84} INFO - Retrieving connection 'DB_connect'
[2025-01-26T21:32:08.730+0000] {python.py:240} INFO - Done. Returned value was: None
[2025-01-26T21:32:08.762+0000] {taskinstance.py:340} INFO - ::group::Post task execution logs
[2025-01-26T21:32:08.763+0000] {taskinstance.py:352} INFO - Marking task as SUCCESS. dag_id=load_gener_data, task_id=stg-load, run_id=scheduled__2025-01-26T21:31:00+00:00, execution_date=20250126T213100, start_date=20250126T213207, end_date=20250126T213208
[2025-01-26T21:32:08.859+0000] {local_task_job_runner.py:266} INFO - Task exited with return code 0
[2025-01-26T21:32:08.909+0000] {taskinstance.py:3895} INFO - 0 downstream tasks scheduled from follow-on schedule check
[2025-01-26T21:32:08.912+0000] {local_task_job_runner.py:245} INFO - ::endgroup::
