[2025-02-02T20:07:39.909+0000] {local_task_job_runner.py:123} INFO - ::group::Pre task execution logs
[2025-02-02T20:07:39.964+0000] {taskinstance.py:2613} INFO - Dependencies all met for dep_context=non-requeueable deps ti=<TaskInstance: etl_processing.nds-load scheduled__2025-02-02T20:04:00+00:00 [queued]>
[2025-02-02T20:07:39.987+0000] {taskinstance.py:2613} INFO - Dependencies all met for dep_context=requeueable deps ti=<TaskInstance: etl_processing.nds-load scheduled__2025-02-02T20:04:00+00:00 [queued]>
[2025-02-02T20:07:39.987+0000] {taskinstance.py:2866} INFO - Starting attempt 1 of 1
[2025-02-02T20:07:40.030+0000] {taskinstance.py:2889} INFO - Executing <Task(PythonOperator): nds-load> on 2025-02-02 20:04:00+00:00
[2025-02-02T20:07:40.046+0000] {warnings.py:112} WARNING - /home/***/.local/lib/python3.12/site-packages/***/task/task_runner/standard_task_runner.py:70: DeprecationWarning: This process (pid=1514) is multi-threaded, use of fork() may lead to deadlocks in the child.
  pid = os.fork()

[2025-02-02T20:07:40.052+0000] {standard_task_runner.py:72} INFO - Started process 1516 to run task
[2025-02-02T20:07:40.052+0000] {standard_task_runner.py:104} INFO - Running: ['***', 'tasks', 'run', 'etl_processing', 'nds-load', 'scheduled__2025-02-02T20:04:00+00:00', '--job-id', '698', '--raw', '--subdir', 'DAGS_FOLDER/DAG_etl.py', '--cfg-path', '/tmp/tmpottiuhrk']
[2025-02-02T20:07:40.057+0000] {standard_task_runner.py:105} INFO - Job 698: Subtask nds-load
[2025-02-02T20:07:40.194+0000] {task_command.py:467} INFO - Running <TaskInstance: etl_processing.nds-load scheduled__2025-02-02T20:04:00+00:00 [running]> on host a664bcf281bf
[2025-02-02T20:07:40.882+0000] {taskinstance.py:3132} INFO - Exporting env vars: AIRFLOW_CTX_DAG_OWNER='***' AIRFLOW_CTX_DAG_ID='etl_processing' AIRFLOW_CTX_TASK_ID='nds-load' AIRFLOW_CTX_EXECUTION_DATE='2025-02-02T20:04:00+00:00' AIRFLOW_CTX_TRY_NUMBER='1' AIRFLOW_CTX_DAG_RUN_ID='scheduled__2025-02-02T20:04:00+00:00'
[2025-02-02T20:07:40.884+0000] {taskinstance.py:731} INFO - ::endgroup::
[2025-02-02T20:07:41.017+0000] {base.py:84} INFO - Retrieving connection 'DB_connect'
[2025-02-02T20:07:41.437+0000] {base.py:84} INFO - Retrieving connection 'DB_connect'
[2025-02-02T20:07:41.593+0000] {base.py:84} INFO - Retrieving connection 'DB_connect'
[2025-02-02T20:07:41.730+0000] {base.py:84} INFO - Retrieving connection 'DB_connect'
[2025-02-02T20:07:41.893+0000] {base.py:84} INFO - Retrieving connection 'DB_connect'
[2025-02-02T20:07:42.021+0000] {base.py:84} INFO - Retrieving connection 'DB_connect'
[2025-02-02T20:07:42.161+0000] {base.py:84} INFO - Retrieving connection 'DB_connect'
[2025-02-02T20:07:42.282+0000] {base.py:84} INFO - Retrieving connection 'DB_connect'
[2025-02-02T20:07:43.053+0000] {python.py:240} INFO - Done. Returned value was: None
[2025-02-02T20:07:43.087+0000] {taskinstance.py:340} INFO - ::group::Post task execution logs
[2025-02-02T20:07:43.088+0000] {taskinstance.py:352} INFO - Marking task as SUCCESS. dag_id=etl_processing, task_id=nds-load, run_id=scheduled__2025-02-02T20:04:00+00:00, execution_date=20250202T200400, start_date=20250202T200739, end_date=20250202T200743
[2025-02-02T20:07:43.193+0000] {local_task_job_runner.py:266} INFO - Task exited with return code 0
[2025-02-02T20:07:43.285+0000] {taskinstance.py:3895} INFO - 1 downstream tasks scheduled from follow-on schedule check
[2025-02-02T20:07:43.288+0000] {local_task_job_runner.py:245} INFO - ::endgroup::
